\BOOKMARK [-1][-]{part.1}{\376\377\000I\000\040\000G\000r\000o\000u\000p\000s}{}% 1
\BOOKMARK [0][-]{chapter.1}{\376\377\000G\000r\000o\000u\000p\000s\000:\000\040\000a\000n\000\040\000i\000n\000t\000r\000o\000d\000u\000c\000t\000i\000o\000n}{part.1}% 2
\BOOKMARK [1][-]{section.1.1}{\376\377\000D\000e\000f\000i\000n\000i\000t\000i\000o\000n\000s\000\040\000a\000n\000d\000\040\000f\000i\000r\000s\000t\000\040\000e\000x\000a\000m\000p\000l\000e\000s}{chapter.1}% 3
\BOOKMARK [1][-]{section.1.2}{\376\377\000P\000e\000r\000m\000u\000t\000a\000t\000i\000o\000n\000\040\000g\000r\000o\000u\000p\000s}{chapter.1}% 4
\BOOKMARK [1][-]{section.1.3}{\376\377\000D\000i\000h\000e\000d\000r\000a\000l\000\040\000g\000r\000o\000u\000p\000s}{chapter.1}% 5
\BOOKMARK [1][-]{section.1.4}{\376\377\000T\000h\000e\000\040\000q\000u\000a\000t\000e\000r\000n\000i\000o\000n\000s}{chapter.1}% 6
\BOOKMARK [1][-]{section.1.5}{\376\377\000G\000r\000o\000u\000p\000\040\000h\000o\000m\000o\000m\000o\000r\000p\000h\000i\000s\000m\000s}{chapter.1}% 7
\BOOKMARK [0][-]{chapter.2}{\376\377\000G\000r\000o\000u\000p\000\040\000a\000c\000t\000i\000o\000n\000s\000:\000\040\000a\000\040\000f\000i\000r\000s\000t\000\040\000l\000o\000o\000k}{part.1}% 8
\BOOKMARK [1][-]{section.2.1}{\376\377\000W\000h\000a\000t\000\040\000i\000s\000\040\000a\000\040\000g\000r\000o\000u\000p\000\040\000a\000c\000t\000i\000o\000n\000?}{chapter.2}% 9
\BOOKMARK [1][-]{section.2.2}{\376\377\000E\000x\000a\000m\000p\000l\000e\000s\000\040\000o\000f\000\040\000g\000r\000o\000u\000p\000\040\000a\000c\000t\000i\000o\000n\000s}{chapter.2}% 10
\BOOKMARK [0][-]{chapter.3}{\376\377\000S\000u\000b\000g\000r\000o\000u\000p\000s}{part.1}% 11
\BOOKMARK [1][-]{section.3.1}{\376\377\000D\000e\000f\000i\000n\000i\000t\000i\000o\000n\000\040\000a\000n\000d\000\040\000e\000x\000a\000m\000p\000l\000e\000s}{chapter.3}% 12
\BOOKMARK [1][-]{section.3.2}{\376\377\000S\000u\000b\000g\000r\000o\000u\000p\000s\000\040\000v\000s\000\040\000i\000s\000o\000m\000o\000r\000p\000h\000i\000s\000m\000\040\000i\000n\000v\000a\000r\000i\000a\000n\000t\000s}{chapter.3}% 13
\BOOKMARK [1][-]{section.3.3}{\376\377\000C\000y\000c\000l\000i\000c\000\040\000g\000r\000o\000u\000p\000s}{chapter.3}% 14
\BOOKMARK [0][-]{chapter.4}{\376\377\000Q\000u\000o\000t\000i\000e\000n\000t\000\040\000g\000r\000o\000u\000p\000s}{part.1}% 15
\BOOKMARK [1][-]{section.4.1}{\376\377\000E\000q\000u\000i\000v\000a\000l\000e\000n\000c\000e\000\040\000r\000e\000l\000a\000t\000i\000o\000n\000s\000\040\000o\000n\000\040\000a\000\040\000g\000r\000o\000u\000p\000\040\000a\000n\000d\000\040\000c\000o\000s\000e\000t\000s}{chapter.4}% 16
\BOOKMARK [1][-]{section.4.2}{\376\377\000N\000o\000r\000m\000a\000l\000\040\000s\000u\000b\000g\000r\000o\000u\000p\000s}{chapter.4}% 17
\BOOKMARK [1][-]{section.4.3}{\376\377\000Q\000u\000o\000t\000i\000e\000n\000t\000\040\000g\000r\000o\000u\000p\000s}{chapter.4}% 18
\BOOKMARK [1][-]{section.4.4}{\376\377\000T\000h\000e\000\040\000I\000s\000o\000m\000o\000r\000p\000h\000i\000s\000m\000\040\000T\000h\000e\000o\000r\000e\000m\000s\000\040\000f\000o\000r\000\040\000g\000r\000o\000u\000p\000s}{chapter.4}% 19
\BOOKMARK [1][-]{section.4.5}{\376\377\000P\000r\000e\000s\000e\000n\000t\000a\000t\000i\000o\000n\000s\000\040\000a\000s\000\040\000q\000u\000o\000t\000i\000e\000n\000t\000\040\000g\000r\000o\000u\000p\000s}{chapter.4}% 20
\BOOKMARK [0][-]{chapter.5}{\376\377\000G\000r\000o\000u\000p\000\040\000a\000c\000t\000i\000o\000n\000s\000.\000.\000.\000\040\000i\000n\000\040\000a\000c\000t\000i\000o\000n}{part.1}% 21
\BOOKMARK [1][-]{section.5.1}{\376\377\000O\000r\000b\000i\000t\000s\000\040\000a\000n\000d\000\040\000S\000t\000a\000b\000i\000l\000i\000z\000e\000r\000s}{chapter.5}% 22
\BOOKMARK [1][-]{section.5.2}{\376\377\000T\000h\000e\000\040\000c\000l\000a\000s\000s\000\040\000e\000q\000u\000a\000t\000i\000o\000n}{chapter.5}% 23
\BOOKMARK [1][-]{section.5.3}{\376\377\000T\000h\000e\000\040\000a\000l\000t\000e\000r\000n\000a\000t\000i\000n\000g\000\040\000g\000r\000o\000u\000p}{chapter.5}% 24
\BOOKMARK [1][-]{section.5.4}{\376\377\000O\000t\000h\000e\000r\000\040\000g\000r\000o\000u\000p\000\040\000a\000c\000t\000i\000o\000n\000s\000\040\000w\000i\000t\000h\000\040\000a\000p\000p\000l\000i\000c\000a\000t\000i\000o\000n\000s}{chapter.5}% 25
\BOOKMARK [0][-]{chapter.6}{\376\377\000S\000y\000l\000o\000w\000\040\000T\000h\000e\000o\000r\000y}{part.1}% 26
\BOOKMARK [1][-]{section.6.1}{\376\377\000C\000a\000u\000c\000h\000y\000'\000s\000\040\000T\000h\000e\000o\000r\000e\000m}{chapter.6}% 27
\BOOKMARK [1][-]{section.6.2}{\376\377\000T\000h\000e\000\040\000M\000a\000i\000n\000\040\000T\000h\000e\000o\000r\000e\000m\000\040\000o\000f\000\040\000S\000y\000l\000o\000w\000\040\000T\000h\000e\000o\000r\000y}{chapter.6}% 28
\BOOKMARK [1][-]{section.6.3}{\376\377\000U\000s\000i\000n\000g\000\040\000S\000y\000l\000o\000w\000\040\000T\000h\000e\000o\000r\000y}{chapter.6}% 29
\BOOKMARK [0][-]{chapter.7}{\376\377\000P\000r\000o\000d\000u\000c\000t\000s\000\040\000a\000n\000d\000\040\000f\000i\000n\000i\000t\000e\000l\000y\000\040\000g\000e\000n\000e\000r\000a\000t\000e\000d\000\040\000a\000b\000e\000l\000i\000a\000n\000\040\000g\000r\000o\000u\000p\000s}{part.1}% 30
\BOOKMARK [1][-]{section.7.1}{\376\377\000D\000i\000r\000e\000c\000t\000\040\000p\000r\000o\000d\000u\000c\000t\000s\000\040\000o\000f\000\040\000g\000r\000o\000u\000p\000s}{chapter.7}% 31
\BOOKMARK [1][-]{section.7.2}{\376\377\000S\000e\000m\000i\000d\000i\000r\000e\000c\000t\000\040\000p\000r\000o\000d\000u\000c\000t\000s}{chapter.7}% 32
\BOOKMARK [1][-]{section.7.3}{\376\377\000F\000i\000n\000i\000t\000e\000l\000y\000\040\000g\000e\000n\000e\000r\000a\000t\000e\000d\000\040\000g\000r\000o\000u\000p\000s}{chapter.7}% 33
\BOOKMARK [1][-]{section.7.4}{\376\377\000C\000l\000a\000s\000s\000i\000f\000y\000i\000n\000g\000\040\000f\000i\000n\000i\000t\000e\000\040\000g\000r\000o\000u\000p\000s\000\040\000o\000f\000\040\000a\000\040\000g\000i\000v\000e\000n\000\040\000o\000r\000d\000e\000r}{chapter.7}% 34
\BOOKMARK [-1][-]{part.2}{\376\377\000I\000I\000\040\000R\000i\000n\000g\000s}{}% 35
\BOOKMARK [0][-]{chapter.8}{\376\377\000A\000n\000\040\000i\000n\000t\000r\000o\000d\000u\000c\000t\000i\000o\000n\000\040\000t\000o\000\040\000r\000i\000n\000g\000\040\000t\000h\000e\000o\000r\000y}{part.2}% 36
\BOOKMARK [1][-]{section.8.1}{\376\377\000D\000e\000f\000i\000n\000i\000t\000i\000o\000n\000s\000\040\000a\000n\000d\000\040\000e\000x\000a\000m\000p\000l\000e\000s}{chapter.8}% 37
\BOOKMARK [1][-]{section.8.2}{\376\377\000U\000n\000i\000t\000s\000\040\000a\000n\000d\000\040\000z\000e\000r\000o\000d\000i\000v\000i\000s\000o\000r\000s}{chapter.8}% 38
\BOOKMARK [1][-]{section.8.3}{\376\377\000S\000u\000b\000r\000i\000n\000g\000s}{chapter.8}% 39
\BOOKMARK [1][-]{section.8.4}{\376\377\000I\000d\000e\000a\000l\000s}{chapter.8}% 40
\BOOKMARK [1][-]{section.8.5}{\376\377\000H\000o\000m\000o\000m\000o\000r\000p\000h\000i\000s\000m\000s}{chapter.8}% 41
\BOOKMARK [1][-]{section.8.6}{\376\377\000Q\000u\000o\000t\000i\000e\000n\000t\000\040\000r\000i\000n\000g\000s}{chapter.8}% 42
\BOOKMARK [1][-]{section.8.7}{\376\377\000T\000h\000e\000\040\000I\000s\000o\000m\000o\000r\000p\000h\000i\000s\000m\000\040\000T\000h\000e\000o\000r\000e\000m\000s\000\040\000f\000o\000r\000\040\000r\000i\000n\000g\000s}{chapter.8}% 43
\BOOKMARK [1][-]{section.8.8}{\376\377\000P\000r\000i\000m\000e\000\040\000a\000n\000d\000\040\000m\000a\000x\000i\000m\000a\000l\000\040\000i\000d\000e\000a\000l\000s\000\040\000i\000n\000\040\000c\000o\000m\000m\000u\000t\000a\000t\000i\000v\000e\000\040\000r\000i\000n\000g\000s}{chapter.8}% 44
\BOOKMARK [0][-]{chapter.9}{\376\377\000N\000i\000c\000e\000\040\000d\000o\000m\000a\000i\000n\000s}{part.2}% 45
\BOOKMARK [1][-]{section.9.1}{\376\377\000E\000u\000c\000l\000i\000d\000e\000a\000n\000\040\000d\000o\000m\000a\000i\000n\000s}{chapter.9}% 46
\BOOKMARK [1][-]{section.9.2}{\376\377\000P\000r\000i\000n\000c\000i\000p\000a\000l\000\040\000i\000d\000e\000a\000l\000\040\000d\000o\000m\000a\000i\000n\000s\000\040\000\050\000P\000I\000D\000s\000\051}{chapter.9}% 47
\BOOKMARK [1][-]{section.9.3}{\376\377\000U\000n\000i\000q\000u\000e\000\040\000f\000a\000c\000t\000o\000r\000i\000z\000a\000t\000i\000o\000n\000\040\000d\000o\000m\000a\000i\000n\000s\000\040\000\050\000U\000F\000D\000s\000\051}{chapter.9}% 48
\BOOKMARK [0][-]{chapter.10}{\376\377\000P\000o\000l\000y\000n\000o\000m\000i\000a\000l\000s\000\040\000a\000n\000d\000\040\000i\000r\000r\000e\000d\000u\000c\000i\000b\000i\000l\000i\000t\000y}{part.2}% 49
\BOOKMARK [1][-]{section.10.1}{\376\377\000G\000a\000u\000s\000s\000'\000\040\000L\000e\000m\000m\000a}{chapter.10}% 50
\BOOKMARK [1][-]{section.10.2}{\376\377\000E\000i\000s\000e\000n\000s\000t\000e\000i\000n\000'\000s\000\040\000C\000r\000i\000t\000e\000r\000i\000o\000n}{chapter.10}% 51
\BOOKMARK [1][-]{section.10.3}{\376\377\000A\000p\000p\000l\000i\000c\000a\000t\000i\000o\000n\000s\000\040\000o\000f\000\040\000G\000a\000u\000s\000s\000'\000\040\000L\000e\000m\000m\000a}{chapter.10}% 52
\BOOKMARK [-1][-]{part.3}{\376\377\000I\000I\000I\000\040\000M\000o\000d\000u\000l\000e\000s}{}% 53
\BOOKMARK [0][-]{chapter.11}{\376\377\000M\000o\000d\000u\000l\000e\000s}{part.3}% 54
\BOOKMARK [1][-]{section.11.1}{\376\377\000M\000o\000d\000u\000l\000e\000s\000:\000\040\000d\000e\000f\000i\000n\000i\000t\000i\000o\000n\000\040\000a\000n\000d\000\040\000e\000x\000a\000m\000p\000l\000e\000s}{chapter.11}% 55
\BOOKMARK [1][-]{section.11.2}{\376\377\000S\000u\000b\000m\000o\000d\000u\000l\000e\000s\000\040\000a\000n\000d\000\040\000r\000e\000s\000t\000r\000i\000c\000t\000i\000o\000n\000\040\000o\000f\000\040\000s\000c\000a\000l\000a\000r\000s}{chapter.11}% 56
\BOOKMARK [1][-]{section.11.3}{\376\377\000M\000o\000d\000u\000l\000e\000\040\000h\000o\000m\000o\000m\000o\000r\000p\000h\000i\000s\000m\000s\000\040\000a\000n\000d\000\040\000i\000s\000o\000m\000o\000r\000p\000h\000i\000s\000m\000s}{chapter.11}% 57
\BOOKMARK [1][-]{section.11.4}{\376\377\000M\000o\000d\000u\000l\000e\000\040\000g\000e\000n\000e\000r\000a\000t\000o\000r\000s\000,\000\040\000b\000a\000s\000e\000s\000\040\000a\000n\000d\000\040\000f\000r\000e\000e\000\040\000m\000o\000d\000u\000l\000e\000s}{chapter.11}% 58
\BOOKMARK [0][-]{chapter.12}{\376\377\000V\000e\000c\000t\000o\000r\000\040\000s\000p\000a\000c\000e\000s\000\040\000a\000n\000d\000\040\000l\000i\000n\000e\000a\000r\000\040\000t\000r\000a\000n\000s\000f\000o\000r\000m\000a\000t\000i\000o\000n\000s}{part.3}% 59
\BOOKMARK [1][-]{section.12.1}{\376\377\000C\000l\000a\000s\000s\000i\000f\000i\000c\000a\000t\000i\000o\000n\000\040\000o\000f\000\040\000v\000e\000c\000t\000o\000r\000\040\000s\000p\000a\000c\000e\000s\000\040\000a\000n\000d\000\040\000d\000i\000m\000e\000n\000s\000i\000o\000n}{chapter.12}% 60
\BOOKMARK [1][-]{section.12.2}{\376\377\000L\000i\000n\000e\000a\000r\000\040\000t\000r\000a\000n\000s\000f\000o\000r\000m\000a\000t\000i\000o\000n\000s\000\040\000a\000n\000d\000\040\000h\000o\000m\000o\000m\000o\000r\000p\000h\000i\000s\000m\000s\000\040\000b\000e\000t\000w\000e\000e\000n\000\040\000f\000r\000e\000e\000\040\000m\000o\000d\000u\000l\000e\000s}{chapter.12}% 61
\BOOKMARK [1][-]{section.12.3}{\376\377\000C\000h\000a\000n\000g\000e\000\040\000o\000f\000\040\000b\000a\000s\000i\000s}{chapter.12}% 62
\BOOKMARK [1][-]{section.12.4}{\376\377\000A\000\040\000w\000a\000r\000n\000i\000n\000g\000\040\000o\000n\000\040\000t\000h\000e\000\040\000d\000i\000f\000f\000e\000r\000e\000n\000c\000e\000s\000\040\000b\000e\000t\000w\000e\000e\000n\000\040\000v\000e\000c\000t\000o\000r\000\040\000s\000p\000a\000c\000e\000s\000\040\000a\000n\000d\000\040\000g\000e\000n\000e\000r\000a\000l\000\040\000f\000r\000e\000e\000\040\000m\000o\000d\000u\000l\000e\000s}{chapter.12}% 63
\BOOKMARK [0][-]{chapter.13}{\376\377\000F\000i\000n\000i\000t\000e\000l\000y\000\040\000g\000e\000n\000e\000r\000a\000t\000e\000d\000\040\000m\000o\000d\000u\000l\000e\000s\000\040\000o\000v\000e\000r\000\040\000P\000I\000D\000s}{part.3}% 64
\BOOKMARK [1][-]{section.13.1}{\376\377\000E\000v\000e\000r\000y\000\040\000m\000o\000d\000u\000l\000e\000\040\000i\000s\000\040\000a\000\040\000q\000u\000o\000t\000i\000e\000n\000t\000\040\000o\000f\000\040\000a\000\040\000f\000r\000e\000e\000\040\000m\000o\000d\000u\000l\000e}{chapter.13}% 65
\BOOKMARK [1][-]{section.13.2}{\376\377\000P\000r\000e\000s\000e\000n\000t\000a\000t\000i\000o\000n\000s\000\040\000o\000f\000\040\000m\000o\000d\000u\000l\000e\000s}{chapter.13}% 66
\BOOKMARK [1][-]{section.13.3}{\376\377\000C\000l\000a\000s\000s\000i\000f\000i\000c\000a\000t\000i\000o\000n\000\040\000o\000f\000\040\000f\000i\000n\000i\000t\000e\000l\000y\000\040\000g\000e\000n\000e\000r\000a\000t\000e\000d\000\040\000m\000o\000d\000u\000l\000e\000s\000\040\000o\000v\000e\000r\000\040\000P\000I\000D\000s}{chapter.13}% 67
\BOOKMARK [0][-]{chapter.14}{\376\377\000C\000a\000n\000o\000n\000i\000c\000a\000l\000\040\000f\000o\000r\000m\000s\000\040\000f\000o\000r\000\040\000e\000n\000d\000o\000m\000o\000r\000p\000h\000i\000s\000m\000s}{part.3}% 68
\BOOKMARK [1][-]{section.14.1}{\376\377\000R\000a\000t\000i\000o\000n\000a\000l\000\040\000c\000a\000n\000o\000n\000i\000c\000a\000l\000\040\000f\000o\000r\000m}{chapter.14}% 69
\BOOKMARK [1][-]{section.14.2}{\376\377\000T\000h\000e\000\040\000C\000a\000y\000l\000e\000y\000-\000H\000a\000m\000i\000l\000t\000o\000n\000\040\000T\000h\000e\000o\000r\000e\000m}{chapter.14}% 70
\BOOKMARK [1][-]{section.14.3}{\376\377\000J\000o\000r\000d\000a\000n\000\040\000c\000a\000n\000o\000n\000i\000c\000a\000l\000\040\000f\000o\000r\000m}{chapter.14}% 71
\BOOKMARK [-1][-]{part.4}{\376\377\000I\000V\000\040\000F\000i\000e\000l\000d\000s\000\040\000a\000n\000d\000\040\000G\000a\000l\000o\000i\000s\000\040\000T\000h\000e\000o\000r\000y}{}% 72
\BOOKMARK [0][-]{chapter.15}{\376\377\000F\000i\000e\000l\000d\000\040\000E\000x\000t\000e\000n\000s\000i\000o\000n\000s}{part.4}% 73
\BOOKMARK [1][-]{section.15.1}{\376\377\000D\000e\000f\000i\000n\000i\000t\000i\000o\000n\000\040\000a\000n\000d\000\040\000f\000i\000r\000s\000t\000\040\000p\000r\000o\000p\000e\000r\000t\000i\000e\000s}{chapter.15}% 74
\BOOKMARK [1][-]{section.15.2}{\376\377\000A\000l\000g\000e\000b\000r\000a\000i\000c\000\040\000a\000n\000d\000\040\000t\000r\000a\000n\000s\000c\000e\000n\000d\000e\000n\000t\000a\000l\000\040\000e\000x\000t\000e\000n\000s\000i\000o\000n\000s}{chapter.15}% 75
\BOOKMARK [1][-]{section.15.3}{\376\377\000A\000l\000g\000e\000b\000r\000a\000i\000c\000a\000l\000l\000y\000\040\000c\000l\000o\000s\000e\000d\000\040\000f\000i\000e\000l\000d\000s\000\040\000a\000n\000d\000\040\000a\000l\000g\000e\000b\000r\000a\000i\000c\000\040\000c\000l\000o\000s\000u\000r\000e}{chapter.15}% 76
\BOOKMARK [1][-]{section.15.4}{\376\377\000S\000p\000l\000i\000t\000t\000i\000n\000g\000\040\000f\000i\000e\000l\000d\000s}{chapter.15}% 77
\BOOKMARK [1][-]{section.15.5}{\376\377\000S\000e\000p\000a\000r\000a\000b\000i\000l\000i\000t\000y}{chapter.15}% 78
\BOOKMARK [0][-]{chapter.16}{\376\377\000G\000a\000l\000o\000i\000s\000\040\000t\000h\000e\000o\000r\000y}{part.4}% 79
\BOOKMARK [1][-]{section.16.1}{\376\377\000G\000r\000o\000u\000p\000\040\000a\000c\000t\000i\000o\000n\000s\000\040\000o\000n\000\040\000f\000i\000e\000l\000d\000\040\000e\000x\000t\000e\000n\000s\000i\000o\000n\000s}{chapter.16}% 80
\BOOKMARK [1][-]{section.16.2}{\376\377\000A\000u\000t\000o\000m\000o\000r\000p\000h\000i\000s\000m\000\040\000g\000r\000o\000u\000p\000s\000\040\000o\000f\000\040\000f\000i\000n\000i\000t\000e\000\040\000f\000i\000e\000l\000d\000\040\000e\000x\000t\000e\000n\000s\000i\000o\000n\000s}{chapter.16}% 81
\BOOKMARK [1][-]{section.16.3}{\376\377\000T\000h\000e\000\040\000F\000u\000n\000d\000a\000m\000e\000n\000t\000a\000l\000\040\000T\000h\000e\000o\000r\000e\000m\000\040\000o\000f\000\040\000G\000a\000l\000o\000i\000s\000\040\000T\000h\000e\000o\000r\000y}{chapter.16}% 82
\BOOKMARK [1][-]{section.16.4}{\376\377\000S\000o\000l\000v\000a\000b\000l\000e\000\040\000p\000o\000l\000y\000n\000o\000m\000i\000a\000l\000s\000\040\000a\000n\000d\000\040\000s\000o\000l\000v\000a\000b\000l\000e\000\040\000g\000r\000o\000u\000p\000s}{chapter.16}% 83
\BOOKMARK [1][-]{section.16.5}{\376\377\000T\000h\000e\000\040\000p\000r\000i\000m\000i\000t\000i\000v\000e\000\040\000e\000l\000e\000m\000e\000n\000t\000\040\000t\000h\000e\000o\000r\000e\000m}{chapter.16}% 84
\BOOKMARK [1][-]{section.16.6}{\376\377\000T\000h\000e\000\040\000p\000r\000o\000o\000f\000\040\000o\000f\000\040\000A\000r\000t\000i\000n\000'\000s\000\040\000T\000h\000e\000o\000r\000e\000m}{chapter.16}% 85
\BOOKMARK [0][-]{section*.4}{\376\377\000I\000n\000d\000e\000x}{part.4}% 86
