\BOOKMARK [1][-]{section*.2}{\376\377\000I\000n\000t\000r\000o\000d\000u\000c\000t\000i\000o\000n}{}% 1
\BOOKMARK [1][-]{section.1}{\376\377\0001\000.\000\040\000R\000i\000n\000g\000s\000,\000\040\000I\000d\000e\000a\000l\000s\000,\000\040\000a\000n\000d\000\040\000M\000o\000d\000u\000l\000e\000s}{}% 2
\BOOKMARK [2][-]{subsection.1.1}{\376\377\0001\000.\0001\000.\000\040\000R\000i\000n\000g\000s\000:\000\040\000L\000e\000c\000t\000u\000r\000e\000\040\000N\000o\000t\000e\000s\000\040\000\247\0000\000.\0001}{section.1}% 3
\BOOKMARK [2][-]{subsection.1.2}{\376\377\0001\000.\0002\000.\000\040\000I\000d\000e\000a\000l\000s\000:\000\040\000L\000e\000c\000t\000u\000r\000e\000\040\000N\000o\000t\000e\000s\000\040\000\247\0000\000.\0001}{section.1}% 4
\BOOKMARK [2][-]{subsection.1.3}{\376\377\0001\000.\0003\000.\000\040\000A\000l\000g\000e\000b\000r\000a\000s\000:\000\040\000L\000e\000c\000t\000u\000r\000e\000\040\000N\000o\000t\000e\000s\000\040\000\247\0001\000.\0002}{section.1}% 5
\BOOKMARK [2][-]{section*.22}{\376\377\0001\000.\000m\000\040\000\040\000\040\000M\000a\000c\000a\000u\000l\000a\000y\0002\000\040\000I\000n\000t\000r\000o\000d\000u\000c\000t\000i\000o\000n\000:\000\040\000L\000e\000c\000t\000u\000r\000e\000\040\000N\000o\000t\000e\000s\000\040\000\247\000A\000.\0001}{section.1}% 6
\BOOKMARK [2][-]{subsection.1.4}{\376\377\0001\000.\0004\000.\000\040\000M\000o\000d\000u\000l\000e\000s\000:\000\040\000L\000e\000c\000t\000u\000r\000e\000\040\000N\000o\000t\000e\000s\000\040\000\247\0000\000.\0002\000,\000\040\000\247\0001\000.\0001}{section.1}% 7
\BOOKMARK [2][-]{subsection.1.5}{\376\377\0001\000.\0005\000.\000\040\000D\000e\000t\000e\000r\000m\000i\000n\000a\000n\000t\000s}{section.1}% 8
\BOOKMARK [1][-]{section.2}{\376\377\0002\000.\000\040\000F\000i\000n\000i\000t\000e\000n\000e\000s\000s\000\040\000c\000o\000n\000d\000i\000t\000i\000o\000n\000s}{}% 9
\BOOKMARK [2][-]{subsection.2.6}{\376\377\0002\000.\0006\000.\000\040\000A\000l\000g\000e\000b\000r\000a\000-\000f\000i\000n\000i\000t\000e\000\040\000a\000n\000d\000\040\000m\000o\000d\000u\000l\000e\000-\000f\000i\000n\000i\000t\000e\000\040\000m\000a\000p\000s\000:\000\040\000L\000e\000c\000t\000u\000r\000e\000\040\000N\000o\000t\000e\000s\000\040\000\247\0001\000.\0003\000,\000\040\0001\000.\0004}{section.2}% 10
\BOOKMARK [2][-]{subsection.2.7}{\376\377\0002\000.\0007\000.\000\040\000I\000n\000t\000e\000g\000r\000a\000l\000\040\000e\000x\000t\000e\000n\000s\000i\000o\000n\000s\000:\000\040\000L\000e\000c\000t\000u\000r\000e\000\040\000N\000o\000t\000e\000s\000\040\000\247\0001\000.\0004}{section.2}% 11
\BOOKMARK [2][-]{subsection.2.8}{\376\377\0002\000.\0008\000.\000\040\000U\000F\000D\000s\000\040\000a\000n\000d\000\040\000i\000n\000t\000e\000g\000r\000a\000l\000\040\000c\000l\000o\000s\000u\000r\000e}{section.2}% 12
\BOOKMARK [2][-]{subsection.2.9}{\376\377\0002\000.\0009\000.\000\040\000N\000o\000e\000t\000h\000e\000r\000i\000a\000n\000\040\000r\000i\000n\000g\000s\000:\000\040\000L\000e\000c\000t\000u\000r\000e\000\040\000N\000o\000t\000e\000s\000\040\000\247\0001\000.\0006}{section.2}% 13
\BOOKMARK [2][-]{subsection.2.10}{\376\377\0002\000.\0001\0000\000.\000\040\000N\000o\000e\000t\000h\000e\000r\000i\000a\000n\000\040\000m\000o\000d\000u\000l\000e\000s\000:\000\040\000L\000e\000c\000t\000u\000r\000e\000\040\000N\000o\000t\000e\000s\000\040\000\247\0001\000.\0006}{section.2}% 14
\BOOKMARK [1][-]{section.3}{\376\377\0003\000.\000\040\000G\000r\000a\000d\000e\000d\000\040\000r\000i\000n\000g\000s}{}% 15
\BOOKMARK [2][-]{subsection.3.11}{\376\377\0003\000.\0001\0001\000.\000\040\000G\000r\000a\000d\000e\000d\000\040\000r\000i\000n\000g\000s\000:\000\040\000L\000e\000c\000t\000u\000r\000e\000\040\000N\000o\000t\000e\000s\000\040\000\247\0002\000.\0001}{section.3}% 16
\BOOKMARK [2][-]{subsection.3.12}{\376\377\0003\000.\0001\0002\000.\000\040\000G\000r\000a\000d\000e\000d\000\040\000m\000o\000d\000u\000l\000e\000s\000:\000\040\000L\000e\000c\000t\000u\000r\000e\000\040\000N\000o\000t\000e\000s\000\040\000\247\0002\000.\0001}{section.3}% 17
\BOOKMARK [2][-]{subsection.3.13}{\376\377\0003\000.\0001\0003\000.\000\040\000F\000i\000n\000i\000t\000e\000n\000e\000s\000s\000\040\000t\000h\000e\000o\000r\000e\000m\000\040\000f\000o\000r\000\040\000i\000n\000v\000a\000r\000i\000a\000n\000t\000\040\000r\000i\000n\000g\000s\000:\000\040\000L\000e\000c\000t\000u\000r\000e\000\040\000N\000o\000t\000e\000s\000\040\000\247\0002\000.\0002\000,\000\040\000\247\0002\000.\0003}{section.3}% 18
\BOOKMARK [2][-]{subsection.3.14}{\376\377\0003\000.\0001\0004\000.\000\040\000R\000e\000e\000s\000\040\000r\000i\000n\000g\000s\000\040\000a\000n\000d\000\040\000A\000r\000t\000i\000n\000-\000R\000e\000e\000s}{section.3}% 19
\BOOKMARK [1][-]{section.4}{\376\377\0004\000.\000\040\000N\000u\000l\000l\000s\000t\000e\000l\000l\000e\000n\000s\000a\000t\000z\000\040\000a\000n\000d\000\040\000s\000p\000e\000c\000t\000r\000u\000m}{}% 20
\BOOKMARK [2][-]{subsection.4.15}{\376\377\0004\000.\0001\0005\000.\000\040\000N\000o\000e\000t\000h\000e\000r\000\040\000n\000o\000r\000m\000a\000l\000i\000z\000a\000t\000i\000o\000n\000:\000\040\000L\000e\000c\000t\000u\000r\000e\000\040\000N\000o\000t\000e\000s\000\040\000\247\0007\000.\0003}{section.4}% 21
\BOOKMARK [2][-]{subsection.4.16}{\376\377\0004\000.\0001\0006\000.\000\040\000N\000u\000l\000l\000s\000t\000e\000l\000l\000e\000n\000s\000a\000t\000z\000:\000\040\000L\000e\000c\000t\000u\000r\000e\000\040\000N\000o\000t\000e\000s\000\040\000\247\0004\000.\0003}{section.4}% 22
\BOOKMARK [2][-]{subsection.4.17}{\376\377\0004\000.\0001\0007\000.\000\040\000S\000t\000r\000o\000n\000g\000\040\000N\000u\000l\000l\000s\000t\000e\000l\000l\000e\000n\000s\000a\000t\000z\000:\000\040\000L\000e\000c\000t\000u\000r\000e\000\040\000N\000o\000t\000e\000s\000\040\000\247\0004\000.\0003}{section.4}% 23
\BOOKMARK [2][-]{subsection.4.18}{\376\377\0004\000.\0001\0008\000.\000\040\000S\000p\000e\000c\000t\000r\000u\000m\000\040\000o\000f\000\040\000a\000\040\000r\000i\000n\000g\000:\000\040\000L\000e\000c\000t\000u\000r\000e\000\040\000N\000o\000t\000e\000s\000\040\000\247\0003\000.\0002}{section.4}% 24
\BOOKMARK [2][-]{subsection.4.19}{\376\377\0004\000.\0001\0009\000.\000\040\000S\000p\000e\000c\000t\000r\000u\000m\000\040\000a\000n\000d\000\040\000r\000a\000d\000i\000c\000a\000l\000\040\000i\000d\000e\000a\000l\000s\000:\000\040\000L\000e\000c\000t\000u\000r\000e\000\040\000N\000o\000t\000e\000s\000\040\000\247\0003\000.\0002}{section.4}% 25
\BOOKMARK [1][-]{section.5}{\376\377\0005\000.\000\040\000L\000o\000c\000a\000l\000i\000z\000a\000t\000i\000o\000n}{}% 26
\BOOKMARK [2][-]{subsection.5.20}{\376\377\0005\000.\0002\0000\000.\000\040\000L\000o\000c\000a\000l\000\040\000r\000i\000n\000g\000s\000\040\000a\000n\000d\000\040\000N\000A\000K\000:\000\040\000L\000e\000c\000t\000u\000r\000e\000\040\000N\000o\000t\000e\000s\000\040\000\247\0005\000.\0001}{section.5}% 27
\BOOKMARK [2][-]{subsection.5.21}{\376\377\0005\000.\0002\0001\000.\000\040\000L\000o\000c\000a\000l\000i\000z\000a\000t\000i\000o\000n\000\040\000o\000f\000\040\000r\000i\000n\000g\000s\000:\000\040\000L\000e\000c\000t\000u\000r\000e\000\040\000N\000o\000t\000e\000s\000\040\000\247\0005\000.\0002}{section.5}% 28
\BOOKMARK [2][-]{subsection.5.22}{\376\377\0005\000.\0002\0002\000.\000\040\000L\000o\000c\000a\000l\000i\000z\000a\000t\000i\000o\000n\000\040\000o\000f\000\040\000m\000o\000d\000u\000l\000e\000s\000:\000\040\000L\000e\000c\000t\000u\000r\000e\000\040\000N\000o\000t\000e\000s\000\040\000\247\0005\000.\0002}{section.5}% 29
\BOOKMARK [2][-]{subsection.5.23}{\376\377\0005\000.\0002\0003\000.\000\040\000L\000o\000c\000a\000l\000\040\000P\000r\000o\000p\000e\000r\000t\000i\000e\000s\000:\000\040\000L\000e\000c\000t\000u\000r\000e\000\040\000N\000o\000t\000e\000s\000\040\000\247\0005\000.\0002\000,\000\040\000\247\0006\000.\0001}{section.5}% 30
\BOOKMARK [1][-]{section.6}{\376\377\0006\000.\000\040\000D\000e\000c\000o\000m\000p\000o\000s\000i\000t\000i\000o\000n\000s\000\040\000o\000f\000\040\000i\000d\000e\000a\000l\000s\000\040\000a\000n\000d\000\040\000m\000o\000d\000u\000l\000e\000s}{}% 31
\BOOKMARK [2][-]{subsection.6.24}{\376\377\0006\000.\0002\0004\000.\000\040\000M\000i\000n\000i\000m\000a\000l\000\040\000p\000r\000i\000m\000e\000s\000:\000\040\000L\000e\000c\000t\000u\000r\000e\000\040\000N\000o\000t\000e\000s\000\040\000\247\0006\000.\0001}{section.6}% 32
\BOOKMARK [2][-]{subsection.6.25}{\376\377\0006\000.\0002\0005\000.\000\040\000A\000s\000s\000o\000c\000i\000a\000t\000e\000d\000\040\000p\000r\000i\000m\000e\000s\000:\000\040\000L\000e\000c\000t\000u\000r\000e\000\040\000N\000o\000t\000e\000s\000\040\000\247\0006\000.\0002}{section.6}% 33
\BOOKMARK [2][-]{subsection.6.26}{\376\377\0006\000.\0002\0006\000.\000\040\000A\000s\000s\000o\000c\000i\000a\000t\000e\000d\000\040\000p\000r\000i\000m\000e\000s\000:\000\040\000L\000e\000c\000t\000u\000r\000e\000\040\000N\000o\000t\000e\000s\000\040\000\247\0006\000.\0002\000,\000\040\000\247\0003\000.\0003}{section.6}% 34
\BOOKMARK [2][-]{subsection.6.27}{\376\377\0006\000.\0002\0007\000.\000\040\000P\000r\000i\000m\000a\000r\000y\000\040\000d\000e\000c\000o\000m\000p\000o\000s\000i\000t\000i\000o\000n\000:\000\040\000L\000e\000c\000t\000u\000r\000e\000\040\000N\000o\000t\000e\000s\000\040\000\247\0006\000.\0003}{section.6}% 35
\BOOKMARK [2][-]{subsection.6.28}{\376\377\0006\000.\0002\0008\000.\000\040\000P\000r\000i\000m\000a\000r\000y\000\040\000d\000e\000c\000o\000m\000p\000o\000s\000i\000t\000i\000o\000n\000\040\000a\000n\000d\000\040\000u\000n\000i\000q\000u\000e\000n\000e\000s\000s\000:\000\040\000L\000e\000c\000t\000u\000r\000e\000\040\000N\000o\000t\000e\000s\000\040\000\247\0006\000.\0003}{section.6}% 36
\BOOKMARK [1][-]{section.7}{\376\377\0007\000.\000\040\000D\000i\000m\000e\000n\000s\000i\000o\000n\000\040\000a\000n\000d\000\040\000a\000f\000f\000i\000n\000e\000\040\000a\000l\000g\000e\000b\000r\000a\000s}{}% 37
\BOOKMARK [2][-]{subsection.7.29}{\376\377\0007\000.\0002\0009\000.\000\040\000D\000i\000m\000e\000n\000s\000i\000o\000n\000:\000\040\000L\000e\000c\000t\000u\000r\000e\000\040\000N\000o\000t\000e\000s\000\040\000\247\0007\000.\0001}{section.7}% 38
\BOOKMARK [2][-]{subsection.7.30}{\376\377\0007\000.\0003\0000\000.\000\040\000C\000o\000h\000e\000n\000-\000S\000e\000i\000d\000e\000n\000b\000e\000r\000g\000\040\000T\000h\000e\000o\000r\000e\000m\000s\040\024\000A\000p\000p\000l\000i\000c\000a\000t\000i\000o\000n\000s\000\040\000t\000o\000\040\000d\000i\000m\000e\000n\000s\000i\000o\000n\000:\000\040\000L\000e\000c\000t\000u\000r\000e\000\040\000N\000o\000t\000e\000s\000\040\000\247\0007\000.\0002}{section.7}% 39
\BOOKMARK [2][-]{subsection.7.31}{\376\377\0007\000.\0003\0001\000.\000\040\000C\000o\000h\000e\000n\000-\000S\000e\000i\000d\000e\000n\000b\000e\000r\000g\000\040\000T\000h\000e\000o\000r\000e\000m\000s\040\024\000P\000r\000o\000o\000f\000s\000:\000\040\000L\000e\000c\000t\000u\000r\000e\000\040\000N\000o\000t\000e\000s\000\040\000\247\0007\000.\0002}{section.7}% 40
\BOOKMARK [2][-]{subsection.7.32}{\376\377\0007\000.\0003\0002\000.\000\040\000N\000o\000e\000t\000h\000e\000r\000\040\000N\000o\000r\000m\000a\000l\000i\000z\000a\000t\000i\000o\000n\000\040\000a\000n\000d\000\040\000D\000i\000m\000e\000n\000s\000i\000o\000n\000:\000\040\000L\000e\000c\000t\000u\000r\000e\000\040\000N\000o\000t\000e\000s\000\040\000\247\0007\000.\0003}{section.7}% 41
\BOOKMARK [2][-]{subsection.7.33}{\376\377\0007\000.\0003\0003\000.\000\040\000T\000r\000a\000n\000s\000c\000e\000n\000d\000e\000n\000c\000e\000\040\000D\000e\000g\000r\000e\000e\000\040\000a\000n\000d\000\040\000D\000i\000m\000e\000n\000s\000i\000o\000n\000:\000\040\000L\000e\000c\000t\000u\000r\000e\000\040\000N\000o\000t\000e\000s\000\040\000\247\0007\000.\0003}{section.7}% 42
\BOOKMARK [1][-]{section.8}{\376\377\0008\000.\000\040\000L\000o\000c\000a\000l\000\040\000t\000h\000e\000o\000r\000y\000\040\000o\000f\000\040\000d\000i\000m\000e\000n\000s\000i\000o\000n}{}% 43
\BOOKMARK [2][-]{subsection.8.34}{\376\377\0008\000.\0003\0004\000.\000\040\000L\000e\000n\000g\000t\000h\000\040\000a\000n\000d\000\040\000s\000i\000m\000p\000l\000e\000\040\000m\000o\000d\000u\000l\000e\000s}{section.8}% 44
\BOOKMARK [2][-]{subsection.8.35}{\376\377\0008\000.\0003\0005\000.\000\040\000A\000r\000t\000i\000n\000i\000a\000n\000\040\000r\000i\000n\000g\000s\000\040\000a\000n\000d\000\040\000m\000o\000d\000u\000l\000e\000s}{section.8}% 45
\BOOKMARK [2][-]{subsection.8.36}{\376\377\0008\000.\0003\0006\000.\000\040\000K\000r\000u\000l\000l\000\040\000H\000e\000i\000g\000h\000t\000\040\000T\000h\000e\000o\000r\000e\000m\000:\000\040\000\247\0008\000.\0001}{section.8}% 46
\BOOKMARK [2][-]{subsection.8.37}{\376\377\0008\000.\0003\0007\000.\000\040\000C\000o\000n\000v\000e\000r\000s\000e\000\040\000o\000f\000\040\000K\000r\000u\000l\000l\000\040\000H\000e\000i\000g\000h\000t\000\040\000T\000h\000e\000o\000r\000e\000m\000:\000\040\000\247\0008\000.\0002}{section.8}% 47
