\BOOKMARK [1][-]{section.1}{1. Monday, August 26, 2024 \040\2471.1}{}% 1
\BOOKMARK [1][-]{section.2}{2. Wednesday, August 27, 2024 \040\2471.4 \046 1.5}{}% 2
\BOOKMARK [1][-]{section.3}{3. Friday, August 29, 2024 \040\2471.4 \046 1.5}{}% 3
\BOOKMARK [1][-]{section.4}{4. Wednesday, September 3, 2024 \040\2471.8}{}% 4
\BOOKMARK [1][-]{section.5}{5. Friday, September 5, 2024 \040\2471.8}{}% 5
\BOOKMARK [1][-]{section.6}{6. Monday, September 9, 2024 \040\2471.9}{}% 6
\BOOKMARK [1][-]{section.7}{7. Wednesday, September 11, 2024 \040\2471.9}{}% 7
\BOOKMARK [1][-]{section.8}{8. Friday, September 13, 2024 \040\2471.7 \046 1.9}{}% 8
\BOOKMARK [1][-]{section.9}{9. Monday, September 16, 2024 \040\2472.1}{}% 9
\BOOKMARK [1][-]{section.10}{10. Wednesday, September 18, 2024 \040\2472.1}{}% 10
\BOOKMARK [1][-]{section.11}{11. Monday, September 23, 2024 \040\2472.1}{}% 11
\BOOKMARK [1][-]{section.12}{12. Wednesday, September 25, 2024 \040\2472.1}{}% 12
\BOOKMARK [1][-]{section.13}{13. Friday, September 27, 2024 \040\2472.2}{}% 13
\BOOKMARK [1][-]{section.14}{14. Monday, September 30, 2024 \040\2472.2}{}% 14
\BOOKMARK [1][-]{section.15}{15. Wednesday, October 2, 2024 \040\2472.2}{}% 15
\BOOKMARK [1][-]{section.16}{16. Friday, October 4, 2024 \040\2472.2}{}% 16
\BOOKMARK [1][-]{section.17}{17. Monday, October 7, 2024 \040\2471.5}{}% 17
\BOOKMARK [1][-]{section.19}{19. Friday, October 11, 2024 \040\2472.2, 1.5}{}% 18
\BOOKMARK [1][-]{section.20}{20. Monday, October 14, 2024 \040\2472.3}{}% 19
\BOOKMARK [1][-]{section.21}{21. Wednesday, October 16, 2024 \040\2472.3}{}% 20
\BOOKMARK [1][-]{section.22}{22. Friday, October 18, 2024 \040\2472.3}{}% 21
\BOOKMARK [1][-]{section*.9}{Index}{}% 22
