\BOOKMARK [1][-]{section.1}{1. Derivations}{}% 1
\BOOKMARK [2][-]{subsection.1.1}{1.1. Definition and first examples}{section.1}% 2
\BOOKMARK [2][-]{subsection.1.2}{1.2. Properties of derivations}{section.1}% 3
\BOOKMARK [2][-]{subsection.1.3}{1.3. Derivations and ideals}{section.1}% 4
\BOOKMARK [2][-]{subsection.1.4}{1.4. Quick review of affine varieties}{section.1}% 5
\BOOKMARK [2][-]{subsection.1.5}{1.5. Localization}{section.1}% 6
\BOOKMARK [2][-]{subsection.1.6}{1.6. Left-exact sequences}{section.1}% 7
\BOOKMARK [1][-]{section.2}{2. Kahler differentials}{}% 8
\BOOKMARK [2][-]{subsection.2.1}{2.1. Restriction and extension of scalars}{section.2}% 9
\BOOKMARK [2][-]{subsection.2.2}{2.2. Kahler differentials}{section.2}% 10
\BOOKMARK [2][-]{subsection.2.3}{2.3. Jacobi-Zariski sequence}{section.2}% 11
\BOOKMARK [2][-]{subsection.2.4}{2.4. Unramified, smooth, and \351tale maps}{section.2}% 12
\BOOKMARK [2][-]{subsection.2.5}{2.5. Regular rings revisited}{section.2}% 13
\BOOKMARK [2][-]{subsection.2.6}{2.6. Smoothness vs regularity}{section.2}% 14
\BOOKMARK [1][-]{section.3}{3. Coefficient fields and complete local rings}{}% 15
\BOOKMARK [2][-]{subsection.3.1}{3.1. Transcendence bases and p-bases}{section.3}% 16
\BOOKMARK [2][-]{subsection.3.2}{3.2. Completion}{section.3}% 17
\BOOKMARK [2][-]{subsection.3.3}{3.3. Three main technical things about completion}{section.3}% 18
\BOOKMARK [2][-]{subsection.3.4}{3.4. Coefficient fields and Cohen Structure Theorem}{section.3}% 19
\BOOKMARK [1][-]{section.4}{4. Return to Jacobian criterion}{}% 20
\BOOKMARK [2][-]{subsection.4.1}{4.1. Ideals of minors and free modules}{section.4}% 21
\BOOKMARK [2][-]{subsection.4.2}{4.2. Jacobian criterion for singular locus over perfect fields}{section.4}% 22
\BOOKMARK [2][-]{subsection.4.3}{4.3. Jacobian criteria over arbitrary fields}{section.4}% 23
\BOOKMARK [2][-]{subsection.4.4}{4.4. A Noetherian ring with nonclosed singular locus}{section.4}% 24
\BOOKMARK [1][-]{section.5}{5. P-derivations and Jacobian criteria in mixed characterstic}{}% 25
\BOOKMARK [2][-]{subsection.5.1}{5.1. P-derivations}{section.5}% 26
\BOOKMARK [2][-]{subsection.5.2}{5.2. Perivations}{section.5}% 27
\BOOKMARK [1][-]{section*.2}{Index}{}% 28
