\BOOKMARK [1][-]{section.1}{1. Finiteness conditions}{}% 1
\BOOKMARK [2][-]{subsection.1.1}{1.1. Finitely generated algebras}{section.1}% 2
\BOOKMARK [2][-]{subsection.1.2}{1.2. Finitely generated modules}{section.1}% 3
\BOOKMARK [2][-]{subsection.1.3}{1.3. Integral extensions}{section.1}% 4
\BOOKMARK [2][-]{subsection.1.4}{1.4. Commutative Noetherian rings and modules}{section.1}% 5
\BOOKMARK [2][-]{subsection.1.5}{1.5. Application: Finite generation of rings of invariants}{section.1}% 6
\BOOKMARK [1][-]{section.2}{2. Graded rings}{}% 7
\BOOKMARK [2][-]{subsection.2.1}{2.1. Basics of graded rings}{section.2}% 8
\BOOKMARK [2][-]{subsection.2.2}{2.2. Application: Finite generation rings of invariants}{section.2}% 9
\BOOKMARK [1][-]{section.3}{3. Affine varieties}{}% 10
\BOOKMARK [2][-]{subsection.3.1}{3.1. Definition and examples of affine varieties}{section.3}% 11
\BOOKMARK [2][-]{subsection.3.2}{3.2. Morphisms of varieties and coordinate rings}{section.3}% 12
\BOOKMARK [2][-]{subsection.3.3}{3.3. The Zariski topology and irreducible varieties}{section.3}% 13
\BOOKMARK [2][-]{subsection.3.4}{3.4. Prime and maximal ideals}{section.3}% 14
\BOOKMARK [1][-]{section.4}{4. The Nullstellensatz and the prime spectrum}{}% 15
\BOOKMARK [2][-]{subsection.4.1}{4.1. Review of transcendence bases}{section.4}% 16
\BOOKMARK [2][-]{subsection.4.2}{4.2. Nullstellensatz}{section.4}% 17
\BOOKMARK [2][-]{subsection.4.3}{4.3. Spectrum of a ring}{section.4}% 18
\BOOKMARK [1][-]{section.5}{5. Support of modules and associated primes}{}% 19
\BOOKMARK [2][-]{subsection.5.1}{5.1. Localization}{section.5}% 20
\BOOKMARK [2][-]{subsection.5.2}{5.2. Minimal primes and support}{section.5}% 21
\BOOKMARK [2][-]{subsection.5.3}{5.3. Associated primes}{section.5}% 22
\BOOKMARK [2][-]{subsection.5.4}{5.4. Primary decomposition}{section.5}% 23
\BOOKMARK [1][-]{section.6}{6. Local rings and NAK}{}% 24
\BOOKMARK [1][-]{section.7}{7. Dimension theory, globally}{}% 25
\BOOKMARK [2][-]{subsection.7.1}{7.1. Definition of dimension}{section.7}% 26
\BOOKMARK [2][-]{subsection.7.2}{7.2. Over, up, down theorems}{section.7}% 27
\BOOKMARK [2][-]{subsection.7.3}{7.3. Noether normalization and dimension of affine rings}{section.7}% 28
\BOOKMARK [1][-]{section.8}{8. Dimension theory, locally}{}% 29
\BOOKMARK [2][-]{subsection.8.1}{8.1. Dimension zero}{section.8}% 30
\BOOKMARK [2][-]{subsection.8.2}{8.2. Height and number of generators}{section.8}% 31
\BOOKMARK [2][-]{subsection.8.3}{8.3. Systems of parameters}{section.8}% 32
\BOOKMARK [1][-]{section.9}{9. Hilbert functions}{}% 33
\BOOKMARK [2][-]{subsection.9.1}{9.1. Hilbert functions of graded rings}{section.9}% 34
\BOOKMARK [2][-]{subsection.9.2}{9.2. Filtrations and Artin-Rees}{section.9}% 35
\BOOKMARK [2][-]{subsection.9.3}{9.3. Hilbert functions for local rings}{section.9}% 36
\BOOKMARK [1][-]{section.10}{10. Classes of rings}{}% 37
\BOOKMARK [2][-]{subsection.10.1}{10.1. Regular rings}{section.10}% 38
\BOOKMARK [2][-]{subsection.10.2}{10.2. Regular sequences and depth}{section.10}% 39
\BOOKMARK [2][-]{subsection.10.3}{10.3. Cohen-Macaulay rings}{section.10}% 40
\BOOKMARK [2][-]{subsection.10.4}{10.4. Primary and secondary invariants}{section.10}% 41
