This is pdfTeX, Version 3.141592653-2.6-1.40.22 (TeX Live 2021) (preloaded format=pdflatex 2021.8.23)  24 AUG 2022 15:12
entering extended mode
 restricted \write18 enabled.
 file:line:error style messages enabled.
 %&-line parsing enabled.
**325.tex
(./325.tex
LaTeX2e <2020-10-01> patch level 4
L3 programming layer <2021-02-18>
(/usr/local/texlive/2021/texmf-dist/tex/latex/amscls/amsart.cls
Document Class: amsart 2020/05/29 v2.20.6
\linespacing=\dimen138
\normalparindent=\dimen139
\normaltopskip=\skip47
(/usr/local/texlive/2021/texmf-dist/tex/latex/amsmath/amsmath.sty
Package: amsmath 2020/09/23 v2.17i AMS math features
\@mathmargin=\skip48

For additional information on amsmath, use the `?' option.
(/usr/local/texlive/2021/texmf-dist/tex/latex/amsmath/amstext.sty
Package: amstext 2000/06/29 v2.01 AMS text

(/usr/local/texlive/2021/texmf-dist/tex/latex/amsmath/amsgen.sty
File: amsgen.sty 1999/11/30 v2.0 generic functions
\@emptytoks=\toks15
\ex@=\dimen140
))
(/usr/local/texlive/2021/texmf-dist/tex/latex/amsmath/amsbsy.sty
Package: amsbsy 1999/11/29 v1.2d Bold Symbols
\pmbraise@=\dimen141
)
(/usr/local/texlive/2021/texmf-dist/tex/latex/amsmath/amsopn.sty
Package: amsopn 2016/03/08 v2.02 operator names
)
\inf@bad=\count179
LaTeX Info: Redefining \frac on input line 234.
\uproot@=\count180
\leftroot@=\count181
LaTeX Info: Redefining \overline on input line 399.
\classnum@=\count182
\DOTSCASE@=\count183
LaTeX Info: Redefining \ldots on input line 496.
LaTeX Info: Redefining \dots on input line 499.
LaTeX Info: Redefining \cdots on input line 620.
\Mathstrutbox@=\box47
\strutbox@=\box48
\big@size=\dimen142
LaTeX Font Info:    Redeclaring font encoding OML on input line 743.
LaTeX Font Info:    Redeclaring font encoding OMS on input line 744.
\macc@depth=\count184
\c@MaxMatrixCols=\count185
\dotsspace@=\muskip16
\c@parentequation=\count186
\dspbrk@lvl=\count187
\tag@help=\toks16
\row@=\count188
\column@=\count189
\maxfields@=\count190
\andhelp@=\toks17
\eqnshift@=\dimen143
\alignsep@=\dimen144
\tagshift@=\dimen145
\tagwidth@=\dimen146
\totwidth@=\dimen147
\lineht@=\dimen148
\@envbody=\toks18
\multlinegap=\skip49
\multlinetaggap=\skip50
\mathdisplay@stack=\toks19
LaTeX Info: Redefining \[ on input line 2923.
LaTeX Info: Redefining \] on input line 2924.
)
LaTeX Font Info:    Trying to load font information for U+msa on input line 397
.

(/usr/local/texlive/2021/texmf-dist/tex/latex/amsfonts/umsa.fd
File: umsa.fd 2013/01/14 v3.01 AMS symbols A
)
(/usr/local/texlive/2021/texmf-dist/tex/latex/amsfonts/amsfonts.sty
Package: amsfonts 2013/01/14 v3.01 Basic AMSFonts support
\symAMSa=\mathgroup4
\symAMSb=\mathgroup5
LaTeX Font Info:    Redeclaring math symbol \hbar on input line 98.
LaTeX Font Info:    Overwriting math alphabet `\mathfrak' in version `bold'
(Font)                  U/euf/m/n --> U/euf/b/n on input line 106.
)
\copyins=\insert199
\abstractbox=\box49
\listisep=\skip51
\c@part=\count191
\c@section=\count192
\c@subsection=\count193
\c@subsubsection=\count194
\c@paragraph=\count195
\c@subparagraph=\count196
\c@figure=\count197
\c@table=\count198
\abovecaptionskip=\skip52
\belowcaptionskip=\skip53
\captionindent=\dimen149
\thm@style=\toks20
\thm@bodyfont=\toks21
\thm@headfont=\toks22
\thm@notefont=\toks23
\thm@headpunct=\toks24
\thm@preskip=\skip54
\thm@postskip=\skip55
\thm@headsep=\skip56
\dth@everypar=\toks25
)
(/usr/local/texlive/2021/texmf-dist/tex/latex/graphics/graphicx.sty
Package: graphicx 2020/09/09 v1.2b Enhanced LaTeX Graphics (DPC,SPQR)

(/usr/local/texlive/2021/texmf-dist/tex/latex/graphics/keyval.sty
Package: keyval 2014/10/28 v1.15 key=value parser (DPC)
\KV@toks@=\toks26
)
(/usr/local/texlive/2021/texmf-dist/tex/latex/graphics/graphics.sty
Package: graphics 2020/08/30 v1.4c Standard LaTeX Graphics (DPC,SPQR)

(/usr/local/texlive/2021/texmf-dist/tex/latex/graphics/trig.sty
Package: trig 2016/01/03 v1.10 sin cos tan (DPC)
)
(/usr/local/texlive/2021/texmf-dist/tex/latex/graphics-cfg/graphics.cfg
File: graphics.cfg 2016/06/04 v1.11 sample graphics configuration
)
Package graphics Info: Driver file: pdftex.def on input line 105.

(/usr/local/texlive/2021/texmf-dist/tex/latex/graphics-def/pdftex.def
File: pdftex.def 2020/10/05 v1.2a Graphics/color driver for pdftex
))
\Gin@req@height=\dimen150
\Gin@req@width=\dimen151
)
(/usr/local/texlive/2021/texmf-dist/tex/latex/framed/framed.sty
Package: framed 2011/10/22 v 0.96: framed or shaded text with page breaks
\OuterFrameSep=\skip57
\fb@frw=\dimen152
\fb@frh=\dimen153
\FrameRule=\dimen154
\FrameSep=\dimen155
)
(/usr/local/texlive/2021/texmf-dist/tex/latex/comment/comment.sty
\CommentStream=\write3

Excluding comment 'comment')
(/usr/local/texlive/2021/texmf-dist/tex/latex/amsmath/amscd.sty
Package: amscd 2017/04/14 v2.1 AMS Commutative Diagrams
\athelp@=\toks27
\minaw@=\dimen156
\bigaw@=\dimen157
\minCDarrowwidth=\dimen158
)
(/usr/local/texlive/2021/texmf-dist/tex/latex/amsfonts/amssymb.sty
Package: amssymb 2013/01/14 v3.01 AMS font symbols
)
(/usr/local/texlive/2021/texmf-dist/tex/latex/xcolor/xcolor.sty
Package: xcolor 2016/05/11 v2.12 LaTeX color extensions (UK)

(/usr/local/texlive/2021/texmf-dist/tex/latex/graphics-cfg/color.cfg
File: color.cfg 2016/01/02 v1.6 sample color configuration
)
Package xcolor Info: Driver file: pdftex.def on input line 225.
Package xcolor Info: Model `cmy' substituted by `cmy0' on input line 1348.
Package xcolor Info: Model `hsb' substituted by `rgb' on input line 1352.
Package xcolor Info: Model `RGB' extended on input line 1364.
Package xcolor Info: Model `HTML' substituted by `rgb' on input line 1366.
Package xcolor Info: Model `Hsb' substituted by `hsb' on input line 1367.
Package xcolor Info: Model `tHsb' substituted by `hsb' on input line 1368.
Package xcolor Info: Model `HSB' substituted by `hsb' on input line 1369.
Package xcolor Info: Model `Gray' substituted by `gray' on input line 1370.
Package xcolor Info: Model `wave' substituted by `hsb' on input line 1371.
)
(/usr/local/texlive/2021/texmf-dist/tex/generic/xypic/xy.sty
(/usr/local/texlive/2021/texmf-dist/tex/generic/xypic/xy.tex Bootstrap'ing:
catcodes, docmode,
(/usr/local/texlive/2021/texmf-dist/tex/generic/xypic/xyrecat.tex)
(/usr/local/texlive/2021/texmf-dist/tex/generic/xypic/xyidioms.tex)

 Xy-pic version 3.8.9 <2013/10/06>
 Copyright (c) 1991-2013 by Kristoffer H. Rose <krisrose@tug.org> and others
 Xy-pic is free software: see the User's Guide for details.

Loading kernel: messages; fonts; allocations: state,
\X@c=\dimen159
\Y@c=\dimen160
\U@c=\dimen161
\D@c=\dimen162
\L@c=\dimen163
\R@c=\dimen164
\Edge@c=\toks28
\X@p=\dimen165
\Y@p=\dimen166
\U@p=\dimen167
\D@p=\dimen168
\L@p=\dimen169
\R@p=\dimen170
\Edge@p=\toks29
\X@origin=\dimen171
\Y@origin=\dimen172
\X@xbase=\dimen173
\Y@xbase=\dimen174
\X@ybase=\dimen175
\Y@ybase=\dimen176
\X@min=\dimen177
\Y@min=\dimen178
\X@max=\dimen179
\Y@max=\dimen180
\lastobjectbox@=\box50
\zerodotbox@=\box51
\almostz@=\dimen181
 direction,
\d@X=\dimen182
\d@Y=\dimen183
\K@=\count266
\KK@=\count267
\Direction=\count268
\K@dXdY=\dimen184
\K@dYdX=\dimen185
\xyread@=\read2
\xywrite@=\write4
\csp@=\count269
\quotPTK@=\dimen186

utility macros; pictures: \xy, positions,
\swaptoks@@=\toks30
\connectobjectbox@@=\box52
 objects,
\styletoks@=\toks31
 decorations;
kernel objects: directionals, circles, text; options; algorithms: directions,
edges, connections;  Xy-pic loaded)
(/usr/local/texlive/2021/texmf-dist/tex/generic/iftex/ifpdf.sty
Package: ifpdf 2019/10/25 v3.4 ifpdf legacy package. Use iftex instead.

(/usr/local/texlive/2021/texmf-dist/tex/generic/iftex/iftex.sty
Package: iftex 2020/03/06 v1.0d TeX engine tests
))
Package: xy 2013/10/06 Xy-pic version 3.8.9

(/usr/local/texlive/2021/texmf-dist/tex/generic/xypic/xyall.tex
 Xy-pic option: All features v.3.8
(/usr/local/texlive/2021/texmf-dist/tex/generic/xypic/xycurve.tex
 Xy-pic option: Curve and Spline extension v.3.12 curve,
\crv@cnt@=\count270
\crvpts@=\toks32
\splinebox@=\box53
\splineval@=\dimen187
\splinedepth@=\dimen188
\splinetol@=\dimen189
\splinelength@=\dimen190
 circles,
\L@=\dimen191
 loaded)
(/usr/local/texlive/2021/texmf-dist/tex/generic/xypic/xyframe.tex
 Xy-pic option: Frame and Bracket extension v.3.14 loaded)
(/usr/local/texlive/2021/texmf-dist/tex/generic/xypic/xycmtip.tex
 Xy-pic option: Computer Modern tip extension v.3.7
(/usr/local/texlive/2021/texmf-dist/tex/generic/xypic/xytips.tex
 Xy-pic option: More Tips extension v.3.11 loaded) loaded)
(/usr/local/texlive/2021/texmf-dist/tex/generic/xypic/xyline.tex
 Xy-pic option: Line styles extension v.3.10
\xylinethick@=\dimen192
 loaded)
(/usr/local/texlive/2021/texmf-dist/tex/generic/xypic/xyrotate.tex
 Xy-pic option: Rotate and Scale extension v.3.8 loaded)
(/usr/local/texlive/2021/texmf-dist/tex/generic/xypic/xycolor.tex
 Xy-pic option: Colour extension v.3.11 loaded)
(/usr/local/texlive/2021/texmf-dist/tex/generic/xypic/xymatrix.tex
 Xy-pic option: Matrix feature v.3.14
\Row=\count271
\Col=\count272
\queue@=\toks33
\queue@@=\toks34
\qcount@=\count273
\qcount@@=\count274
\matrixsize@=\count275
 loaded)
(/usr/local/texlive/2021/texmf-dist/tex/generic/xypic/xyarrow.tex
 Xy-pic option: Arrow and Path feature v.3.9 path, \ar, loaded)
(/usr/local/texlive/2021/texmf-dist/tex/generic/xypic/xygraph.tex
 Xy-pic option: Graph feature v.3.11 loaded) loaded)
(/usr/local/texlive/2021/texmf-dist/tex/generic/xypic/xyknot.tex
 Xy-pic option: Knots and Links feature v.3.9 knots and links, loaded)
(/usr/local/texlive/2021/texmf-dist/tex/generic/xypic/xypdf.tex
 Xy-pic option: PDF driver v.1.7 Xy-pic pdf driver: `color' extension support
(/usr/local/texlive/2021/texmf-dist/tex/generic/xypic/xypdf-co.tex loaded)
Xy-pic pdf driver: `curve' extension support
(/usr/local/texlive/2021/texmf-dist/tex/generic/xypic/xypdf-cu.tex loaded)
Xy-pic pdf driver: `frame' extension support
(/usr/local/texlive/2021/texmf-dist/tex/generic/xypic/xypdf-fr.tex loaded)
Xy-pic pdf driver: `line' extension support
(/usr/local/texlive/2021/texmf-dist/tex/generic/xypic/xypdf-li.tex loaded)
Xy-pic pdf driver: `rotate' extension support
(/usr/local/texlive/2021/texmf-dist/tex/generic/xypic/xypdf-ro.tex loaded)
loaded)) (/usr/local/texlive/2021/texmf-dist/tex/generic/xypic/xyall.tex
 Xy-pic option: All features v.3.8 not reloaded)
(/usr/local/texlive/2021/texmf-dist/tex/generic/xypic/xyarc.tex
 Xy-pic option: Circle, Ellipse, Arc feature v.3.8 circles, ellipses,
elliptical arcs, loaded)
(/usr/local/texlive/2021/texmf-dist/tex/latex/hyperref/hyperref.sty
Package: hyperref 2021-02-27 v7.00k Hypertext links for LaTeX

(/usr/local/texlive/2021/texmf-dist/tex/generic/ltxcmds/ltxcmds.sty
Package: ltxcmds 2020-05-10 v1.25 LaTeX kernel commands for general use (HO)
)
(/usr/local/texlive/2021/texmf-dist/tex/generic/pdftexcmds/pdftexcmds.sty
Package: pdftexcmds 2020-06-27 v0.33 Utility functions of pdfTeX for LuaTeX (HO
)

(/usr/local/texlive/2021/texmf-dist/tex/generic/infwarerr/infwarerr.sty
Package: infwarerr 2019/12/03 v1.5 Providing info/warning/error messages (HO)
)
Package pdftexcmds Info: \pdf@primitive is available.
Package pdftexcmds Info: \pdf@ifprimitive is available.
Package pdftexcmds Info: \pdfdraftmode found.
)
(/usr/local/texlive/2021/texmf-dist/tex/generic/kvsetkeys/kvsetkeys.sty
Package: kvsetkeys 2019/12/15 v1.18 Key value parser (HO)
)
(/usr/local/texlive/2021/texmf-dist/tex/generic/kvdefinekeys/kvdefinekeys.sty
Package: kvdefinekeys 2019-12-19 v1.6 Define keys (HO)
)
(/usr/local/texlive/2021/texmf-dist/tex/generic/pdfescape/pdfescape.sty
Package: pdfescape 2019/12/09 v1.15 Implements pdfTeX's escape features (HO)
)
(/usr/local/texlive/2021/texmf-dist/tex/latex/hycolor/hycolor.sty
Package: hycolor 2020-01-27 v1.10 Color options for hyperref/bookmark (HO)
)
(/usr/local/texlive/2021/texmf-dist/tex/latex/letltxmacro/letltxmacro.sty
Package: letltxmacro 2019/12/03 v1.6 Let assignment for LaTeX macros (HO)
)
(/usr/local/texlive/2021/texmf-dist/tex/latex/auxhook/auxhook.sty
Package: auxhook 2019-12-17 v1.6 Hooks for auxiliary files (HO)
)
(/usr/local/texlive/2021/texmf-dist/tex/latex/kvoptions/kvoptions.sty
Package: kvoptions 2020-10-07 v3.14 Key value format for package options (HO)
)
\@linkdim=\dimen193
\Hy@linkcounter=\count276
\Hy@pagecounter=\count277

(/usr/local/texlive/2021/texmf-dist/tex/latex/hyperref/pd1enc.def
File: pd1enc.def 2021-02-27 v7.00k Hyperref: PDFDocEncoding definition (HO)
Now handling font encoding PD1 ...
... no UTF-8 mapping file for font encoding PD1
)
(/usr/local/texlive/2021/texmf-dist/tex/latex/hyperref/hyperref-langpatches.def
File: hyperref-langpatches.def 2021-02-27 v7.00k Hyperref: patches for babel la
nguages
) (/usr/local/texlive/2021/texmf-dist/tex/generic/intcalc/intcalc.sty
Package: intcalc 2019/12/15 v1.3 Expandable calculations with integers (HO)
)
(/usr/local/texlive/2021/texmf-dist/tex/generic/etexcmds/etexcmds.sty
Package: etexcmds 2019/12/15 v1.7 Avoid name clashes with e-TeX commands (HO)
)
\Hy@SavedSpaceFactor=\count278

(/usr/local/texlive/2021/texmf-dist/tex/latex/hyperref/puenc.def
File: puenc.def 2021-02-27 v7.00k Hyperref: PDF Unicode definition (HO)
Now handling font encoding PU ...
... no UTF-8 mapping file for font encoding PU
)
Package hyperref Info: Hyper figures OFF on input line 4192.
Package hyperref Info: Link nesting OFF on input line 4197.
Package hyperref Info: Hyper index ON on input line 4200.
Package hyperref Info: Plain pages OFF on input line 4207.
Package hyperref Info: Backreferencing OFF on input line 4212.
Package hyperref Info: Implicit mode ON; LaTeX internals redefined.
Package hyperref Info: Bookmarks ON on input line 4445.
\c@Hy@tempcnt=\count279

(/usr/local/texlive/2021/texmf-dist/tex/latex/url/url.sty
\Urlmuskip=\muskip17
Package: url 2013/09/16  ver 3.4  Verb mode for urls, etc.
)
LaTeX Info: Redefining \url on input line 4804.
\XeTeXLinkMargin=\dimen194

(/usr/local/texlive/2021/texmf-dist/tex/generic/bitset/bitset.sty
Package: bitset 2019/12/09 v1.3 Handle bit-vector datatype (HO)

(/usr/local/texlive/2021/texmf-dist/tex/generic/bigintcalc/bigintcalc.sty
Package: bigintcalc 2019/12/15 v1.5 Expandable calculations on big integers (HO
)
))
\Fld@menulength=\count280
\Field@Width=\dimen195
\Fld@charsize=\dimen196
Package hyperref Info: Hyper figures OFF on input line 6075.
Package hyperref Info: Link nesting OFF on input line 6080.
Package hyperref Info: Hyper index ON on input line 6083.
Package hyperref Info: backreferencing OFF on input line 6090.
Package hyperref Info: Link coloring OFF on input line 6095.
Package hyperref Info: Link coloring with OCG OFF on input line 6100.
Package hyperref Info: PDF/A mode OFF on input line 6105.
LaTeX Info: Redefining \ref on input line 6145.
LaTeX Info: Redefining \pageref on input line 6149.

(/usr/local/texlive/2021/texmf-dist/tex/latex/base/atbegshi-ltx.sty
Package: atbegshi-ltx 2020/08/17 v1.0a Emulation of the original atbegshi packa
ge
with kernel methods
)
\Hy@abspage=\count281
\c@Item=\count282
\c@Hfootnote=\count283
)
Package hyperref Info: Driver (autodetected): hpdftex.

(/usr/local/texlive/2021/texmf-dist/tex/latex/hyperref/hpdftex.def
File: hpdftex.def 2021-02-27 v7.00k Hyperref driver for pdfTeX

(/usr/local/texlive/2021/texmf-dist/tex/latex/base/atveryend-ltx.sty
Package: atveryend-ltx 2020/08/19 v1.0a Emulation of the original atvery packag
e
with kernel methods
)
\Fld@listcount=\count284
\c@bookmark@seq@number=\count285

(/usr/local/texlive/2021/texmf-dist/tex/latex/rerunfilecheck/rerunfilecheck.sty
Package: rerunfilecheck 2019/12/05 v1.9 Rerun checks for auxiliary files (HO)

(/usr/local/texlive/2021/texmf-dist/tex/generic/uniquecounter/uniquecounter.sty
Package: uniquecounter 2019/12/15 v1.4 Provide unlimited unique counter (HO)
)
Package uniquecounter Info: New unique counter `rerunfilecheck' on input line 2
86.
)
\Hy@SectionHShift=\skip58
)
\c@preproof=\count286
\c@obs=\count287
\c@introthm=\count288

(/usr/local/texlive/2021/texmf-dist/tex/latex/l3backend/l3backend-pdftex.def
File: l3backend-pdftex.def 2021-03-18 L3 backend support: PDF output (pdfTeX)
\l__color_backend_stack_int=\count289
\l__pdf_internal_box=\box54
)
No file 325.aux.
\openout1 = `325.aux'.

LaTeX Font Info:    Checking defaults for OML/cmm/m/it on input line 484.
LaTeX Font Info:    ... okay on input line 484.
LaTeX Font Info:    Checking defaults for OMS/cmsy/m/n on input line 484.
LaTeX Font Info:    ... okay on input line 484.
LaTeX Font Info:    Checking defaults for OT1/cmr/m/n on input line 484.
LaTeX Font Info:    ... okay on input line 484.
LaTeX Font Info:    Checking defaults for T1/cmr/m/n on input line 484.
LaTeX Font Info:    ... okay on input line 484.
LaTeX Font Info:    Checking defaults for TS1/cmr/m/n on input line 484.
LaTeX Font Info:    ... okay on input line 484.
LaTeX Font Info:    Checking defaults for OMX/cmex/m/n on input line 484.
LaTeX Font Info:    ... okay on input line 484.
LaTeX Font Info:    Checking defaults for U/cmr/m/n on input line 484.
LaTeX Font Info:    ... okay on input line 484.
LaTeX Font Info:    Checking defaults for PD1/pdf/m/n on input line 484.
LaTeX Font Info:    ... okay on input line 484.
LaTeX Font Info:    Checking defaults for PU/pdf/m/n on input line 484.
LaTeX Font Info:    ... okay on input line 484.
LaTeX Font Info:    Trying to load font information for U+msa on input line 484
.
(/usr/local/texlive/2021/texmf-dist/tex/latex/amsfonts/umsa.fd
File: umsa.fd 2013/01/14 v3.01 AMS symbols A
)
LaTeX Font Info:    Trying to load font information for U+msb on input line 484
.

(/usr/local/texlive/2021/texmf-dist/tex/latex/amsfonts/umsb.fd
File: umsb.fd 2013/01/14 v3.01 AMS symbols B
)
(/usr/local/texlive/2021/texmf-dist/tex/context/base/mkii/supp-pdf.mkii
[Loading MPS to PDF converter (version 2006.09.02).]
\scratchcounter=\count290
\scratchdimen=\dimen197
\scratchbox=\box55
\nofMPsegments=\count291
\nofMParguments=\count292
\everyMPshowfont=\toks35
\MPscratchCnt=\count293
\MPscratchDim=\dimen198
\MPnumerator=\count294
\makeMPintoPDFobject=\count295
\everyMPtoPDFconversion=\toks36
) (/usr/local/texlive/2021/texmf-dist/tex/latex/epstopdf-pkg/epstopdf-base.sty
Package: epstopdf-base 2020-01-24 v2.11 Base part for package epstopdf
Package epstopdf-base Info: Redefining graphics rule for `.eps' on input line 4
85.

(/usr/local/texlive/2021/texmf-dist/tex/latex/latexconfig/epstopdf-sys.cfg
File: epstopdf-sys.cfg 2010/07/13 v1.3 Configuration of (r)epstopdf for TeX Liv
e
))
Package xypdf Info: Line width: 0.47998pt on input line 484.
Package hyperref Info: Link coloring OFF on input line 484.

(/usr/local/texlive/2021/texmf-dist/tex/latex/hyperref/nameref.sty
Package: nameref 2021-04-02 v2.47 Cross-referencing by name of section

(/usr/local/texlive/2021/texmf-dist/tex/latex/refcount/refcount.sty
Package: refcount 2019/12/15 v3.6 Data extraction from label references (HO)
)
(/usr/local/texlive/2021/texmf-dist/tex/generic/gettitlestring/gettitlestring.s
ty
Package: gettitlestring 2019/12/15 v1.6 Cleanup title references (HO)
)
\c@section@level=\count296
)
LaTeX Info: Redefining \ref on input line 484.
LaTeX Info: Redefining \pageref on input line 484.
LaTeX Info: Redefining \nameref on input line 484.
\@outlinefile=\write5
\openout5 = `325.out'.

\tf@toc=\write6
\openout6 = `325.toc'.

 [1{/usr/local/texlive/2021/texmf-var/fonts/map/pdftex/updmap/pdftex.map}]
[2]

LaTeX Warning: Reference `prop1' on page 3 undefined on input line 621.


Overfull \hbox (6.78104pt too wide) in paragraph at lines 623--624
[]\OT1/cmr/m/n/12 The com-mu-ta-tiv-ity, as-so-cia-tiv-ity, dis-tribu-tive law,
 mul-ti-plica-tive iden-
 []

[3]
Overfull \hbox (17.98198pt too wide) in paragraph at lines 632--633
[][]\OT1/cmr/bx/n/12 Example 2.3. []\OT1/cmr/m/n/12 For the set of all even mul
-ti-ples of $7$, $\OML/cmm/m/it/12 S \OT1/cmr/m/n/12 = []$,
 []


LaTeX Warning: Reference `prop1' on page 4 undefined on input line 638.

[4] [5]
Overfull \hbox (44.39319pt too wide) in paragraph at lines 729--733
\OT1/cmr/m/n/12 the form $\OMS/cmsy/m/n/12 f[] j []g$\OT1/cmr/m/n/12 .
 []

[6] [7]

LaTeX Warning: Reference `prop1' on page 8 undefined on input line 839.


LaTeX Warning: Reference `prop1' on page 8 undefined on input line 840.

[8] [9]
Overfull \hbox (2.41542pt too wide) detected at line 919
[]
 []

[10] [11]
Overfull \hbox (4.61993pt too wide) in paragraph at lines 978--979
[]\OT1/cmr/m/n/12 For any real num-bers $\OML/cmm/m/it/12 x$ \OT1/cmr/m/n/12 an
d $\OML/cmm/m/it/12 y$\OT1/cmr/m/n/12 , $\OML/cmm/m/it/12 x \OMS/cmsy/m/n/12 ^^
U \OML/cmm/m/it/12 y$ \OT1/cmr/m/n/12 if and only if $\OMS/cmsy/m/n/12 ^^@[]$\O
T1/cmr/m/n/12 .[][][] 
 []

[12] [13] [14] [15] [16]

LaTeX Warning: Reference `prop116' on page 17 undefined on input line 1233.

[17]

LaTeX Warning: Reference `thm120' on page 18 undefined on input line 1270.


LaTeX Warning: Reference `thm120' on page 18 undefined on input line 1315.

[18] [19] [20] [21] [22]
Overfull \hbox (19.28181pt too wide) in paragraph at lines 1600--1603
[]\OT1/cmr/m/n/12 A se-quence $\OMS/cmsy/m/n/12 f\OML/cmm/m/it/12 a[]\OMS/cmsy/
m/n/12 g[]$ \OT1/cmr/m/n/12 con-verges to $\OML/cmm/m/it/12 L$ \OT1/cmr/m/n/12 
pro-vided $\OMS/cmsy/m/n/12 8\OML/cmm/m/it/12 " > \OT1/cmr/m/n/12 0\OML/cmm/m/i
t/12 ; []$
 []


Overfull \hbox (2.91428pt too wide) in paragraph at lines 1600--1603
\OT1/cmr/m/n/12 such that $[]$ sat-is-fy-ing $\OML/cmm/m/it/12 n > N$\OT1/cmr/m
/n/12 , we have $[]$. 
 []

[23] [24]

LaTeX Warning: Reference `thm120' on page 25 undefined on input line 1739.

[25]

LaTeX Warning: Reference `thm120' on page 26 undefined on input line 1779.

[26]
Overfull \hbox (3.49455pt too wide) in paragraph at lines 1843--1844
[][]\OT1/cmr/bx/n/12 Example 11.4. []\OT1/cmr/m/n/12 The se-quence $\OMS/cmsy/m
/n/12 f[]g[]$ \OT1/cmr/m/n/12 is strictly in-creas-ing and bounded
 []


Overfull \hbox (42.66702pt too wide) in paragraph at lines 1849--1851
[]\OT1/cmr/m/n/12 Is the se-quence of quo-tients of Fi-bonacci num-bers $\OMS/c
msy/m/n/12 f[]g[] \OT1/cmr/m/n/12 = []\OML/cmm/m/it/12 ; []; []; []; []; [] $
 []

[27]
Overfull \hbox (4.38713pt too wide) in paragraph at lines 1911--1912
[]\OT1/cmr/m/n/12 Use the two re-sults above to give a short proof[][][] that $
[][]$
 []

[28] [29]

LaTeX Warning: Reference `prop21' on page 30 undefined on input line 1987.

[30] [31] [32]

LaTeX Warning: Reference `thm99' on page 33 undefined on input line 2107.


LaTeX Warning: Reference `thm99' on page 33 undefined on input line 2108.


Overfull \hbox (5.8479pt too wide) in paragraph at lines 2164--2166
[]\OT1/cmr/m/n/12 When I in-tro-duced the Com-plete-ness Ax-iom, I men-tioned t
hat, heuris-
 []

[33]

LaTeX Warning: Reference `thm226' on page 34 undefined on input line 2209.


LaTeX Warning: Reference `thm226' on page 34 undefined on input line 2209.


LaTeX Warning: Reference `thm99' on page 34 undefined on input line 2209.

[34] [35] [36] Excluding 'comment' comment. [37] [38]
Underfull \vbox (badness 10000) has occurred while \output is active []

 [39]
[40] [41] [42] [43]

LaTeX Warning: Reference `lem211' on page 44 undefined on input line 3217.

[44] <xymatrix 5x5 748>

LaTeX Warning: Reference `lem222' on page 45 undefined on input line 3320.

[45]

LaTeX Warning: Reference `cor222' on page 46 undefined on input line 3366.


LaTeX Warning: Reference `lem221' on page 46 undefined on input line 3369.

[46] [47] [48]

LaTeX Warning: Reference `thm214' on page 49 undefined on input line 3482.


Overfull \hbox (10.51593pt too wide) in paragraph at lines 3483--3485
[]\OT1/cmr/m/n/12 Let $\OMS/cmsy/m/n/12 f\OML/cmm/m/it/12 a[]\OMS/cmsy/m/n/12 g
[]$ \OT1/cmr/m/n/12 be any se-quence.
 []


LaTeX Warning: Reference `lem214a' on page 49 undefined on input line 3488.


LaTeX Warning: Reference `lem214b' on page 49 undefined on input line 3500.


LaTeX Warning: Reference `lem214b' on page 49 undefined on input line 3507.


LaTeX Warning: Reference `thm214' on page 49 undefined on input line 3520.


LaTeX Warning: Reference `thm:MCT' on page 49 undefined on input line 3523.


Overfull \hbox (21.37424pt too wide) in paragraph at lines 3519--3524
[]\OT1/cmr/m/n/12 Suppose $\OMS/cmsy/m/n/12 f\OML/cmm/m/it/12 a[]\OMS/cmsy/m/n/
12 g[]$ \OT1/cmr/m/n/12 is a bounded se-quence. By the Bolzano-Weierstrass
 []


Overfull \hbox (3.9851pt too wide) in paragraph at lines 3519--3524
\OT1/cmr/m/n/12 bounded (since any sub-se-quence of a bounded se-quence is also
 bounded.)
 []

[49] [50]
Overfull \hbox (3.06447pt too wide) in paragraph at lines 3593--3594
[]\OT1/cmr/m/n/12 Prove that ev-ery Cauchy se-quence has a con-ver-gent sub-se-
quence. 
 []

[51] [52]
Overfull \hbox (6.74956pt too wide) detected at line 3721
[][]
 []

[53]
Overfull \hbox (7.86562pt too wide) in paragraph at lines 3758--3761
[]\OT1/cmr/m/n/12 Let $\OML/cmm/m/it/12 ^^N \OT1/cmr/m/n/12 = []\OMS/cmsy/m/n/1
2 f[]\OML/cmm/m/it/12 ; \OT1/cmr/m/n/12 1\OMS/cmsy/m/n/12 g$\OT1/cmr/m/n/12 . L
et $\OML/cmm/m/it/12 x$ \OT1/cmr/m/n/12 be any real num-ber such that $[]$.
 []

[54]
Underfull \hbox (badness 10000) in paragraph at lines 3815--3822
[][]$
 []

[55]
Underfull \vbox (badness 10000) has occurred while \output is active []

 [56]
[57]

LaTeX Warning: Reference `lem228' on page 58 undefined on input line 3983.


LaTeX Warning: Reference `lem228' on page 58 undefined on input line 3985.


LaTeX Warning: Reference `lem228' on page 58 undefined on input line 3985.


LaTeX Warning: Reference `cor:261' on page 58 undefined on input line 3990.


LaTeX Warning: Reference `cor:261' on page 58 undefined on input line 3990.

[58]

LaTeX Warning: Reference `lem221' on page 59 undefined on input line 4002.


LaTeX Warning: Reference `cor:261' on page 59 undefined on input line 4003.


LaTeX Warning: Reference `cor:261' on page 59 undefined on input line 4007.


LaTeX Warning: Reference `lem228' on page 59 undefined on input line 4011.


LaTeX Warning: Reference `lem228' on page 59 undefined on input line 4030.


LaTeX Warning: Reference `thm99' on page 59 undefined on input line 4030.


LaTeX Warning: Reference `lem228' on page 59 undefined on input line 4036.


Overfull \hbox (24.18916pt too wide) in paragraph at lines 4032--4037
[]\OT1/cmr/m/n/12 First, as a tech-ni-cal mat-ter, we note that since we as-sum
e $[]$
 []

[59]

LaTeX Warning: Reference `lem228' on page 60 undefined on input line 4040.


LaTeX Warning: Reference `thm99' on page 60 undefined on input line 4040.


LaTeX Warning: Reference `lem228' on page 60 undefined on input line 4042.


Overfull \hbox (9.42015pt too wide) in paragraph at lines 4039--4045
[]\OT1/cmr/m/n/12 Let $\OMS/cmsy/m/n/12 f\OML/cmm/m/it/12 x[]\OMS/cmsy/m/n/12 g
[]$ \OT1/cmr/m/n/12 be any se-quence con-verg-ing to $\OML/cmm/m/it/12 a$ \OT1/
cmr/m/n/12 such that $[]$
 []


LaTeX Warning: Reference `lem228' on page 60 undefined on input line 4064.


LaTeX Warning: Reference `lem228' on page 60 undefined on input line 4064.

[60]
Overfull \hbox (27.44206pt too wide) in paragraph at lines 4136--4140
[]\OT1/cmr/m/n/12 ($\OMS/cmsy/m/n/12 ($\OT1/cmr/m/n/12 ) This is al-most im-me-
di-ate from the def-i-ni-tions: Sup-pose $[][] \OML/cmm/m/it/12 f\OT1/cmr/m/n/1
2 (\OML/cmm/m/it/12 x\OT1/cmr/m/n/12 ) =
 []

[61]

LaTeX Warning: Reference `thm36' on page 62 undefined on input line 4201.


LaTeX Warning: Reference `thm33b' on page 62 undefined on input line 4201.

[62] [63]
Overfull \hbox (28.7837pt too wide) in paragraph at lines 4302--4303
[]\OT1/cmr/m/n/12 For con-di-tion (2), it may help to write $[] = [][]$.
 []

[64] [65] Excluding 'comment' comment. [66] [67] Excluding 'comment' comment.
[68] [69]
Overfull \hbox (70.42088pt too wide) detected at line 4707
[] [] \OT1/cmr/m/n/12 = [] [] = [] [] = [] [] = []
 []

[70]
Overfull \hbox (60.29907pt too wide) detected at line 4780
[] \OT1/cmr/m/n/12 = [] = [] + []\OML/cmm/m/it/12 :
 []

[71]
Overfull \hbox (42.09233pt too wide) detected at line 4799
[][]
 []

[72] [73]

LaTeX Warning: Reference `prop-deri' on page 74 undefined on input line 4902.


LaTeX Warning: Reference `prop-deri' on page 74 undefined on input line 4905.


LaTeX Warning: Reference `prop-deri' on page 74 undefined on input line 4921.

[74]

LaTeX Warning: Reference `prop-deri' on page 75 undefined on input line 4928.


Underfull \vbox (badness 1983) has occurred while \output is active []

 [75]
[76] [77] [78]
Underfull \vbox (badness 1062) detected at line 5092
 []

[79] [80] [81]

LaTeX Warning: Reference `lem:oi' on page 82 undefined on input line 5164.


LaTeX Warning: Reference `prop:oi' on page 82 undefined on input line 5164.

Excluding 'comment' comment. [82] (./325.aux)

LaTeX Warning: There were undefined references.


LaTeX Warning: Label(s) may have changed. Rerun to get cross-references right.


Package rerunfilecheck Warning: File `325.out' has changed.
(rerunfilecheck)                Rerun to get outlines right
(rerunfilecheck)                or use package `bookmark'.

Package rerunfilecheck Info: Checksums for `325.out':
(rerunfilecheck)             Before: <no file>
(rerunfilecheck)             After:  26D407A499D7006B47F73E5802B1232D;5730.
 ) 
Here is how much of TeX's memory you used:
 13686 strings out of 478994
 182130 string characters out of 5858184
 561613 words of memory out of 5000000
 30411 multiletter control sequences out of 15000+600000
 414122 words of font info for 71 fonts, out of 8000000 for 9000
 1302 hyphenation exceptions out of 8191
 82i,18n,88p,3228b,501s stack positions out of 5000i,500n,10000p,200000b,80000s
</usr/local/texlive/2021/texmf-dist/fonts/type1/public/amsfonts/cm/cmbx12.pfb
></usr/local/texlive/2021/texmf-dist/fonts/type1/public/amsfonts/cm/cmcsc10.pfb
></usr/local/texlive/2021/texmf-dist/fonts/type1/public/amsfonts/cm/cmex10.pfb>
</usr/local/texlive/2021/texmf-dist/fonts/type1/public/amsfonts/cm/cmmi10.pfb><
/usr/local/texlive/2021/texmf-dist/fonts/type1/public/amsfonts/cm/cmmi12.pfb></
usr/local/texlive/2021/texmf-dist/fonts/type1/public/amsfonts/cm/cmmi6.pfb></us
r/local/texlive/2021/texmf-dist/fonts/type1/public/amsfonts/cm/cmmi7.pfb></usr/
local/texlive/2021/texmf-dist/fonts/type1/public/amsfonts/cm/cmmi8.pfb></usr/lo
cal/texlive/2021/texmf-dist/fonts/type1/public/amsfonts/cm/cmr10.pfb></usr/loca
l/texlive/2021/texmf-dist/fonts/type1/public/amsfonts/cm/cmr12.pfb></usr/local/
texlive/2021/texmf-dist/fonts/type1/public/amsfonts/cm/cmr6.pfb></usr/local/tex
live/2021/texmf-dist/fonts/type1/public/amsfonts/cm/cmr7.pfb></usr/local/texliv
e/2021/texmf-dist/fonts/type1/public/amsfonts/cm/cmr8.pfb></usr/local/texlive/2
021/texmf-dist/fonts/type1/public/amsfonts/cm/cmr9.pfb></usr/local/texlive/2021
/texmf-dist/fonts/type1/public/amsfonts/cm/cmsy10.pfb></usr/local/texlive/2021/
texmf-dist/fonts/type1/public/amsfonts/cm/cmsy6.pfb></usr/local/texlive/2021/te
xmf-dist/fonts/type1/public/amsfonts/cm/cmsy7.pfb></usr/local/texlive/2021/texm
f-dist/fonts/type1/public/amsfonts/cm/cmsy8.pfb></usr/local/texlive/2021/texmf-
dist/fonts/type1/public/amsfonts/cm/cmti12.pfb></usr/local/texlive/2021/texmf-d
ist/fonts/type1/public/amsfonts/symbols/msam10.pfb></usr/local/texlive/2021/tex
mf-dist/fonts/type1/public/amsfonts/symbols/msbm10.pfb></usr/local/texlive/2021
/texmf-dist/fonts/type1/public/xypic/xyatip10.pfb></usr/local/texlive/2021/texm
f-dist/fonts/type1/public/xypic/xybtip10.pfb>
Output written on 325.pdf (82 pages, 512170 bytes).
PDF statistics:
 851 PDF objects out of 1000 (max. 8388607)
 736 compressed objects within 8 object streams
 394 named destinations out of 1000 (max. 500000)
 1 words of extra memory for PDF output out of 10000 (max. 10000000)

