This is pdfTeX, Version 3.141592653-2.6-1.40.22 (TeX Live 2021) (preloaded format=pdflatex 2021.8.23)  21 NOV 2022 16:11
entering extended mode
 restricted \write18 enabled.
 file:line:error style messages enabled.
 %&-line parsing enabled.
**221.tex
(./221.tex
LaTeX2e <2020-10-01> patch level 4
L3 programming layer <2021-02-18>
(/usr/local/texlive/2021/texmf-dist/tex/latex/amscls/amsart.cls
Document Class: amsart 2020/05/29 v2.20.6
\linespacing=\dimen138
\normalparindent=\dimen139
\normaltopskip=\skip47
(/usr/local/texlive/2021/texmf-dist/tex/latex/amsmath/amsmath.sty
Package: amsmath 2020/09/23 v2.17i AMS math features
\@mathmargin=\skip48

For additional information on amsmath, use the `?' option.
(/usr/local/texlive/2021/texmf-dist/tex/latex/amsmath/amstext.sty
Package: amstext 2000/06/29 v2.01 AMS text

(/usr/local/texlive/2021/texmf-dist/tex/latex/amsmath/amsgen.sty
File: amsgen.sty 1999/11/30 v2.0 generic functions
\@emptytoks=\toks15
\ex@=\dimen140
))
(/usr/local/texlive/2021/texmf-dist/tex/latex/amsmath/amsbsy.sty
Package: amsbsy 1999/11/29 v1.2d Bold Symbols
\pmbraise@=\dimen141
)
(/usr/local/texlive/2021/texmf-dist/tex/latex/amsmath/amsopn.sty
Package: amsopn 2016/03/08 v2.02 operator names
)
\inf@bad=\count179
LaTeX Info: Redefining \frac on input line 234.
\uproot@=\count180
\leftroot@=\count181
LaTeX Info: Redefining \overline on input line 399.
\classnum@=\count182
\DOTSCASE@=\count183
LaTeX Info: Redefining \ldots on input line 496.
LaTeX Info: Redefining \dots on input line 499.
LaTeX Info: Redefining \cdots on input line 620.
\Mathstrutbox@=\box47
\strutbox@=\box48
\big@size=\dimen142
LaTeX Font Info:    Redeclaring font encoding OML on input line 743.
LaTeX Font Info:    Redeclaring font encoding OMS on input line 744.
\macc@depth=\count184
\c@MaxMatrixCols=\count185
\dotsspace@=\muskip16
\c@parentequation=\count186
\dspbrk@lvl=\count187
\tag@help=\toks16
\row@=\count188
\column@=\count189
\maxfields@=\count190
\andhelp@=\toks17
\eqnshift@=\dimen143
\alignsep@=\dimen144
\tagshift@=\dimen145
\tagwidth@=\dimen146
\totwidth@=\dimen147
\lineht@=\dimen148
\@envbody=\toks18
\multlinegap=\skip49
\multlinetaggap=\skip50
\mathdisplay@stack=\toks19
LaTeX Info: Redefining \[ on input line 2923.
LaTeX Info: Redefining \] on input line 2924.
)
LaTeX Font Info:    Trying to load font information for U+msa on input line 397
.

(/usr/local/texlive/2021/texmf-dist/tex/latex/amsfonts/umsa.fd
File: umsa.fd 2013/01/14 v3.01 AMS symbols A
)
(/usr/local/texlive/2021/texmf-dist/tex/latex/amsfonts/amsfonts.sty
Package: amsfonts 2013/01/14 v3.01 Basic AMSFonts support
\symAMSa=\mathgroup4
\symAMSb=\mathgroup5
LaTeX Font Info:    Redeclaring math symbol \hbar on input line 98.
LaTeX Font Info:    Overwriting math alphabet `\mathfrak' in version `bold'
(Font)                  U/euf/m/n --> U/euf/b/n on input line 106.
)
\copyins=\insert199
\abstractbox=\box49
\listisep=\skip51
\c@part=\count191
\c@section=\count192
\c@subsection=\count193
\c@subsubsection=\count194
\c@paragraph=\count195
\c@subparagraph=\count196
\c@figure=\count197
\c@table=\count198
\abovecaptionskip=\skip52
\belowcaptionskip=\skip53
\captionindent=\dimen149
\thm@style=\toks20
\thm@bodyfont=\toks21
\thm@headfont=\toks22
\thm@notefont=\toks23
\thm@headpunct=\toks24
\thm@preskip=\skip54
\thm@postskip=\skip55
\thm@headsep=\skip56
\dth@everypar=\toks25
)
(/usr/local/texlive/2021/texmf-dist/tex/latex/graphics/graphicx.sty
Package: graphicx 2020/09/09 v1.2b Enhanced LaTeX Graphics (DPC,SPQR)

(/usr/local/texlive/2021/texmf-dist/tex/latex/graphics/keyval.sty
Package: keyval 2014/10/28 v1.15 key=value parser (DPC)
\KV@toks@=\toks26
)
(/usr/local/texlive/2021/texmf-dist/tex/latex/graphics/graphics.sty
Package: graphics 2020/08/30 v1.4c Standard LaTeX Graphics (DPC,SPQR)

(/usr/local/texlive/2021/texmf-dist/tex/latex/graphics/trig.sty
Package: trig 2016/01/03 v1.10 sin cos tan (DPC)
)
(/usr/local/texlive/2021/texmf-dist/tex/latex/graphics-cfg/graphics.cfg
File: graphics.cfg 2016/06/04 v1.11 sample graphics configuration
)
Package graphics Info: Driver file: pdftex.def on input line 105.

(/usr/local/texlive/2021/texmf-dist/tex/latex/graphics-def/pdftex.def
File: pdftex.def 2020/10/05 v1.2a Graphics/color driver for pdftex
))
\Gin@req@height=\dimen150
\Gin@req@width=\dimen151
)
(/usr/local/texlive/2021/texmf-dist/tex/latex/framed/framed.sty
Package: framed 2011/10/22 v 0.96: framed or shaded text with page breaks
\OuterFrameSep=\skip57
\fb@frw=\dimen152
\fb@frh=\dimen153
\FrameRule=\dimen154
\FrameSep=\dimen155
)
(/usr/local/texlive/2021/texmf-dist/tex/latex/comment/comment.sty
\CommentStream=\write3

Excluding comment 'comment')
(/usr/local/texlive/2021/texmf-dist/tex/latex/amsmath/amscd.sty
Package: amscd 2017/04/14 v2.1 AMS Commutative Diagrams
\athelp@=\toks27
\minaw@=\dimen156
\bigaw@=\dimen157
\minCDarrowwidth=\dimen158
)
(/usr/local/texlive/2021/texmf-dist/tex/latex/amsfonts/amssymb.sty
Package: amssymb 2013/01/14 v3.01 AMS font symbols
)
(/usr/local/texlive/2021/texmf-dist/tex/latex/xcolor/xcolor.sty
Package: xcolor 2016/05/11 v2.12 LaTeX color extensions (UK)

(/usr/local/texlive/2021/texmf-dist/tex/latex/graphics-cfg/color.cfg
File: color.cfg 2016/01/02 v1.6 sample color configuration
)
Package xcolor Info: Driver file: pdftex.def on input line 225.
Package xcolor Info: Model `cmy' substituted by `cmy0' on input line 1348.
Package xcolor Info: Model `hsb' substituted by `rgb' on input line 1352.
Package xcolor Info: Model `RGB' extended on input line 1364.
Package xcolor Info: Model `HTML' substituted by `rgb' on input line 1366.
Package xcolor Info: Model `Hsb' substituted by `hsb' on input line 1367.
Package xcolor Info: Model `tHsb' substituted by `hsb' on input line 1368.
Package xcolor Info: Model `HSB' substituted by `hsb' on input line 1369.
Package xcolor Info: Model `Gray' substituted by `gray' on input line 1370.
Package xcolor Info: Model `wave' substituted by `hsb' on input line 1371.
)
(/usr/local/texlive/2021/texmf-dist/tex/latex/tools/multicol.sty
Package: multicol 2019/12/09 v1.8y multicolumn formatting (FMi)
\c@tracingmulticols=\count266
\mult@box=\box50
\multicol@leftmargin=\dimen159
\c@unbalance=\count267
\c@collectmore=\count268
\doublecol@number=\count269
\multicoltolerance=\count270
\multicolpretolerance=\count271
\full@width=\dimen160
\page@free=\dimen161
\premulticols=\dimen162
\postmulticols=\dimen163
\multicolsep=\skip58
\multicolbaselineskip=\skip59
\partial@page=\box51
\last@line=\box52
\maxbalancingoverflow=\dimen164
\mult@rightbox=\box53
\mult@grightbox=\box54
\mult@gfirstbox=\box55
\mult@firstbox=\box56
\@tempa=\box57
\@tempa=\box58
\@tempa=\box59
\@tempa=\box60
\@tempa=\box61
\@tempa=\box62
\@tempa=\box63
\@tempa=\box64
\@tempa=\box65
\@tempa=\box66
\@tempa=\box67
\@tempa=\box68
\@tempa=\box69
\@tempa=\box70
\@tempa=\box71
\@tempa=\box72
\@tempa=\box73
\@tempa=\box74
\@tempa=\box75
\@tempa=\box76
\@tempa=\box77
\@tempa=\box78
\@tempa=\box79
\@tempa=\box80
\@tempa=\box81
\@tempa=\box82
\@tempa=\box83
\@tempa=\box84
\@tempa=\box85
\@tempa=\box86
\@tempa=\box87
\@tempa=\box88
\@tempa=\box89
\@tempa=\box90
\@tempa=\box91
\@tempa=\box92
\@tempa=\box93
\c@minrows=\count272
\c@columnbadness=\count273
\c@finalcolumnbadness=\count274
\last@try=\dimen165
\multicolovershoot=\dimen166
\multicolundershoot=\dimen167
\mult@nat@firstbox=\box94
\colbreak@box=\box95
\mc@col@check@num=\count275
)
(/usr/local/texlive/2021/texmf-dist/tex/generic/xypic/xy.sty
(/usr/local/texlive/2021/texmf-dist/tex/generic/xypic/xy.tex Bootstrap'ing:
catcodes, docmode,
(/usr/local/texlive/2021/texmf-dist/tex/generic/xypic/xyrecat.tex)
(/usr/local/texlive/2021/texmf-dist/tex/generic/xypic/xyidioms.tex)

 Xy-pic version 3.8.9 <2013/10/06>
 Copyright (c) 1991-2013 by Kristoffer H. Rose <krisrose@tug.org> and others
 Xy-pic is free software: see the User's Guide for details.

Loading kernel: messages; fonts; allocations: state,
\X@c=\dimen168
\Y@c=\dimen169
\U@c=\dimen170
\D@c=\dimen171
\L@c=\dimen172
\R@c=\dimen173
\Edge@c=\toks28
\X@p=\dimen174
\Y@p=\dimen175
\U@p=\dimen176
\D@p=\dimen177
\L@p=\dimen178
\R@p=\dimen179
\Edge@p=\toks29
\X@origin=\dimen180
\Y@origin=\dimen181
\X@xbase=\dimen182
\Y@xbase=\dimen183
\X@ybase=\dimen184
\Y@ybase=\dimen185
\X@min=\dimen186
\Y@min=\dimen187
\X@max=\dimen188
\Y@max=\dimen189
\lastobjectbox@=\box96
\zerodotbox@=\box97
\almostz@=\dimen190
 direction,
\d@X=\dimen191
\d@Y=\dimen192
\K@=\count276
\KK@=\count277
\Direction=\count278
\K@dXdY=\dimen193
\K@dYdX=\dimen194
\xyread@=\read2
\xywrite@=\write4
\csp@=\count279
\quotPTK@=\dimen195

utility macros; pictures: \xy, positions,
\swaptoks@@=\toks30
\connectobjectbox@@=\box98
 objects,
\styletoks@=\toks31
 decorations;
kernel objects: directionals, circles, text; options; algorithms: directions,
edges, connections;  Xy-pic loaded)
(/usr/local/texlive/2021/texmf-dist/tex/generic/iftex/ifpdf.sty
Package: ifpdf 2019/10/25 v3.4 ifpdf legacy package. Use iftex instead.

(/usr/local/texlive/2021/texmf-dist/tex/generic/iftex/iftex.sty
Package: iftex 2020/03/06 v1.0d TeX engine tests
))
Package: xy 2013/10/06 Xy-pic version 3.8.9

(/usr/local/texlive/2021/texmf-dist/tex/generic/xypic/xyall.tex
 Xy-pic option: All features v.3.8
(/usr/local/texlive/2021/texmf-dist/tex/generic/xypic/xycurve.tex
 Xy-pic option: Curve and Spline extension v.3.12 curve,
\crv@cnt@=\count280
\crvpts@=\toks32
\splinebox@=\box99
\splineval@=\dimen196
\splinedepth@=\dimen197
\splinetol@=\dimen198
\splinelength@=\dimen256
 circles,
\L@=\dimen257
 loaded)
(/usr/local/texlive/2021/texmf-dist/tex/generic/xypic/xyframe.tex
 Xy-pic option: Frame and Bracket extension v.3.14 loaded)
(/usr/local/texlive/2021/texmf-dist/tex/generic/xypic/xycmtip.tex
 Xy-pic option: Computer Modern tip extension v.3.7
(/usr/local/texlive/2021/texmf-dist/tex/generic/xypic/xytips.tex
 Xy-pic option: More Tips extension v.3.11 loaded) loaded)
(/usr/local/texlive/2021/texmf-dist/tex/generic/xypic/xyline.tex
 Xy-pic option: Line styles extension v.3.10
\xylinethick@=\dimen258
 loaded)
(/usr/local/texlive/2021/texmf-dist/tex/generic/xypic/xyrotate.tex
 Xy-pic option: Rotate and Scale extension v.3.8 loaded)
(/usr/local/texlive/2021/texmf-dist/tex/generic/xypic/xycolor.tex
 Xy-pic option: Colour extension v.3.11 loaded)
(/usr/local/texlive/2021/texmf-dist/tex/generic/xypic/xymatrix.tex
 Xy-pic option: Matrix feature v.3.14
\Row=\count281
\Col=\count282
\queue@=\toks33
\queue@@=\toks34
\qcount@=\count283
\qcount@@=\count284
\matrixsize@=\count285
 loaded)
(/usr/local/texlive/2021/texmf-dist/tex/generic/xypic/xyarrow.tex
 Xy-pic option: Arrow and Path feature v.3.9 path, \ar, loaded)
(/usr/local/texlive/2021/texmf-dist/tex/generic/xypic/xygraph.tex
 Xy-pic option: Graph feature v.3.11 loaded) loaded)
(/usr/local/texlive/2021/texmf-dist/tex/generic/xypic/xyknot.tex
 Xy-pic option: Knots and Links feature v.3.9 knots and links, loaded)
(/usr/local/texlive/2021/texmf-dist/tex/generic/xypic/xypdf.tex
 Xy-pic option: PDF driver v.1.7 Xy-pic pdf driver: `color' extension support
(/usr/local/texlive/2021/texmf-dist/tex/generic/xypic/xypdf-co.tex loaded)
Xy-pic pdf driver: `curve' extension support
(/usr/local/texlive/2021/texmf-dist/tex/generic/xypic/xypdf-cu.tex loaded)
Xy-pic pdf driver: `frame' extension support
(/usr/local/texlive/2021/texmf-dist/tex/generic/xypic/xypdf-fr.tex loaded)
Xy-pic pdf driver: `line' extension support
(/usr/local/texlive/2021/texmf-dist/tex/generic/xypic/xypdf-li.tex loaded)
Xy-pic pdf driver: `rotate' extension support
(/usr/local/texlive/2021/texmf-dist/tex/generic/xypic/xypdf-ro.tex loaded)
loaded)) (/usr/local/texlive/2021/texmf-dist/tex/latex/enumitem/enumitem.sty
Package: enumitem 2019/06/20 v3.9 Customized lists
\labelindent=\skip60
\enit@outerparindent=\dimen259
\enit@toks=\toks35
\enit@inbox=\box100
\enit@count@id=\count286
\enitdp@description=\count287
)
(/usr/local/texlive/2021/texmf-dist/tex/generic/xypic/xyall.tex
 Xy-pic option: All features v.3.8 not reloaded)
(/usr/local/texlive/2021/texmf-dist/tex/generic/xypic/xyarc.tex
 Xy-pic option: Circle, Ellipse, Arc feature v.3.8 circles, ellipses,
elliptical arcs, loaded)
(/usr/local/texlive/2021/texmf-dist/tex/latex/hyperref/hyperref.sty
Package: hyperref 2021-02-27 v7.00k Hypertext links for LaTeX

(/usr/local/texlive/2021/texmf-dist/tex/generic/ltxcmds/ltxcmds.sty
Package: ltxcmds 2020-05-10 v1.25 LaTeX kernel commands for general use (HO)
)
(/usr/local/texlive/2021/texmf-dist/tex/generic/pdftexcmds/pdftexcmds.sty
Package: pdftexcmds 2020-06-27 v0.33 Utility functions of pdfTeX for LuaTeX (HO
)

(/usr/local/texlive/2021/texmf-dist/tex/generic/infwarerr/infwarerr.sty
Package: infwarerr 2019/12/03 v1.5 Providing info/warning/error messages (HO)
)
Package pdftexcmds Info: \pdf@primitive is available.
Package pdftexcmds Info: \pdf@ifprimitive is available.
Package pdftexcmds Info: \pdfdraftmode found.
)
(/usr/local/texlive/2021/texmf-dist/tex/generic/kvsetkeys/kvsetkeys.sty
Package: kvsetkeys 2019/12/15 v1.18 Key value parser (HO)
)
(/usr/local/texlive/2021/texmf-dist/tex/generic/kvdefinekeys/kvdefinekeys.sty
Package: kvdefinekeys 2019-12-19 v1.6 Define keys (HO)
)
(/usr/local/texlive/2021/texmf-dist/tex/generic/pdfescape/pdfescape.sty
Package: pdfescape 2019/12/09 v1.15 Implements pdfTeX's escape features (HO)
)
(/usr/local/texlive/2021/texmf-dist/tex/latex/hycolor/hycolor.sty
Package: hycolor 2020-01-27 v1.10 Color options for hyperref/bookmark (HO)
)
(/usr/local/texlive/2021/texmf-dist/tex/latex/letltxmacro/letltxmacro.sty
Package: letltxmacro 2019/12/03 v1.6 Let assignment for LaTeX macros (HO)
)
(/usr/local/texlive/2021/texmf-dist/tex/latex/auxhook/auxhook.sty
Package: auxhook 2019-12-17 v1.6 Hooks for auxiliary files (HO)
)
(/usr/local/texlive/2021/texmf-dist/tex/latex/kvoptions/kvoptions.sty
Package: kvoptions 2020-10-07 v3.14 Key value format for package options (HO)
)
\@linkdim=\dimen260
\Hy@linkcounter=\count288
\Hy@pagecounter=\count289

(/usr/local/texlive/2021/texmf-dist/tex/latex/hyperref/pd1enc.def
File: pd1enc.def 2021-02-27 v7.00k Hyperref: PDFDocEncoding definition (HO)
Now handling font encoding PD1 ...
... no UTF-8 mapping file for font encoding PD1
)
(/usr/local/texlive/2021/texmf-dist/tex/latex/hyperref/hyperref-langpatches.def
File: hyperref-langpatches.def 2021-02-27 v7.00k Hyperref: patches for babel la
nguages
) (/usr/local/texlive/2021/texmf-dist/tex/generic/intcalc/intcalc.sty
Package: intcalc 2019/12/15 v1.3 Expandable calculations with integers (HO)
)
(/usr/local/texlive/2021/texmf-dist/tex/generic/etexcmds/etexcmds.sty
Package: etexcmds 2019/12/15 v1.7 Avoid name clashes with e-TeX commands (HO)
)
\Hy@SavedSpaceFactor=\count290

(/usr/local/texlive/2021/texmf-dist/tex/latex/hyperref/puenc.def
File: puenc.def 2021-02-27 v7.00k Hyperref: PDF Unicode definition (HO)
Now handling font encoding PU ...
... no UTF-8 mapping file for font encoding PU
)
Package hyperref Info: Hyper figures OFF on input line 4192.
Package hyperref Info: Link nesting OFF on input line 4197.
Package hyperref Info: Hyper index ON on input line 4200.
Package hyperref Info: Plain pages OFF on input line 4207.
Package hyperref Info: Backreferencing OFF on input line 4212.
Package hyperref Info: Implicit mode ON; LaTeX internals redefined.
Package hyperref Info: Bookmarks ON on input line 4445.
\c@Hy@tempcnt=\count291

(/usr/local/texlive/2021/texmf-dist/tex/latex/url/url.sty
\Urlmuskip=\muskip17
Package: url 2013/09/16  ver 3.4  Verb mode for urls, etc.
)
LaTeX Info: Redefining \url on input line 4804.
\XeTeXLinkMargin=\dimen261

(/usr/local/texlive/2021/texmf-dist/tex/generic/bitset/bitset.sty
Package: bitset 2019/12/09 v1.3 Handle bit-vector datatype (HO)

(/usr/local/texlive/2021/texmf-dist/tex/generic/bigintcalc/bigintcalc.sty
Package: bigintcalc 2019/12/15 v1.5 Expandable calculations on big integers (HO
)
))
\Fld@menulength=\count292
\Field@Width=\dimen262
\Fld@charsize=\dimen263
Package hyperref Info: Hyper figures OFF on input line 6075.
Package hyperref Info: Link nesting OFF on input line 6080.
Package hyperref Info: Hyper index ON on input line 6083.
Package hyperref Info: backreferencing OFF on input line 6090.
Package hyperref Info: Link coloring OFF on input line 6095.
Package hyperref Info: Link coloring with OCG OFF on input line 6100.
Package hyperref Info: PDF/A mode OFF on input line 6105.
LaTeX Info: Redefining \ref on input line 6145.
LaTeX Info: Redefining \pageref on input line 6149.

(/usr/local/texlive/2021/texmf-dist/tex/latex/base/atbegshi-ltx.sty
Package: atbegshi-ltx 2020/08/17 v1.0a Emulation of the original atbegshi packa
ge
with kernel methods
)
\Hy@abspage=\count293
\c@Item=\count294
\c@Hfootnote=\count295
)
Package hyperref Info: Driver (autodetected): hpdftex.

(/usr/local/texlive/2021/texmf-dist/tex/latex/hyperref/hpdftex.def
File: hpdftex.def 2021-02-27 v7.00k Hyperref driver for pdfTeX

(/usr/local/texlive/2021/texmf-dist/tex/latex/base/atveryend-ltx.sty
Package: atveryend-ltx 2020/08/19 v1.0a Emulation of the original atvery packag
e
with kernel methods
)
\Fld@listcount=\count296
\c@bookmark@seq@number=\count297

(/usr/local/texlive/2021/texmf-dist/tex/latex/rerunfilecheck/rerunfilecheck.sty
Package: rerunfilecheck 2019/12/05 v1.9 Rerun checks for auxiliary files (HO)

(/usr/local/texlive/2021/texmf-dist/tex/generic/uniquecounter/uniquecounter.sty
Package: uniquecounter 2019/12/15 v1.4 Provide unlimited unique counter (HO)
)
Package uniquecounter Info: New unique counter `rerunfilecheck' on input line 2
86.
)
\Hy@SectionHShift=\skip61
)
\c@preproof=\count298
\c@obs=\count299
\c@introthm=\count300
\@indexfile=\write5
\openout5 = `221.idx'.


Writing index file 221.idx
(/usr/local/texlive/2021/texmf-dist/tex/latex/l3backend/l3backend-pdftex.def
File: l3backend-pdftex.def 2021-03-18 L3 backend support: PDF output (pdfTeX)
\l__color_backend_stack_int=\count301
\l__pdf_internal_box=\box101
)
(./221.aux)
\openout1 = `221.aux'.

LaTeX Font Info:    Checking defaults for OML/cmm/m/it on input line 85.
LaTeX Font Info:    ... okay on input line 85.
LaTeX Font Info:    Checking defaults for OMS/cmsy/m/n on input line 85.
LaTeX Font Info:    ... okay on input line 85.
LaTeX Font Info:    Checking defaults for OT1/cmr/m/n on input line 85.
LaTeX Font Info:    ... okay on input line 85.
LaTeX Font Info:    Checking defaults for T1/cmr/m/n on input line 85.
LaTeX Font Info:    ... okay on input line 85.
LaTeX Font Info:    Checking defaults for TS1/cmr/m/n on input line 85.
LaTeX Font Info:    ... okay on input line 85.
LaTeX Font Info:    Checking defaults for OMX/cmex/m/n on input line 85.
LaTeX Font Info:    ... okay on input line 85.
LaTeX Font Info:    Checking defaults for U/cmr/m/n on input line 85.
LaTeX Font Info:    ... okay on input line 85.
LaTeX Font Info:    Checking defaults for PD1/pdf/m/n on input line 85.
LaTeX Font Info:    ... okay on input line 85.
LaTeX Font Info:    Checking defaults for PU/pdf/m/n on input line 85.
LaTeX Font Info:    ... okay on input line 85.
LaTeX Font Info:    Trying to load font information for U+msa on input line 85.

 (/usr/local/texlive/2021/texmf-dist/tex/latex/amsfonts/umsa.fd
File: umsa.fd 2013/01/14 v3.01 AMS symbols A
)
LaTeX Font Info:    Trying to load font information for U+msb on input line 85.


(/usr/local/texlive/2021/texmf-dist/tex/latex/amsfonts/umsb.fd
File: umsb.fd 2013/01/14 v3.01 AMS symbols B
)
(/usr/local/texlive/2021/texmf-dist/tex/context/base/mkii/supp-pdf.mkii
[Loading MPS to PDF converter (version 2006.09.02).]
\scratchcounter=\count302
\scratchdimen=\dimen264
\scratchbox=\box102
\nofMPsegments=\count303
\nofMParguments=\count304
\everyMPshowfont=\toks36
\MPscratchCnt=\count305
\MPscratchDim=\dimen265
\MPnumerator=\count306
\makeMPintoPDFobject=\count307
\everyMPtoPDFconversion=\toks37
) (/usr/local/texlive/2021/texmf-dist/tex/latex/epstopdf-pkg/epstopdf-base.sty
Package: epstopdf-base 2020-01-24 v2.11 Base part for package epstopdf
Package epstopdf-base Info: Redefining graphics rule for `.eps' on input line 4
85.

(/usr/local/texlive/2021/texmf-dist/tex/latex/latexconfig/epstopdf-sys.cfg
File: epstopdf-sys.cfg 2010/07/13 v1.3 Configuration of (r)epstopdf for TeX Liv
e
))
Package xypdf Info: Line width: 0.47998pt on input line 85.
Package hyperref Info: Link coloring OFF on input line 85.

(/usr/local/texlive/2021/texmf-dist/tex/latex/hyperref/nameref.sty
Package: nameref 2021-04-02 v2.47 Cross-referencing by name of section

(/usr/local/texlive/2021/texmf-dist/tex/latex/refcount/refcount.sty
Package: refcount 2019/12/15 v3.6 Data extraction from label references (HO)
)
(/usr/local/texlive/2021/texmf-dist/tex/generic/gettitlestring/gettitlestring.s
ty
Package: gettitlestring 2019/12/15 v1.6 Cleanup title references (HO)
)
\c@section@level=\count308
)
LaTeX Info: Redefining \ref on input line 85.
LaTeX Info: Redefining \pageref on input line 85.
LaTeX Info: Redefining \nameref on input line 85.
 (./221.out) (./221.out)
\@outlinefile=\write6
\openout6 = `221.out'.

 (./221.toc)
\tf@toc=\write7
\openout7 = `221.toc'.

 [1{/usr/local/texlive/2021/texmf-var/fonts/map/pdftex/updmap/pdftex.map}] [2] 
[3] [4] [5] [6] [7] [8] [9]
Underfull \hbox (badness 10000) in paragraph at lines 390--392

 []

<sf1.png, id=227, 429.605pt x 426.59375pt>
File: sf1.png Graphic file (type png)
<use sf1.png>
Package pdftex.def Info: sf1.png  used on input line 392.
(pdftex.def)             Requested size: 214.80197pt x 213.29634pt.

Underfull \vbox (badness 1888) has occurred while \output is active []

 [10]
<sf2.png, id=238, 458.71375pt x 457.71pt>
File: sf2.png Graphic file (type png)
<use sf2.png>
Package pdftex.def Info: sf2.png  used on input line 397.
(pdftex.def)             Requested size: 229.35631pt x 228.85445pt.
<sf3.png, id=239, 463.7325pt x 461.725pt>
File: sf3.png Graphic file (type png)
<use sf3.png>
Package pdftex.def Info: sf3.png  used on input line 402.
(pdftex.def)             Requested size: 231.86568pt x 230.86194pt.

[11 <./sf1.png> <./sf2.png>]
<sf4.png, id=246, 462.72874pt x 466.74374pt>
File: sf4.png Graphic file (type png)
<use sf4.png>
Package pdftex.def Info: sf4.png  used on input line 416.
(pdftex.def)             Requested size: 231.3638pt x 233.37129pt.

Underfull \vbox (badness 10000) detected at line 417
 []


Underfull \vbox (badness 10000) has occurred while \output is active []

 [12 <./sf3.png>]
<sf7.png, id=257, 405.515pt x 397.485pt>
File: sf7.png Graphic file (type png)
<use sf7.png>
Package pdftex.def Info: sf7.png  used on input line 430.
(pdftex.def)             Requested size: 202.75699pt x 198.742pt.

Underfull \vbox (badness 10000) has occurred while \output is active []

 [13 <./sf4.png>]
<sf8.png, id=265, 405.515pt x 401.5pt>
File: sf8.png Graphic file (type png)
<use sf8.png>
Package pdftex.def Info: sf8.png  used on input line 432.
(pdftex.def)             Requested size: 202.75699pt x 200.7495pt.
 [14 <./sf7.png> <./sf8.png>]
<sf5.png, id=275, 418.56375pt x 411.5375pt>
File: sf5.png Graphic file (type png)
<use sf5.png>
Package pdftex.def Info: sf5.png  used on input line 458.
(pdftex.def)             Requested size: 209.28136pt x 205.76825pt.
<sf6.png, id=276, 412.54124pt x 411.5375pt>
File: sf6.png Graphic file (type png)
<use sf6.png>
Package pdftex.def Info: sf6.png  used on input line 460.
(pdftex.def)             Requested size: 206.27011pt x 205.76825pt.

Underfull \vbox (badness 10000) has occurred while \output is active []

 [15 <./sf5.png>] [16 <./sf6.png>]
Overfull \hbox (3.46704pt too wide) in paragraph at lines 496--496
[][]\OT1/cmr/bx/n/12 Example 4.4. []\OT1/cmr/m/n/12 To com-pute $[] \OML/cmm/m/
it/12 x[] []\OT1/cmr/m/n/12 (\OML/cmm/m/it/12 x[]\OT1/cmr/m/n/12 ) \OML/cmm/m/i
t/12 dx$\OT1/cmr/m/n/12 , take $\OML/cmm/m/it/12 u \OT1/cmr/m/n/12 = \OML/cmm/m
/it/12 x[]$\OT1/cmr/m/n/12 , so $[]$.
 []

[17] [18] [19] Excluding 'comment' comment. [20] [21] [22]
<gr1.png, id=338, 542.025pt x 416.55624pt>
File: gr1.png Graphic file (type png)
<use gr1.png>
Package pdftex.def Info: gr1.png  used on input line 719.
(pdftex.def)             Requested size: 271.01183pt x 208.2776pt.
 [23] [24 <./gr1.png>] [25] [26] [27]
Overfull \hbox (40.35239pt too wide) detected at line 849
\U/msa/m/n/12   \OML/cmm/m/it/12 e[]T \OT1/cmr/m/n/12 = [] \OMS/cmsy/m/n/12 ^^@
\OT1/cmr/m/n/12 400\OML/cmm/m/it/12 ke[] dt \OT1/cmr/m/n/12 = \OMS/cmsy/m/n/12 
^^@\OT1/cmr/m/n/12 400\OML/cmm/m/it/12 k [] e[] dt \OT1/cmr/m/n/12 = []\OML/cmm
/m/it/12 e[] \OT1/cmr/m/n/12 + \OML/cmm/m/it/12 C \OT1/cmr/m/n/12 = 400\OML/cmm
/m/it/12 e[] \OT1/cmr/m/n/12 + \OML/cmm/m/it/12 C
 []

[28] [29] [30]
Overfull \hbox (2.93391pt too wide) in paragraph at lines 935--936
[]\OT1/cmr/m/n/12 Based on your model (and not just the story), de-ter-mine whe
ther
 []

[31]
<sf9.png, id=396, 492.84125pt x 490.83376pt>
File: sf9.png Graphic file (type png)
<use sf9.png>
Package pdftex.def Info: sf9.png  used on input line 942.
(pdftex.def)             Requested size: 246.42001pt x 245.41628pt.
 [32 <./sf9.png>] [33] [34] [35] [36] [37]
Overfull \hbox (4.31795pt too wide) in paragraph at lines 1110--1111
[][]\OT1/cmr/bx/n/12 Theorem 10.7 \OT1/cmr/m/n/12 (Prin-ci-ple of su-per-po-si-
tion for non-ho-mo-ge-neous ODEs)\OT1/cmr/bx/n/12 .
 []

[38] [39pdfTeX warning (ext4): destination with the same identifier (name{equat
ion.11.1}) has been already used, duplicate ignored
<argument> ...shipout:D \box_use:N \l_shipout_box 
                                                  
l.1177 \begin
             {enumerate}] [40]pdfTeX warning (ext4): destination with the same 
identifier (name{equation.11.1}) has been already used, duplicate ignored
<to be read again> 
                   \relax 
l.1234 \begin{ex} C
                   onsider the ODE [41]
<det1.png, id=501, 148.555pt x 79.29625pt>
File: det1.png Graphic file (type png)
<use det1.png>
Package pdftex.def Info: det1.png  used on input line 1279.
(pdftex.def)             Requested size: 81.70549pt x 43.61305pt.
 [42 <./det1.png>]
Overfull \hbox (2.37727pt too wide) in paragraph at lines 1301--1302
[][]\OT1/cmr/bx/n/12 Example 12.3. []\OT1/cmr/m/n/12 Let's use Wron-skians to s
how that the func-tions $\OMS/cmsy/m/n/12 f\OML/cmm/m/it/12 x; e[]\OMS/cmsy/m/n
/12 g$
 []


Overfull \hbox (3.75435pt too wide) in paragraph at lines 1315--1316
[]$\OML/cmm/m/it/12 f[]; [] ; f[]$ \OT1/cmr/m/n/12 are lin-early in-de-pen-dent
 on the in-ter-val $\OMS/cmsy/m/n/12 ([])$ \OT1/cmr/m/n/12 the Wron-
 []

[43] [44]
Overfull \hbox (22.32095pt too wide) in paragraph at lines 1369--1371
[]\OT1/cmr/m/n/12 We also saw that $[](\OML/cmm/m/it/12 x\OT1/cmr/m/n/12 )\OML/
cmm/m/it/12 ; []\OT1/cmr/m/n/12 (\OML/cmm/m/it/12 x\OT1/cmr/m/n/12 )$ are so-lu
-tions. Is $\OMS/cmsy/m/n/12 f[]\OT1/cmr/m/n/12 (\OML/cmm/m/it/12 x\OT1/cmr/m/n
/12 )\OML/cmm/m/it/12 ; []\OT1/cmr/m/n/12 (\OML/cmm/m/it/12 x\OT1/cmr/m/n/12 )\
OMS/cmsy/m/n/12 g$
 []

[45] [46] [47] [48]
Overfull \hbox (11.83226pt too wide) in paragraph at lines 1548--1552
\OT1/cmr/m/n/12 (In a gen-eral re-duc-tion of or-der ex-am-ple, we would now se
t $[]\OML/cmm/m/it/12 ; []$\OT1/cmr/m/n/12 ,
 []

[49]
Overfull \hbox (4.76198pt too wide) detected at line 1594
[][]
 []

[50]
Overfull \hbox (13.4856pt too wide) detected at line 1602
\OML/cmm/m/it/12 e[] \OT1/cmr/m/n/12 = \OML/cmm/m/it/12 e[]e[] \OT1/cmr/m/n/12 
= \OML/cmm/m/it/12 e[]\OT1/cmr/m/n/12 ([](\OMS/cmsy/m/n/12 ^^@\OML/cmm/m/it/12 
bx\OT1/cmr/m/n/12 ) + \OML/cmm/m/it/12 i []\OT1/cmr/m/n/12 (\OMS/cmsy/m/n/12 ^^
@\OML/cmm/m/it/12 bx\OT1/cmr/m/n/12 )) = \OML/cmm/m/it/12 e[] []\OT1/cmr/m/n/12
 (\OML/cmm/m/it/12 bx\OT1/cmr/m/n/12 ) \OMS/cmsy/m/n/12 ^^@ \OML/cmm/m/it/12 ie
[] []\OT1/cmr/m/n/12 (\OML/cmm/m/it/12 bx\OT1/cmr/m/n/12 )
 []

[51] [52] [53] [54] [55]
Overfull \hbox (39.15662pt too wide) in paragraph at lines 1762--1764
\OT1/cmr/m/n/12 i.e., take the prod-ucts of func-tions in $\OMS/cmsy/m/n/12 f\O
ML/cmm/m/it/12 x; \OT1/cmr/m/n/12 1\OMS/cmsy/m/n/12 g$ \OT1/cmr/m/n/12 with fun
c-tions in $\OMS/cmsy/m/n/12 f[]\OT1/cmr/m/n/12 (3\OML/cmm/m/it/12 x\OT1/cmr/m/
n/12 )\OML/cmm/m/it/12 ; []\OT1/cmr/m/n/12 (3\OML/cmm/m/it/12 x\OT1/cmr/m/n/12 
)\OMS/cmsy/m/n/12 g$\OT1/cmr/m/n/12 : 
 []

[56]
<tac01.jpg, id=618, 580.1675pt x 326.21875pt>
File: tac01.jpg Graphic file (type jpg)
<use tac01.jpg>
Package pdftex.def Info: tac01.jpg  used on input line 1843.
(pdftex.def)             Requested size: 118.80066pt x 66.79562pt.
<tac02.png, id=619, 508.299pt x 294.8616pt>
File: tac02.png Graphic file (type png)
<use tac02.png>
Package pdftex.def Info: tac02.png  used on input line 1846.
(pdftex.def)             Requested size: 118.80066pt x 68.91454pt.
<tac03.jpg, id=620, 513.92pt x 397.485pt>
File: tac03.jpg Graphic file (type jpg)
<use tac03.jpg>
Package pdftex.def Info: tac03.jpg  used on input line 1849.
(pdftex.def)             Requested size: 118.80066pt x 91.88057pt.
 [57] [58 <./tac01.jpg> <./tac02.png> <./tac03.jpg>] [59]
Underfull \vbox (badness 2213) detected at line 1928
 []


Underfull \vbox (badness 5203) has occurred while \output is active []

 [60]
[61]
<spring1.png, id=657, 379.4175pt x 314.17375pt>
File: spring1.png Graphic file (type png)
<use spring1.png>
Package pdftex.def Info: spring1.png  used on input line 1962.
(pdftex.def)             Requested size: 189.70828pt x 157.08649pt.

Overfull \hbox (12.07672pt too wide) in paragraph at lines 1964--1964
[][] \OT1/cmr/m/n/12 = [][] = \OML/cmm/m/it/12 i^^M$ \OT1/cmr/m/n/12 for $\OML/
cmm/m/it/12 ^^M \OT1/cmr/m/n/12 = [][]$.
 []

<spring2.png, id=658, 429.605pt x 421.575pt>
File: spring2.png Graphic file (type png)
<use spring2.png>
Package pdftex.def Info: spring2.png  used on input line 1966.
(pdftex.def)             Requested size: 214.80197pt x 210.78697pt.
[62 <./spring1.png>]
<spring3.png, id=666, 432.61626pt x 357.335pt>
File: spring3.png Graphic file (type png)
<use spring3.png>
Package pdftex.def Info: spring3.png  used on input line 1971.
(pdftex.def)             Requested size: 216.3076pt x 178.66705pt.
 [63 <./spring2.png> <./spring3.png>]
<spring4.png, id=675, 612.2875pt x 254.9525pt>
File: spring4.png Graphic file (type png)
<use spring4.png>
Package pdftex.def Info: spring4.png  used on input line 1990.
(pdftex.def)             Requested size: 306.143pt x 127.47592pt.
<spring5.png, id=676, 494.84875pt x 413.545pt>
File: spring5.png Graphic file (type png)
<use spring5.png>
Package pdftex.def Info: spring5.png  used on input line 2002.
(pdftex.def)             Requested size: 247.42377pt x 206.77199pt.
 [64 <./spring4.png>]
[65 <./spring5.png>] [66] [67] [68] [69] [70] [71] [72]
Overfull \hbox (9.4838pt too wide) in paragraph at lines 2291--2292
[]\OT1/cmr/m/n/12 We can also com-pute in-verse Laplace trans-forms of ir-re-du
cible quadrat-
 []

[73]
Overfull \hbox (8.04338pt too wide) detected at line 2315
[][]
 []

[74] [75] [76] [77] [78] [79] [80] Excluding 'comment' comment. (./221.ind
[81] [82

]) (./221.aux)

Package rerunfilecheck Warning: File `221.out' has changed.
(rerunfilecheck)                Rerun to get outlines right
(rerunfilecheck)                or use package `bookmark'.

Package rerunfilecheck Info: Checksums for `221.out':
(rerunfilecheck)             Before: DA8672F036D06E0FD10EDF1FEC2AA04E;3441
(rerunfilecheck)             After:  1C17A3FD77A1950C024BE9D13F31257A;3282.
 ) 
Here is how much of TeX's memory you used:
 13989 strings out of 478994
 189983 string characters out of 5858184
 564799 words of memory out of 5000000
 30710 multiletter control sequences out of 15000+600000
 414703 words of font info for 73 fonts, out of 8000000 for 9000
 1302 hyphenation exceptions out of 8191
 82i,16n,88p,3235b,558s stack positions out of 5000i,500n,10000p,200000b,80000s
pdfTeX warning (dest): name{section*.48} has been referenced but does not exi
st, replaced by a fixed one

pdfTeX warning (dest): name{section.22} has been referenced but does not exist,
 replaced by a fixed one

{/usr/local/texlive/2021/texmf-dist/fonts/enc/dvips/cm-super/cm-super-ts1.enc}<
/usr/local/texlive/2021/texmf-dist/fonts/type1/public/amsfonts/cm/cmbx12.pfb></
usr/local/texlive/2021/texmf-dist/fonts/type1/public/amsfonts/cm/cmcsc10.pfb></
usr/local/texlive/2021/texmf-dist/fonts/type1/public/amsfonts/cm/cmex10.pfb></u
sr/local/texlive/2021/texmf-dist/fonts/type1/public/amsfonts/cmextra/cmex8.pfb>
</usr/local/texlive/2021/texmf-dist/fonts/type1/public/amsfonts/cm/cmmi10.pfb><
/usr/local/texlive/2021/texmf-dist/fonts/type1/public/amsfonts/cm/cmmi12.pfb></
usr/local/texlive/2021/texmf-dist/fonts/type1/public/amsfonts/cm/cmmi6.pfb></us
r/local/texlive/2021/texmf-dist/fonts/type1/public/amsfonts/cm/cmmi8.pfb></usr/
local/texlive/2021/texmf-dist/fonts/type1/public/amsfonts/cm/cmr10.pfb></usr/lo
cal/texlive/2021/texmf-dist/fonts/type1/public/amsfonts/cm/cmr12.pfb></usr/loca
l/texlive/2021/texmf-dist/fonts/type1/public/amsfonts/cm/cmr6.pfb></usr/local/t
exlive/2021/texmf-dist/fonts/type1/public/amsfonts/cm/cmr8.pfb></usr/local/texl
ive/2021/texmf-dist/fonts/type1/public/amsfonts/cm/cmr9.pfb></usr/local/texlive
/2021/texmf-dist/fonts/type1/public/amsfonts/cm/cmsy10.pfb></usr/local/texlive/
2021/texmf-dist/fonts/type1/public/amsfonts/cm/cmsy6.pfb></usr/local/texlive/20
21/texmf-dist/fonts/type1/public/amsfonts/cm/cmsy7.pfb></usr/local/texlive/2021
/texmf-dist/fonts/type1/public/amsfonts/cm/cmsy8.pfb></usr/local/texlive/2021/t
exmf-dist/fonts/type1/public/amsfonts/cm/cmti12.pfb></usr/local/texlive/2021/te
xmf-dist/fonts/type1/public/amsfonts/symbols/msam10.pfb></usr/local/texlive/202
1/texmf-dist/fonts/type1/public/amsfonts/symbols/msbm10.pfb></usr/local/texlive
/2021/texmf-dist/fonts/type1/public/cm-super/sfbx1200.pfb></usr/local/texlive/2
021/texmf-dist/fonts/type1/public/cm-super/sfrm1200.pfb>
Output written on 221.pdf (82 pages, 1570891 bytes).
PDF statistics:
 1051 PDF objects out of 1200 (max. 8388607)
 900 compressed objects within 9 object streams
 372 named destinations out of 1000 (max. 500000)
 280 words of extra memory for PDF output out of 10000 (max. 10000000)

