\BOOKMARK [1][-]{section.1}{\376\377\0001\000.\000\040\000A\000u\000g\000u\000s\000t\000\040\0002\0003\000,\000\040\0002\0000\0002\0002}{}% 1
\BOOKMARK [1][-]{section.2}{\376\377\0002\000.\000\040\000A\000u\000g\000u\000s\000t\000\040\0002\0005\000,\000\040\0002\0000\0002\0002}{}% 2
\BOOKMARK [1][-]{section.3}{\376\377\0003\000.\000\040\000A\000u\000g\000u\000s\000t\000\040\0003\0000\000,\000\040\0002\0000\0002\0002}{}% 3
\BOOKMARK [1][-]{section.4}{\376\377\0004\000.\000\040\000S\000e\000p\000t\000e\000m\000b\000e\000r\000\040\0001\000,\000\040\0002\0000\0002\0002}{}% 4
\BOOKMARK [1][-]{section.5}{\376\377\0005\000.\000\040\000S\000e\000p\000t\000e\000m\000b\000e\000r\000\040\0006\000,\000\040\0002\0000\0002\0002}{}% 5
\BOOKMARK [1][-]{section.6}{\376\377\0006\000.\000\040\000S\000e\000p\000t\000e\000m\000b\000e\000r\000\040\0008\000,\000\040\0002\0000\0002\0002}{}% 6
\BOOKMARK [1][-]{section.7}{\376\377\0007\000.\000\040\000S\000e\000p\000t\000e\000m\000b\000e\000r\000\040\0001\0003\000,\000\040\0002\0000\0002\0002}{}% 7
\BOOKMARK [1][-]{section.8}{\376\377\0008\000.\000\040\000S\000e\000p\000t\000e\000m\000b\000e\000r\000\040\0001\0005\000,\000\040\0002\0000\0002\0002}{}% 8
\BOOKMARK [1][-]{section.9}{\376\377\0009\000.\000\040\000S\000e\000p\000t\000e\000m\000b\000e\000r\000\040\0002\0000\000,\000\040\0002\0000\0002\0002}{}% 9
\BOOKMARK [1][-]{section.10}{\376\377\0001\0000\000.\000\040\000S\000e\000p\000t\000e\000m\000b\000e\000r\000\040\0002\0002\000,\000\040\0002\0000\0002\0002}{}% 10
\BOOKMARK [1][-]{section.11}{\376\377\0001\0001\000.\000\040\000O\000c\000t\000o\000b\000e\000r\000\040\0004\000,\000\040\0002\0000\0002\0002}{}% 11
\BOOKMARK [1][-]{section.12}{\376\377\0001\0002\000.\000\040\000O\000c\000t\000o\000b\000e\000r\000\040\0006\000,\000\040\0002\0000\0002\0002}{}% 12
\BOOKMARK [1][-]{section.13}{\376\377\0001\0003\000.\000\040\000O\000c\000t\000o\000b\000e\000r\000\040\0001\0001\000,\000\040\0002\0000\0002\0002}{}% 13
\BOOKMARK [1][-]{section.14}{\376\377\0001\0004\000.\000\040\000O\000c\000t\000o\000b\000e\000r\000\040\0001\0003\000,\000\040\0002\0000\0002\0002}{}% 14
\BOOKMARK [1][-]{section.15}{\376\377\0001\0005\000.\000\040\000O\000c\000t\000o\000b\000e\000r\000\040\0002\0000\000,\000\040\0002\0000\0002\0002}{}% 15
\BOOKMARK [1][-]{section.16}{\376\377\0001\0006\000.\000\040\000O\000c\000t\000o\000b\000e\000r\000\040\0002\0005\000,\000\040\0002\0000\0002\0002}{}% 16
\BOOKMARK [1][-]{section.17}{\376\377\0001\0007\000.\000\040\000O\000c\000t\000o\000b\000e\000r\000\040\0002\0007\000,\000\040\0002\0000\0002\0002}{}% 17
\BOOKMARK [1][-]{section.18}{\376\377\0001\0008\000.\000\040\000N\000o\000v\000e\000m\000b\000e\000r\000\040\0001\000,\000\040\0002\0000\0002\0002}{}% 18
\BOOKMARK [1][-]{section.19}{\376\377\0001\0009\000.\000\040\000N\000o\000v\000e\000m\000b\000e\000r\000\040\0003\000,\000\040\0002\0000\0002\0002}{}% 19
\BOOKMARK [1][-]{section*.39}{\376\377\000I\000n\000d\000e\000x}{}% 20
