\BOOKMARK [1][-]{section.1}{1. August 23, 2022}{}% 1
\BOOKMARK [1][-]{section.2}{2. August 25, 2022}{}% 2
\BOOKMARK [2][-]{section*.1}{Making sense of if then statements and quantifier statements}{section.2}% 3
\BOOKMARK [2][-]{section*.2}{Proving if then statements and quantifier statements}{section.2}% 4
\BOOKMARK [1][-]{section.3}{3. August 30, 2022}{}% 5
\BOOKMARK [1][-]{section.4}{4. September 1, 2022}{}% 6
\BOOKMARK [1][-]{section.5}{5. September 6, 2022}{}% 7
\BOOKMARK [1][-]{section.6}{6. September 8, 2022}{}% 8
\BOOKMARK [1][-]{section.7}{7. September 13, 2022}{}% 9
\BOOKMARK [1][-]{section.8}{8. September 15, 2022}{}% 10
\BOOKMARK [1][-]{section.9}{9. September 20, 2022}{}% 11
\BOOKMARK [1][-]{section.10}{10. September 22, 2022}{}% 12
\BOOKMARK [1][-]{section.11}{11. September 27, 2022}{}% 13
\BOOKMARK [1][-]{section.12}{12. September 29, 2022}{}% 14
\BOOKMARK [1][-]{section.13}{13. October 4, 2022}{}% 15
\BOOKMARK [1][-]{section.14}{14. October 6, 2022}{}% 16
\BOOKMARK [2][-]{section*.3}{Decimal expansions}{section.14}% 17
\BOOKMARK [1][-]{section.15}{15. October 20, 2022}{}% 18
\BOOKMARK [1][-]{section.16}{16. October 25, 2022}{}% 19
\BOOKMARK [1][-]{section.17}{17. October 27, 2022}{}% 20
\BOOKMARK [1][-]{section.18}{18. November 1, 2022}{}% 21
\BOOKMARK [1][-]{section.19}{19. November 3, 2022}{}% 22
\BOOKMARK [1][-]{section.20}{20. November 8, 2022}{}% 23
\BOOKMARK [1][-]{section.21}{21. November 10, 2022}{}% 24
\BOOKMARK [1][-]{section.22}{22. November 22, 2022}{}% 25
