This is pdfTeX, Version 3.14159265-2.6-1.40.21 (TeX Live 2020) (preloaded format=pdflatex 2020.4.7)  5 MAR 2023 16:56
entering extended mode
 restricted \write18 enabled.
 file:line:error style messages enabled.
 %&-line parsing enabled.
**LCnotes.tex
(./LCnotes.tex
LaTeX2e <2020-02-02> patch level 5
L3 programming layer <2020-03-06>
(/usr/local/texlive/2020/texmf-dist/tex/latex/base/book.cls
Document Class: book 2019/12/20 v1.4l Standard LaTeX document class
(/usr/local/texlive/2020/texmf-dist/tex/latex/base/bk11.clo
File: bk11.clo 2019/12/20 v1.4l Standard LaTeX file (size option)
)
\c@part=\count167
\c@chapter=\count168
\c@section=\count169
\c@subsection=\count170
\c@subsubsection=\count171
\c@paragraph=\count172
\c@subparagraph=\count173
\c@figure=\count174
\c@table=\count175
\abovecaptionskip=\skip47
\belowcaptionskip=\skip48
\bibindent=\dimen134
)
(/usr/local/texlive/2020/texmf-dist/tex/latex/geometry/geometry.sty
Package: geometry 2020/01/02 v5.9 Page Geometry

(/usr/local/texlive/2020/texmf-dist/tex/latex/graphics/keyval.sty
Package: keyval 2014/10/28 v1.15 key=value parser (DPC)
\KV@toks@=\toks15
)
(/usr/local/texlive/2020/texmf-dist/tex/generic/iftex/ifvtex.sty
Package: ifvtex 2019/10/25 v1.7 ifvtex legacy package. Use iftex instead.

(/usr/local/texlive/2020/texmf-dist/tex/generic/iftex/iftex.sty
Package: iftex 2020/03/06 v1.0d TeX engine tests
))
\Gm@cnth=\count176
\Gm@cntv=\count177
\c@Gm@tempcnt=\count178
\Gm@bindingoffset=\dimen135
\Gm@wd@mp=\dimen136
\Gm@odd@mp=\dimen137
\Gm@even@mp=\dimen138
\Gm@layoutwidth=\dimen139
\Gm@layoutheight=\dimen140
\Gm@layouthoffset=\dimen141
\Gm@layoutvoffset=\dimen142
\Gm@dimlist=\toks16
)
(/usr/local/texlive/2020/texmf-dist/tex/latex/base/latexsym.sty
Package: latexsym 1998/08/17 v2.2e Standard LaTeX package (lasy symbols)
\symlasy=\mathgroup4
LaTeX Font Info:    Overwriting symbol font `lasy' in version `bold'
(Font)                  U/lasy/m/n --> U/lasy/b/n on input line 52.
)
(/usr/local/texlive/2020/texmf-dist/tex/latex/amsfonts/amsfonts.sty
Package: amsfonts 2013/01/14 v3.01 Basic AMSFonts support
\@emptytoks=\toks17
\symAMSa=\mathgroup5
\symAMSb=\mathgroup6
LaTeX Font Info:    Redeclaring math symbol \hbar on input line 98.
LaTeX Font Info:    Overwriting math alphabet `\mathfrak' in version `bold'
(Font)                  U/euf/m/n --> U/euf/b/n on input line 106.
)
(/usr/local/texlive/2020/texmf-dist/tex/latex/amsfonts/amssymb.sty
Package: amssymb 2013/01/14 v3.01 AMS font symbols
)
(/usr/local/texlive/2020/texmf-dist/tex/latex/amscls/amsthm.sty
Package: amsthm 2017/10/31 v2.20.4
\thm@style=\toks18
\thm@bodyfont=\toks19
\thm@headfont=\toks20
\thm@notefont=\toks21
\thm@headpunct=\toks22
\thm@preskip=\skip49
\thm@postskip=\skip50
\thm@headsep=\skip51
\dth@everypar=\toks23
)
(/usr/local/texlive/2020/texmf-dist/tex/latex/amsmath/amsmath.sty
Package: amsmath 2020/01/20 v2.17e AMS math features
\@mathmargin=\skip52

For additional information on amsmath, use the `?' option.
(/usr/local/texlive/2020/texmf-dist/tex/latex/amsmath/amstext.sty
Package: amstext 2000/06/29 v2.01 AMS text

(/usr/local/texlive/2020/texmf-dist/tex/latex/amsmath/amsgen.sty
File: amsgen.sty 1999/11/30 v2.0 generic functions
\@emptytoks=\toks24
\ex@=\dimen143
))
(/usr/local/texlive/2020/texmf-dist/tex/latex/amsmath/amsbsy.sty
Package: amsbsy 1999/11/29 v1.2d Bold Symbols
\pmbraise@=\dimen144
)
(/usr/local/texlive/2020/texmf-dist/tex/latex/amsmath/amsopn.sty
Package: amsopn 2016/03/08 v2.02 operator names
)
\inf@bad=\count179
LaTeX Info: Redefining \frac on input line 227.
\uproot@=\count180
\leftroot@=\count181
LaTeX Info: Redefining \overline on input line 389.
\classnum@=\count182
\DOTSCASE@=\count183
LaTeX Info: Redefining \ldots on input line 486.
LaTeX Info: Redefining \dots on input line 489.
LaTeX Info: Redefining \cdots on input line 610.
\Mathstrutbox@=\box45
\strutbox@=\box46
\big@size=\dimen145
LaTeX Font Info:    Redeclaring font encoding OML on input line 733.
LaTeX Font Info:    Redeclaring font encoding OMS on input line 734.
\macc@depth=\count184
\c@MaxMatrixCols=\count185
\dotsspace@=\muskip16
\c@parentequation=\count186
\dspbrk@lvl=\count187
\tag@help=\toks25
\row@=\count188
\column@=\count189
\maxfields@=\count190
\andhelp@=\toks26
\eqnshift@=\dimen146
\alignsep@=\dimen147
\tagshift@=\dimen148
\tagwidth@=\dimen149
\totwidth@=\dimen150
\lineht@=\dimen151
\@envbody=\toks27
\multlinegap=\skip53
\multlinetaggap=\skip54
\mathdisplay@stack=\toks28
LaTeX Info: Redefining \[ on input line 2859.
LaTeX Info: Redefining \] on input line 2860.
)
(/usr/local/texlive/2020/texmf-dist/tex/latex/amsmath/amscd.sty
Package: amscd 2017/04/14 v2.1 AMS Commutative Diagrams
\athelp@=\toks29
\minaw@=\dimen152
\bigaw@=\dimen153
\minCDarrowwidth=\dimen154
)
(/usr/local/texlive/2020/texmf-dist/tex/latex/stmaryrd/stmaryrd.sty
Package: stmaryrd 1994/03/03 St Mary's Road symbol package
\symstmry=\mathgroup7
LaTeX Font Info:    Overwriting symbol font `stmry' in version `bold'
(Font)                  U/stmry/m/n --> U/stmry/b/n on input line 89.
)
(/usr/local/texlive/2020/texmf-dist/tex/latex/jknapltx/mathrsfs.sty
Package: mathrsfs 1996/01/01 Math RSFS package v1.0 (jk)
\symrsfs=\mathgroup8
)
(/usr/local/texlive/2020/texmf-dist/tex/generic/xypic/xy.sty
(/usr/local/texlive/2020/texmf-dist/tex/generic/xypic/xy.tex Bootstrap'ing:
catcodes, docmode,
(/usr/local/texlive/2020/texmf-dist/tex/generic/xypic/xyrecat.tex)
(/usr/local/texlive/2020/texmf-dist/tex/generic/xypic/xyidioms.tex)

 Xy-pic version 3.8.9 <2013/10/06>
 Copyright (c) 1991-2013 by Kristoffer H. Rose <krisrose@tug.org> and others
 Xy-pic is free software: see the User's Guide for details.

Loading kernel: messages; fonts; allocations: state,
\X@c=\dimen155
\Y@c=\dimen156
\U@c=\dimen157
\D@c=\dimen158
\L@c=\dimen159
\R@c=\dimen160
\Edge@c=\toks30
\X@p=\dimen161
\Y@p=\dimen162
\U@p=\dimen163
\D@p=\dimen164
\L@p=\dimen165
\R@p=\dimen166
\Edge@p=\toks31
\X@origin=\dimen167
\Y@origin=\dimen168
\X@xbase=\dimen169
\Y@xbase=\dimen170
\X@ybase=\dimen171
\Y@ybase=\dimen172
\X@min=\dimen173
\Y@min=\dimen174
\X@max=\dimen175
\Y@max=\dimen176
\lastobjectbox@=\box47
\zerodotbox@=\box48
\almostz@=\dimen177
 direction,
\d@X=\dimen178
\d@Y=\dimen179
\K@=\count191
\KK@=\count192
\Direction=\count193
\K@dXdY=\dimen180
\K@dYdX=\dimen181
\xyread@=\read2
\xywrite@=\write3
\csp@=\count194
\quotPTK@=\dimen182

utility macros; pictures: \xy, positions,
\swaptoks@@=\toks32
\connectobjectbox@@=\box49
 objects,
\styletoks@=\toks33
 decorations;
kernel objects: directionals, circles, text; options; algorithms: directions,
edges, connections;  Xy-pic loaded)
(/usr/local/texlive/2020/texmf-dist/tex/generic/iftex/ifpdf.sty
Package: ifpdf 2019/10/25 v3.4 ifpdf legacy package. Use iftex instead.
)
Package: xy 2013/10/06 Xy-pic version 3.8.9

(/usr/local/texlive/2020/texmf-dist/tex/generic/xypic/xyall.tex
 Xy-pic option: All features v.3.8
(/usr/local/texlive/2020/texmf-dist/tex/generic/xypic/xycurve.tex
 Xy-pic option: Curve and Spline extension v.3.12 curve,
\crv@cnt@=\count195
\crvpts@=\toks34
\splinebox@=\box50
\splineval@=\dimen183
\splinedepth@=\dimen184
\splinetol@=\dimen185
\splinelength@=\dimen186
 circles,
\L@=\dimen187
 loaded)
(/usr/local/texlive/2020/texmf-dist/tex/generic/xypic/xyframe.tex
 Xy-pic option: Frame and Bracket extension v.3.14 loaded)
(/usr/local/texlive/2020/texmf-dist/tex/generic/xypic/xycmtip.tex
 Xy-pic option: Computer Modern tip extension v.3.7
(/usr/local/texlive/2020/texmf-dist/tex/generic/xypic/xytips.tex
 Xy-pic option: More Tips extension v.3.11 loaded) loaded)
(/usr/local/texlive/2020/texmf-dist/tex/generic/xypic/xyline.tex
 Xy-pic option: Line styles extension v.3.10
\xylinethick@=\dimen188
 loaded)
(/usr/local/texlive/2020/texmf-dist/tex/generic/xypic/xyrotate.tex
 Xy-pic option: Rotate and Scale extension v.3.8 loaded)
(/usr/local/texlive/2020/texmf-dist/tex/generic/xypic/xycolor.tex
 Xy-pic option: Colour extension v.3.11 loaded)
(/usr/local/texlive/2020/texmf-dist/tex/generic/xypic/xymatrix.tex
 Xy-pic option: Matrix feature v.3.14
\Row=\count196
\Col=\count197
\queue@=\toks35
\queue@@=\toks36
\qcount@=\count198
\qcount@@=\count199
\matrixsize@=\count266
 loaded)
(/usr/local/texlive/2020/texmf-dist/tex/generic/xypic/xyarrow.tex
 Xy-pic option: Arrow and Path feature v.3.9 path, \ar, loaded)
(/usr/local/texlive/2020/texmf-dist/tex/generic/xypic/xygraph.tex
 Xy-pic option: Graph feature v.3.11 loaded) loaded)
(/usr/local/texlive/2020/texmf-dist/tex/generic/xypic/xypdf.tex
 Xy-pic option: PDF driver v.1.7 Xy-pic pdf driver: `color' extension support
(/usr/local/texlive/2020/texmf-dist/tex/generic/xypic/xypdf-co.tex loaded)
Xy-pic pdf driver: `curve' extension support
(/usr/local/texlive/2020/texmf-dist/tex/generic/xypic/xypdf-cu.tex loaded)
Xy-pic pdf driver: `frame' extension support
(/usr/local/texlive/2020/texmf-dist/tex/generic/xypic/xypdf-fr.tex loaded)
Xy-pic pdf driver: `line' extension support
(/usr/local/texlive/2020/texmf-dist/tex/generic/xypic/xypdf-li.tex loaded)
Xy-pic pdf driver: `rotate' extension support
(/usr/local/texlive/2020/texmf-dist/tex/generic/xypic/xypdf-ro.tex loaded)
loaded)) (/usr/local/texlive/2020/texmf-dist/tex/latex/tools/enumerate.sty
Package: enumerate 2015/07/23 v3.00 enumerate extensions (DPC)
\@enLab=\toks37
)
(/usr/local/texlive/2020/texmf-dist/tex/latex/graphics/color.sty
Package: color 2019/11/23 v1.2a Standard LaTeX Color (DPC)

(/usr/local/texlive/2020/texmf-dist/tex/latex/graphics-cfg/color.cfg
File: color.cfg 2016/01/02 v1.6 sample color configuration
)
Package color Info: Driver file: pdftex.def on input line 147.

(/usr/local/texlive/2020/texmf-dist/tex/latex/graphics-def/pdftex.def
File: pdftex.def 2018/01/08 v1.0l Graphics/color driver for pdftex
))
(/usr/local/texlive/2020/texmf-dist/tex/latex/pgf/frontendlayer/tikz.sty
(/usr/local/texlive/2020/texmf-dist/tex/latex/pgf/basiclayer/pgf.sty
(/usr/local/texlive/2020/texmf-dist/tex/latex/pgf/utilities/pgfrcs.sty
(/usr/local/texlive/2020/texmf-dist/tex/generic/pgf/utilities/pgfutil-common.te
x
\pgfutil@everybye=\toks38
\pgfutil@tempdima=\dimen189
\pgfutil@tempdimb=\dimen190

(/usr/local/texlive/2020/texmf-dist/tex/generic/pgf/utilities/pgfutil-common-li
sts.tex))
(/usr/local/texlive/2020/texmf-dist/tex/generic/pgf/utilities/pgfutil-latex.def
\pgfutil@abb=\box51
(/usr/local/texlive/2020/texmf-dist/tex/latex/ms/everyshi.sty
Package: everyshi 2001/05/15 v3.00 EveryShipout Package (MS)
))
(/usr/local/texlive/2020/texmf-dist/tex/generic/pgf/utilities/pgfrcs.code.tex
(/usr/local/texlive/2020/texmf-dist/tex/generic/pgf/pgf.revision.tex)
Package: pgfrcs 2020/01/08 v3.1.5b (3.1.5b)
))
Package: pgf 2020/01/08 v3.1.5b (3.1.5b)

(/usr/local/texlive/2020/texmf-dist/tex/latex/pgf/basiclayer/pgfcore.sty
(/usr/local/texlive/2020/texmf-dist/tex/latex/graphics/graphicx.sty
Package: graphicx 2019/11/30 v1.2a Enhanced LaTeX Graphics (DPC,SPQR)

(/usr/local/texlive/2020/texmf-dist/tex/latex/graphics/graphics.sty
Package: graphics 2019/11/30 v1.4a Standard LaTeX Graphics (DPC,SPQR)

(/usr/local/texlive/2020/texmf-dist/tex/latex/graphics/trig.sty
Package: trig 2016/01/03 v1.10 sin cos tan (DPC)
)
(/usr/local/texlive/2020/texmf-dist/tex/latex/graphics-cfg/graphics.cfg
File: graphics.cfg 2016/06/04 v1.11 sample graphics configuration
)
Package graphics Info: Driver file: pdftex.def on input line 105.
)
\Gin@req@height=\dimen191
\Gin@req@width=\dimen192
)
(/usr/local/texlive/2020/texmf-dist/tex/latex/pgf/systemlayer/pgfsys.sty
(/usr/local/texlive/2020/texmf-dist/tex/generic/pgf/systemlayer/pgfsys.code.tex
Package: pgfsys 2020/01/08 v3.1.5b (3.1.5b)
(/usr/local/texlive/2020/texmf-dist/tex/generic/pgf/utilities/pgfkeys.code.tex
\pgfkeys@pathtoks=\toks39
\pgfkeys@temptoks=\toks40

(/usr/local/texlive/2020/texmf-dist/tex/generic/pgf/utilities/pgfkeysfiltered.c
ode.tex
\pgfkeys@tmptoks=\toks41
))
\pgf@x=\dimen193
\pgf@y=\dimen194
\pgf@xa=\dimen195
\pgf@ya=\dimen196
\pgf@xb=\dimen197
\pgf@yb=\dimen198
\pgf@xc=\dimen199
\pgf@yc=\dimen256
\pgf@xd=\dimen257
\pgf@yd=\dimen258
\w@pgf@writea=\write4
\r@pgf@reada=\read3
\c@pgf@counta=\count267
\c@pgf@countb=\count268
\c@pgf@countc=\count269
\c@pgf@countd=\count270
\t@pgf@toka=\toks42
\t@pgf@tokb=\toks43
\t@pgf@tokc=\toks44
\pgf@sys@id@count=\count271

(/usr/local/texlive/2020/texmf-dist/tex/generic/pgf/systemlayer/pgf.cfg
File: pgf.cfg 2020/01/08 v3.1.5b (3.1.5b)
)
Driver file for pgf: pgfsys-pdftex.def

(/usr/local/texlive/2020/texmf-dist/tex/generic/pgf/systemlayer/pgfsys-pdftex.d
ef
File: pgfsys-pdftex.def 2020/01/08 v3.1.5b (3.1.5b)

(/usr/local/texlive/2020/texmf-dist/tex/generic/pgf/systemlayer/pgfsys-common-p
df.def
File: pgfsys-common-pdf.def 2020/01/08 v3.1.5b (3.1.5b)
)))
(/usr/local/texlive/2020/texmf-dist/tex/generic/pgf/systemlayer/pgfsyssoftpath.
code.tex
File: pgfsyssoftpath.code.tex 2020/01/08 v3.1.5b (3.1.5b)
\pgfsyssoftpath@smallbuffer@items=\count272
\pgfsyssoftpath@bigbuffer@items=\count273
)
(/usr/local/texlive/2020/texmf-dist/tex/generic/pgf/systemlayer/pgfsysprotocol.
code.tex
File: pgfsysprotocol.code.tex 2020/01/08 v3.1.5b (3.1.5b)
)) (/usr/local/texlive/2020/texmf-dist/tex/latex/xcolor/xcolor.sty
Package: xcolor 2016/05/11 v2.12 LaTeX color extensions (UK)

(/usr/local/texlive/2020/texmf-dist/tex/latex/graphics-cfg/color.cfg
File: color.cfg 2016/01/02 v1.6 sample color configuration
)
Package xcolor Info: Driver file: pdftex.def on input line 225.
LaTeX Info: Redefining \color on input line 709.
Package xcolor Info: Model `cmy' substituted by `cmy0' on input line 1348.
Package xcolor Info: Model `hsb' substituted by `rgb' on input line 1352.
Package xcolor Info: Model `RGB' extended on input line 1364.
Package xcolor Info: Model `HTML' substituted by `rgb' on input line 1366.
Package xcolor Info: Model `Hsb' substituted by `hsb' on input line 1367.
Package xcolor Info: Model `tHsb' substituted by `hsb' on input line 1368.
Package xcolor Info: Model `HSB' substituted by `hsb' on input line 1369.
Package xcolor Info: Model `Gray' substituted by `gray' on input line 1370.
Package xcolor Info: Model `wave' substituted by `hsb' on input line 1371.
)
(/usr/local/texlive/2020/texmf-dist/tex/generic/pgf/basiclayer/pgfcore.code.tex
Package: pgfcore 2020/01/08 v3.1.5b (3.1.5b)
(/usr/local/texlive/2020/texmf-dist/tex/generic/pgf/math/pgfmath.code.tex
(/usr/local/texlive/2020/texmf-dist/tex/generic/pgf/math/pgfmathcalc.code.tex
(/usr/local/texlive/2020/texmf-dist/tex/generic/pgf/math/pgfmathutil.code.tex)
(/usr/local/texlive/2020/texmf-dist/tex/generic/pgf/math/pgfmathparser.code.tex
\pgfmath@dimen=\dimen259
\pgfmath@count=\count274
\pgfmath@box=\box52
\pgfmath@toks=\toks45
\pgfmath@stack@operand=\toks46
\pgfmath@stack@operation=\toks47
)
(/usr/local/texlive/2020/texmf-dist/tex/generic/pgf/math/pgfmathfunctions.code.
tex
(/usr/local/texlive/2020/texmf-dist/tex/generic/pgf/math/pgfmathfunctions.basic
.code.tex)
(/usr/local/texlive/2020/texmf-dist/tex/generic/pgf/math/pgfmathfunctions.trigo
nometric.code.tex)
(/usr/local/texlive/2020/texmf-dist/tex/generic/pgf/math/pgfmathfunctions.rando
m.code.tex)
(/usr/local/texlive/2020/texmf-dist/tex/generic/pgf/math/pgfmathfunctions.compa
rison.code.tex)
(/usr/local/texlive/2020/texmf-dist/tex/generic/pgf/math/pgfmathfunctions.base.
code.tex)
(/usr/local/texlive/2020/texmf-dist/tex/generic/pgf/math/pgfmathfunctions.round
.code.tex)
(/usr/local/texlive/2020/texmf-dist/tex/generic/pgf/math/pgfmathfunctions.misc.
code.tex)
(/usr/local/texlive/2020/texmf-dist/tex/generic/pgf/math/pgfmathfunctions.integ
erarithmetics.code.tex)))
(/usr/local/texlive/2020/texmf-dist/tex/generic/pgf/math/pgfmathfloat.code.tex
\c@pgfmathroundto@lastzeros=\count275
)) (/usr/local/texlive/2020/texmf-dist/tex/generic/pgf/math/pgfint.code.tex)
(/usr/local/texlive/2020/texmf-dist/tex/generic/pgf/basiclayer/pgfcorepoints.co
de.tex
File: pgfcorepoints.code.tex 2020/01/08 v3.1.5b (3.1.5b)
\pgf@picminx=\dimen260
\pgf@picmaxx=\dimen261
\pgf@picminy=\dimen262
\pgf@picmaxy=\dimen263
\pgf@pathminx=\dimen264
\pgf@pathmaxx=\dimen265
\pgf@pathminy=\dimen266
\pgf@pathmaxy=\dimen267
\pgf@xx=\dimen268
\pgf@xy=\dimen269
\pgf@yx=\dimen270
\pgf@yy=\dimen271
\pgf@zx=\dimen272
\pgf@zy=\dimen273
)
(/usr/local/texlive/2020/texmf-dist/tex/generic/pgf/basiclayer/pgfcorepathconst
ruct.code.tex
File: pgfcorepathconstruct.code.tex 2020/01/08 v3.1.5b (3.1.5b)
\pgf@path@lastx=\dimen274
\pgf@path@lasty=\dimen275
)
(/usr/local/texlive/2020/texmf-dist/tex/generic/pgf/basiclayer/pgfcorepathusage
.code.tex
File: pgfcorepathusage.code.tex 2020/01/08 v3.1.5b (3.1.5b)
\pgf@shorten@end@additional=\dimen276
\pgf@shorten@start@additional=\dimen277
)
(/usr/local/texlive/2020/texmf-dist/tex/generic/pgf/basiclayer/pgfcorescopes.co
de.tex
File: pgfcorescopes.code.tex 2020/01/08 v3.1.5b (3.1.5b)
\pgfpic=\box53
\pgf@hbox=\box54
\pgf@layerbox@main=\box55
\pgf@picture@serial@count=\count276
)
(/usr/local/texlive/2020/texmf-dist/tex/generic/pgf/basiclayer/pgfcoregraphicst
ate.code.tex
File: pgfcoregraphicstate.code.tex 2020/01/08 v3.1.5b (3.1.5b)
\pgflinewidth=\dimen278
)
(/usr/local/texlive/2020/texmf-dist/tex/generic/pgf/basiclayer/pgfcoretransform
ations.code.tex
File: pgfcoretransformations.code.tex 2020/01/08 v3.1.5b (3.1.5b)
\pgf@pt@x=\dimen279
\pgf@pt@y=\dimen280
\pgf@pt@temp=\dimen281
)
(/usr/local/texlive/2020/texmf-dist/tex/generic/pgf/basiclayer/pgfcorequick.cod
e.tex
File: pgfcorequick.code.tex 2020/01/08 v3.1.5b (3.1.5b)
)
(/usr/local/texlive/2020/texmf-dist/tex/generic/pgf/basiclayer/pgfcoreobjects.c
ode.tex
File: pgfcoreobjects.code.tex 2020/01/08 v3.1.5b (3.1.5b)
)
(/usr/local/texlive/2020/texmf-dist/tex/generic/pgf/basiclayer/pgfcorepathproce
ssing.code.tex
File: pgfcorepathprocessing.code.tex 2020/01/08 v3.1.5b (3.1.5b)
)
(/usr/local/texlive/2020/texmf-dist/tex/generic/pgf/basiclayer/pgfcorearrows.co
de.tex
File: pgfcorearrows.code.tex 2020/01/08 v3.1.5b (3.1.5b)
\pgfarrowsep=\dimen282
)
(/usr/local/texlive/2020/texmf-dist/tex/generic/pgf/basiclayer/pgfcoreshade.cod
e.tex
File: pgfcoreshade.code.tex 2020/01/08 v3.1.5b (3.1.5b)
\pgf@max=\dimen283
\pgf@sys@shading@range@num=\count277
\pgf@shadingcount=\count278
)
(/usr/local/texlive/2020/texmf-dist/tex/generic/pgf/basiclayer/pgfcoreimage.cod
e.tex
File: pgfcoreimage.code.tex 2020/01/08 v3.1.5b (3.1.5b)

(/usr/local/texlive/2020/texmf-dist/tex/generic/pgf/basiclayer/pgfcoreexternal.
code.tex
File: pgfcoreexternal.code.tex 2020/01/08 v3.1.5b (3.1.5b)
\pgfexternal@startupbox=\box56
))
(/usr/local/texlive/2020/texmf-dist/tex/generic/pgf/basiclayer/pgfcorelayers.co
de.tex
File: pgfcorelayers.code.tex 2020/01/08 v3.1.5b (3.1.5b)
)
(/usr/local/texlive/2020/texmf-dist/tex/generic/pgf/basiclayer/pgfcoretranspare
ncy.code.tex
File: pgfcoretransparency.code.tex 2020/01/08 v3.1.5b (3.1.5b)
)
(/usr/local/texlive/2020/texmf-dist/tex/generic/pgf/basiclayer/pgfcorepatterns.
code.tex
File: pgfcorepatterns.code.tex 2020/01/08 v3.1.5b (3.1.5b)
)
(/usr/local/texlive/2020/texmf-dist/tex/generic/pgf/basiclayer/pgfcorerdf.code.
tex
File: pgfcorerdf.code.tex 2020/01/08 v3.1.5b (3.1.5b)
)))
(/usr/local/texlive/2020/texmf-dist/tex/generic/pgf/modules/pgfmoduleshapes.cod
e.tex
File: pgfmoduleshapes.code.tex 2020/01/08 v3.1.5b (3.1.5b)
\pgfnodeparttextbox=\box57
)
(/usr/local/texlive/2020/texmf-dist/tex/generic/pgf/modules/pgfmoduleplot.code.
tex
File: pgfmoduleplot.code.tex 2020/01/08 v3.1.5b (3.1.5b)
)
(/usr/local/texlive/2020/texmf-dist/tex/latex/pgf/compatibility/pgfcomp-version
-0-65.sty
Package: pgfcomp-version-0-65 2020/01/08 v3.1.5b (3.1.5b)
\pgf@nodesepstart=\dimen284
\pgf@nodesepend=\dimen285
)
(/usr/local/texlive/2020/texmf-dist/tex/latex/pgf/compatibility/pgfcomp-version
-1-18.sty
Package: pgfcomp-version-1-18 2020/01/08 v3.1.5b (3.1.5b)
))
(/usr/local/texlive/2020/texmf-dist/tex/latex/pgf/utilities/pgffor.sty
(/usr/local/texlive/2020/texmf-dist/tex/latex/pgf/utilities/pgfkeys.sty
(/usr/local/texlive/2020/texmf-dist/tex/generic/pgf/utilities/pgfkeys.code.tex)
) (/usr/local/texlive/2020/texmf-dist/tex/latex/pgf/math/pgfmath.sty
(/usr/local/texlive/2020/texmf-dist/tex/generic/pgf/math/pgfmath.code.tex))
(/usr/local/texlive/2020/texmf-dist/tex/generic/pgf/utilities/pgffor.code.tex
Package: pgffor 2020/01/08 v3.1.5b (3.1.5b)

(/usr/local/texlive/2020/texmf-dist/tex/generic/pgf/math/pgfmath.code.tex)
\pgffor@iter=\dimen286
\pgffor@skip=\dimen287
\pgffor@stack=\toks48
\pgffor@toks=\toks49
))
(/usr/local/texlive/2020/texmf-dist/tex/generic/pgf/frontendlayer/tikz/tikz.cod
e.tex
Package: tikz 2020/01/08 v3.1.5b (3.1.5b)

(/usr/local/texlive/2020/texmf-dist/tex/generic/pgf/libraries/pgflibraryplothan
dlers.code.tex
File: pgflibraryplothandlers.code.tex 2020/01/08 v3.1.5b (3.1.5b)
\pgf@plot@mark@count=\count279
\pgfplotmarksize=\dimen288
)
\tikz@lastx=\dimen289
\tikz@lasty=\dimen290
\tikz@lastxsaved=\dimen291
\tikz@lastysaved=\dimen292
\tikz@lastmovetox=\dimen293
\tikz@lastmovetoy=\dimen294
\tikzleveldistance=\dimen295
\tikzsiblingdistance=\dimen296
\tikz@figbox=\box58
\tikz@figbox@bg=\box59
\tikz@tempbox=\box60
\tikz@tempbox@bg=\box61
\tikztreelevel=\count280
\tikznumberofchildren=\count281
\tikznumberofcurrentchild=\count282
\tikz@fig@count=\count283

(/usr/local/texlive/2020/texmf-dist/tex/generic/pgf/modules/pgfmodulematrix.cod
e.tex
File: pgfmodulematrix.code.tex 2020/01/08 v3.1.5b (3.1.5b)
\pgfmatrixcurrentrow=\count284
\pgfmatrixcurrentcolumn=\count285
\pgf@matrix@numberofcolumns=\count286
)
\tikz@expandcount=\count287

(/usr/local/texlive/2020/texmf-dist/tex/generic/pgf/frontendlayer/tikz/librarie
s/tikzlibrarytopaths.code.tex
File: tikzlibrarytopaths.code.tex 2020/01/08 v3.1.5b (3.1.5b)
)))
(/usr/local/texlive/2020/texmf-dist/tex/latex/imakeidx/imakeidx.sty
Package: imakeidx 2016/10/15 v1.3e Package for typesetting indices in a synchro
nous mode

(/usr/local/texlive/2020/texmf-dist/tex/latex/xkeyval/xkeyval.sty
Package: xkeyval 2014/12/03 v2.7a package option processing (HA)

(/usr/local/texlive/2020/texmf-dist/tex/generic/xkeyval/xkeyval.tex
(/usr/local/texlive/2020/texmf-dist/tex/generic/xkeyval/xkvutils.tex
\XKV@toks=\toks50
\XKV@tempa@toks=\toks51
)
\XKV@depth=\count288
File: xkeyval.tex 2014/12/03 v2.7a key=value parser (HA)
))
(/usr/local/texlive/2020/texmf-dist/tex/generic/iftex/ifxetex.sty
Package: ifxetex 2019/10/25 v0.7 ifxetex legacy package. Use iftex instead.
)
(/usr/local/texlive/2020/texmf-dist/tex/generic/iftex/ifluatex.sty
Package: ifluatex 2019/10/25 v1.5 ifluatex legacy package. Use iftex instead.
)
(/usr/local/texlive/2020/texmf-dist/tex/latex/tools/multicol.sty
Package: multicol 2019/12/09 v1.8y multicolumn formatting (FMi)
\c@tracingmulticols=\count289
\mult@box=\box62
\multicol@leftmargin=\dimen297
\c@unbalance=\count290
\c@collectmore=\count291
\doublecol@number=\count292
\multicoltolerance=\count293
\multicolpretolerance=\count294
\full@width=\dimen298
\page@free=\dimen299
\premulticols=\dimen300
\postmulticols=\dimen301
\multicolsep=\skip55
\multicolbaselineskip=\skip56
\partial@page=\box63
\last@line=\box64
\maxbalancingoverflow=\dimen302
\mult@rightbox=\box65
\mult@grightbox=\box66
\mult@gfirstbox=\box67
\mult@firstbox=\box68
\@tempa=\box69
\@tempa=\box70
\@tempa=\box71
\@tempa=\box72
\@tempa=\box73
\@tempa=\box74
\@tempa=\box75
\@tempa=\box76
\@tempa=\box77
\@tempa=\box78
\@tempa=\box79
\@tempa=\box80
\@tempa=\box81
\@tempa=\box82
\@tempa=\box83
\@tempa=\box84
\@tempa=\box85
\@tempa=\box86
\@tempa=\box87
\@tempa=\box88
\@tempa=\box89
\@tempa=\box90
\@tempa=\box91
\@tempa=\box92
\@tempa=\box93
\@tempa=\box94
\@tempa=\box95
\@tempa=\box96
\@tempa=\box97
\@tempa=\box98
\@tempa=\box99
\@tempa=\box100
\@tempa=\box101
\@tempa=\box102
\@tempa=\box103
\@tempa=\box104
\@tempa=\box105
\c@minrows=\count295
\c@columnbadness=\count296
\c@finalcolumnbadness=\count297
\last@try=\dimen303
\multicolovershoot=\dimen304
\multicolundershoot=\dimen305
\mult@nat@firstbox=\box106
\colbreak@box=\box107
\mc@col@check@num=\count298
))
(/usr/local/texlive/2020/texmf-dist/tex/latex/hyperref/hyperref.sty
Package: hyperref 2020/01/14 v7.00d Hypertext links for LaTeX

(/usr/local/texlive/2020/texmf-dist/tex/generic/ltxcmds/ltxcmds.sty
Package: ltxcmds 2019/12/15 v1.24 LaTeX kernel commands for general use (HO)
)
(/usr/local/texlive/2020/texmf-dist/tex/latex/pdftexcmds/pdftexcmds.sty
Package: pdftexcmds 2019/11/24 v0.31 Utility functions of pdfTeX for LuaTeX (HO
)

(/usr/local/texlive/2020/texmf-dist/tex/generic/infwarerr/infwarerr.sty
Package: infwarerr 2019/12/03 v1.5 Providing info/warning/error messages (HO)
)
Package pdftexcmds Info: \pdf@primitive is available.
Package pdftexcmds Info: \pdf@ifprimitive is available.
Package pdftexcmds Info: \pdfdraftmode found.
)
(/usr/local/texlive/2020/texmf-dist/tex/generic/kvsetkeys/kvsetkeys.sty
Package: kvsetkeys 2019/12/15 v1.18 Key value parser (HO)
)
(/usr/local/texlive/2020/texmf-dist/tex/generic/kvdefinekeys/kvdefinekeys.sty
Package: kvdefinekeys 2019-12-19 v1.6 Define keys (HO)
)
(/usr/local/texlive/2020/texmf-dist/tex/generic/pdfescape/pdfescape.sty
Package: pdfescape 2019/12/09 v1.15 Implements pdfTeX's escape features (HO)
)
(/usr/local/texlive/2020/texmf-dist/tex/latex/hycolor/hycolor.sty
Package: hycolor 2020-01-27 v1.10 Color options for hyperref/bookmark (HO)
)
(/usr/local/texlive/2020/texmf-dist/tex/latex/letltxmacro/letltxmacro.sty
Package: letltxmacro 2019/12/03 v1.6 Let assignment for LaTeX macros (HO)
)
(/usr/local/texlive/2020/texmf-dist/tex/latex/auxhook/auxhook.sty
Package: auxhook 2019-12-17 v1.6 Hooks for auxiliary files (HO)
)
(/usr/local/texlive/2020/texmf-dist/tex/latex/kvoptions/kvoptions.sty
Package: kvoptions 2019/11/29 v3.13 Key value format for package options (HO)
)
\@linkdim=\dimen306
\Hy@linkcounter=\count299
\Hy@pagecounter=\count300

(/usr/local/texlive/2020/texmf-dist/tex/latex/hyperref/pd1enc.def
File: pd1enc.def 2020/01/14 v7.00d Hyperref: PDFDocEncoding definition (HO)
Now handling font encoding PD1 ...
... no UTF-8 mapping file for font encoding PD1
)
(/usr/local/texlive/2020/texmf-dist/tex/generic/intcalc/intcalc.sty
Package: intcalc 2019/12/15 v1.3 Expandable calculations with integers (HO)
)
(/usr/local/texlive/2020/texmf-dist/tex/generic/etexcmds/etexcmds.sty
Package: etexcmds 2019/12/15 v1.7 Avoid name clashes with e-TeX commands (HO)
)
\Hy@SavedSpaceFactor=\count301
Package hyperref Info: Hyper figures OFF on input line 4547.
Package hyperref Info: Link nesting OFF on input line 4552.
Package hyperref Info: Hyper index ON on input line 4555.
Package hyperref Info: Plain pages OFF on input line 4562.
Package hyperref Info: Backreferencing OFF on input line 4567.
Package hyperref Info: Implicit mode ON; LaTeX internals redefined.
Package hyperref Info: Bookmarks ON on input line 4800.
\c@Hy@tempcnt=\count302

(/usr/local/texlive/2020/texmf-dist/tex/latex/url/url.sty
\Urlmuskip=\muskip17
Package: url 2013/09/16  ver 3.4  Verb mode for urls, etc.
)
LaTeX Info: Redefining \url on input line 5159.
\XeTeXLinkMargin=\dimen307

(/usr/local/texlive/2020/texmf-dist/tex/generic/bitset/bitset.sty
Package: bitset 2019/12/09 v1.3 Handle bit-vector datatype (HO)

(/usr/local/texlive/2020/texmf-dist/tex/generic/bigintcalc/bigintcalc.sty
Package: bigintcalc 2019/12/15 v1.5 Expandable calculations on big integers (HO
)
))
\Fld@menulength=\count303
\Field@Width=\dimen308
\Fld@charsize=\dimen309
Package hyperref Info: Hyper figures OFF on input line 6430.
Package hyperref Info: Link nesting OFF on input line 6435.
Package hyperref Info: Hyper index ON on input line 6438.
Package hyperref Info: backreferencing OFF on input line 6445.
Package hyperref Info: Link coloring OFF on input line 6450.
Package hyperref Info: Link coloring with OCG OFF on input line 6455.
Package hyperref Info: PDF/A mode OFF on input line 6460.
LaTeX Info: Redefining \ref on input line 6500.
LaTeX Info: Redefining \pageref on input line 6504.

(/usr/local/texlive/2020/texmf-dist/tex/generic/atbegshi/atbegshi.sty
Package: atbegshi 2019/12/05 v1.19 At begin shipout hook (HO)
)
\Hy@abspage=\count304
\c@Item=\count305
\c@Hfootnote=\count306
)
Package hyperref Info: Driver (autodetected): hpdftex.

(/usr/local/texlive/2020/texmf-dist/tex/latex/hyperref/hpdftex.def
File: hpdftex.def 2020/01/14 v7.00d Hyperref driver for pdfTeX

(/usr/local/texlive/2020/texmf-dist/tex/latex/atveryend/atveryend.sty
Package: atveryend 2019-12-11 v1.11 Hooks at the very end of document (HO)
Package atveryend Info: \enddocument detected (standard20110627).
)
\Fld@listcount=\count307
\c@bookmark@seq@number=\count308

(/usr/local/texlive/2020/texmf-dist/tex/latex/rerunfilecheck/rerunfilecheck.sty
Package: rerunfilecheck 2019/12/05 v1.9 Rerun checks for auxiliary files (HO)

(/usr/local/texlive/2020/texmf-dist/tex/generic/uniquecounter/uniquecounter.sty
Package: uniquecounter 2019/12/15 v1.4 Provide unlimited unique counter (HO)
)
Package uniquecounter Info: New unique counter `rerunfilecheck' on input line 2
86.
)
\Hy@SectionHShift=\skip57
) (/usr/local/texlive/2020/texmf-dist/tex/latex/mathtools/empheq.sty
Package: empheq 2017/03/31 v2.15 Emphasizing equations

(/usr/local/texlive/2020/texmf-dist/tex/latex/mathtools/mhsetup.sty
Package: mhsetup 2017/03/31 v1.3 programming setup (MH)
)
(/usr/local/texlive/2020/texmf-dist/tex/latex/mathtools/mathtools.sty
Package: mathtools 2020/03/24 v1.24 mathematical typesetting tools

(/usr/local/texlive/2020/texmf-dist/tex/latex/tools/calc.sty
Package: calc 2017/05/25 v4.3 Infix arithmetic (KKT,FJ)
\calc@Acount=\count309
\calc@Bcount=\count310
\calc@Adimen=\dimen310
\calc@Bdimen=\dimen311
\calc@Askip=\skip58
\calc@Bskip=\skip59
LaTeX Info: Redefining \setlength on input line 80.
LaTeX Info: Redefining \addtolength on input line 81.
\calc@Ccount=\count311
\calc@Cskip=\skip60
)
LaTeX Info: Thecontrolsequence`\('isalreadyrobust on input line 130.
LaTeX Info: Thecontrolsequence`\)'isalreadyrobust on input line 130.
LaTeX Info: Thecontrolsequence`\['isalreadyrobust on input line 130.
LaTeX Info: Thecontrolsequence`\]'isalreadyrobust on input line 130.
\g_MT_multlinerow_int=\count312
\l_MT_multwidth_dim=\dimen312
\origjot=\skip61
\l_MT_shortvdotswithinadjustabove_dim=\dimen313
\l_MT_shortvdotswithinadjustbelow_dim=\dimen314
\l_MT_above_intertext_sep=\dimen315
\l_MT_below_intertext_sep=\dimen316
\l_MT_above_shortintertext_sep=\dimen317
\l_MT_below_shortintertext_sep=\dimen318
\xmathstrut@box=\box108
\xmathstrut@dim=\dimen319
)
\l_EQ_equationtype_int=\count313
\l_EQ_alignmentmode_int=\count314
\l_EQ_totalwidth_dim=\dimen320
\l_EQ_displaywidth_dim=\dimen321
\l_EQ_temp_linewidth_dim=\dimen322
\l_EQ_linewidth_dim=\dimen323
\EmphEqdelimitershortfall=\dimen324
\EmphEqdelimiterfactor=\count315
\g_EQ_toptag_height_dim=\dimen325
\g_EQ_bottomtag_depth_dim=\dimen326
\g_EQ_toprow_height_dim=\dimen327
\g_EQ_bottomrow_depth_dim=\dimen328
\g_EQ_widesttag_dim=\dimen329
\EQ_mathdisplay_box=\box109
\EQ_tag_box=\box110
\g_EQ_temprow_int=\count316
)
(/usr/local/texlive/2020/texmf-dist/tex/latex/comment/comment.sty
\CommentStream=\write5

Excluding comment 'comment')
\LCnotes@idxfile=\write6
\openout6 = `LCnotes.idx'.


Writing index file LCnotes.idx
\c@theorem=\count317
(/usr/local/texlive/2020/texmf-dist/tex/latex/l3backend/l3backend-pdfmode.def
File: l3backend-pdfmode.def 2020-03-12 L3 backend support: PDF mode
\l__kernel_color_stack_int=\count318
\l__pdf_internal_box=\box111
)
No file LCnotes.aux.
\openout1 = `LCnotes.aux'.

LaTeX Font Info:    Checking defaults for OML/cmm/m/it on input line 169.
LaTeX Font Info:    ... okay on input line 169.
LaTeX Font Info:    Checking defaults for OMS/cmsy/m/n on input line 169.
LaTeX Font Info:    ... okay on input line 169.
LaTeX Font Info:    Checking defaults for OT1/cmr/m/n on input line 169.
LaTeX Font Info:    ... okay on input line 169.
LaTeX Font Info:    Checking defaults for T1/cmr/m/n on input line 169.
LaTeX Font Info:    ... okay on input line 169.
LaTeX Font Info:    Checking defaults for TS1/cmr/m/n on input line 169.
LaTeX Font Info:    ... okay on input line 169.
LaTeX Font Info:    Checking defaults for OMX/cmex/m/n on input line 169.
LaTeX Font Info:    ... okay on input line 169.
LaTeX Font Info:    Checking defaults for U/cmr/m/n on input line 169.
LaTeX Font Info:    ... okay on input line 169.
LaTeX Font Info:    Checking defaults for PD1/pdf/m/n on input line 169.
LaTeX Font Info:    ... okay on input line 169.
*geometry* driver: auto-detecting
*geometry* detected driver: pdftex
*geometry* verbose mode - [ preamble ] result:
* driver: pdftex
* paper: <default>
* layout: <same size as paper>
* layoutoffset:(h,v)=(0.0pt,0.0pt)
* modes: twoside 
* h-part:(L,W,R)=(72.26999pt, 469.75502pt, 72.26999pt)
* v-part:(T,H,B)=(72.26999pt, 650.43001pt, 72.26999pt)
* \paperwidth=614.295pt
* \paperheight=794.96999pt
* \textwidth=469.75502pt
* \textheight=650.43001pt
* \oddsidemargin=0.0pt
* \evensidemargin=0.0pt
* \topmargin=-31.8738pt
* \headheight=12.0pt
* \headsep=19.8738pt
* \topskip=11.0pt
* \footskip=27.46295pt
* \marginparwidth=116.0pt
* \marginparsep=7.0pt
* \columnsep=10.0pt
* \skip\footins=10.0pt plus 4.0pt minus 2.0pt
* \hoffset=0.0pt
* \voffset=0.0pt
* \mag=1000
* \@twocolumnfalse
* \@twosidetrue
* \@mparswitchtrue
* \@reversemarginfalse
* (1in=72.27pt=25.4mm, 1cm=28.453pt)

LaTeX Font Info:    Trying to load font information for U+lasy on input line 16
9.
(/usr/local/texlive/2020/texmf-dist/tex/latex/base/ulasy.fd
File: ulasy.fd 1998/08/17 v2.2e LaTeX symbol font definitions
)
LaTeX Font Info:    Trying to load font information for U+msa on input line 169
.

(/usr/local/texlive/2020/texmf-dist/tex/latex/amsfonts/umsa.fd
File: umsa.fd 2013/01/14 v3.01 AMS symbols A
)
LaTeX Font Info:    Trying to load font information for U+msb on input line 169
.

(/usr/local/texlive/2020/texmf-dist/tex/latex/amsfonts/umsb.fd
File: umsb.fd 2013/01/14 v3.01 AMS symbols B
)
LaTeX Font Info:    Trying to load font information for U+stmry on input line 1
69.

(/usr/local/texlive/2020/texmf-dist/tex/latex/stmaryrd/Ustmry.fd)
LaTeX Font Info:    Trying to load font information for U+rsfs on input line 16
9.

(/usr/local/texlive/2020/texmf-dist/tex/latex/jknapltx/ursfs.fd
File: ursfs.fd 1998/03/24 rsfs font definition file (jk)
)
Package xypdf Info: Line width: 0.43799pt on input line 169.

(/usr/local/texlive/2020/texmf-dist/tex/context/base/mkii/supp-pdf.mkii
[Loading MPS to PDF converter (version 2006.09.02).]
\scratchcounter=\count319
\scratchdimen=\dimen330
\scratchbox=\box112
\nofMPsegments=\count320
\nofMParguments=\count321
\everyMPshowfont=\toks52
\MPscratchCnt=\count322
\MPscratchDim=\dimen331
\MPnumerator=\count323
\makeMPintoPDFobject=\count324
\everyMPtoPDFconversion=\toks53
) (/usr/local/texlive/2020/texmf-dist/tex/latex/epstopdf-pkg/epstopdf-base.sty
Package: epstopdf-base 2020-01-24 v2.11 Base part for package epstopdf
Package epstopdf-base Info: Redefining graphics rule for `.eps' on input line 4
85.

(/usr/local/texlive/2020/texmf-dist/tex/latex/latexconfig/epstopdf-sys.cfg
File: epstopdf-sys.cfg 2010/07/13 v1.3 Configuration of (r)epstopdf for TeX Liv
e
))
ABD: EveryShipout initializing macros
\AtBeginShipoutBox=\box113
Package hyperref Info: Link coloring OFF on input line 169.

(/usr/local/texlive/2020/texmf-dist/tex/latex/hyperref/nameref.sty
Package: nameref 2019/09/16 v2.46 Cross-referencing by name of section

(/usr/local/texlive/2020/texmf-dist/tex/latex/refcount/refcount.sty
Package: refcount 2019/12/15 v3.6 Data extraction from label references (HO)
)
(/usr/local/texlive/2020/texmf-dist/tex/generic/gettitlestring/gettitlestring.s
ty
Package: gettitlestring 2019/12/15 v1.6 Cleanup title references (HO)
)
\c@section@level=\count325
)
LaTeX Info: Redefining \ref on input line 169.
LaTeX Info: Redefining \pageref on input line 169.
LaTeX Info: Redefining \nameref on input line 169.
\@outlinefile=\write7
\openout7 = `LCnotes.out'.

\tf@toc=\write8
\openout8 = `LCnotes.toc'.

 [1


{/usr/local/texlive/2020/texmf-var/fonts/map/pdftex/updmap/pdftex.map}]
[2

]
Chapter 0.
<xymatrix 5x2 110>
LaTeX Font Info:    Trying to load font information for U+euf on input line 200
.

(/usr/local/texlive/2020/texmf-dist/tex/latex/amsfonts/ueuf.fd
File: ueuf.fd 2013/01/14 v3.01 Euler Fraktur
) [3] <xymatrix
10x5 1022> <xymatrix 8x4 634> [4]
Chapter 1.
<xymatrix 4x1 120> <xymatrix 4x1 120> <xymatrix 4x1 120> <xymatrix 4x1 120>
<xymatrix 4x1 120> <xymatrix 4x1 120> <xymatrix 5x1 158> <xymatrix 5x1 158>
<xymatrix 5x1 158> <xymatrix 5x1 158>
Overfull \hbox (21.48434pt too wide) in paragraph at lines 292--295
\OT1/cmr/m/n/10.95 Since the maps $\OML/cmm/m/it/10.95 A \OMS/cmsy/m/n/10.95 ! 
\OML/cmm/m/it/10.95 B \OMS/cmsy/m/n/10.95 ! \OML/cmm/m/it/10.95 A$ \OT1/cmr/m/n
/10.95 com-pose to the iden-tity, the in-duced maps $[][](\OML/cmm/m/it/10.95 A
; M\OT1/cmr/m/n/10.95 ) \OMS/cmsy/m/n/10.95 ! [][]\OT1/cmr/m/n/10.95 (\OML/cmm/
m/it/10.95 B; M\OT1/cmr/m/n/10.95 ) \OMS/cmsy/m/n/10.95 !
 []

[5

] <xymatrix 6x1 179> <xymatrix 6x1 179> <xymatrix 6x1 179> <xymatrix 6x1
179> [6] <xymatrix 7x1 217> <xymatrix 5x1 175> <xymatrix 7x1 217> <xymatrix
5x1 175> <xymatrix 7x1 217> <xymatrix 5x1 175> <xymatrix 7x1 217> <xymatrix
5x1 175> [7] <xymatrix 7x2 608> <xymatrix 6x2 600> <xymatrix 5x1 158>
<xymatrix 8x2 432>
Overfull \hbox (0.91528pt too wide) detected at line 428
[]\OML/cmm/m/it/10.95 :
 []

<xymatrix 8x2 432>
Overfull \hbox (1.70905pt too wide) detected at line 433
[]\OML/cmm/m/it/10.95 :
 []

<xymatrix 8x2 436> [8] <xymatrix 8x2 432> <xymatrix 2x1 54> <xymatrix 2x1 54>
<xymatrix 2x1 54> <xymatrix 2x1 54> <xymatrix 2x1 54> <xymatrix 5x1 158>
<xymatrix 5x1 158> <xymatrix 5x1 158> <xymatrix 5x1 158>

LaTeX Warning: Reference `defExtTor' on page 9 undefined on input line 481.


LaTeX Warning: Reference `tensor product of complexes' on page 9 undefined on i
nput line 481.

<xymatrix 4x1 137> [9] <xymatrix 4x1 140> <xymatrix 7x1 176>

Package amsmath Warning: Foreign command \atopwithdelims;
(amsmath)                \frac or \genfrac should be used instead
(amsmath)                 on input line 520.

<xymatrix 7x1 186> <xymatrix 8x1 224> [10] <xymatrix 7x1 176> <xymatrix 9x1
225> <xymatrix 11x1 274> <xymatrix 10x1 431> [11] <xymatrix 3x1 82> [12]
<xymatrix 5x1 165> <xymatrix 7x1 248>
Overfull \hbox (82.461pt too wide) detected at line 660
[]\OML/cmm/m/it/10 :
 []

<xymatrix 5x1 158>

LaTeX Warning: Reference `lemma-Hom-zero' on page 13 undefined on input line 66
5.


Overfull \hbox (6.3332pt too wide) in paragraph at lines 665--666
[]\OT1/cmr/m/n/10.95 For $\OML/cmm/m/it/10.95 i \OMS/cmsy/m/n/10.95 ^^T \OML/cm
m/m/it/10.95 t$\OT1/cmr/m/n/10.95 , the in-duc-tion hy-poth-e-sis gives that $[
][](\OML/cmm/m/it/10.95 R=I; M\OT1/cmr/m/n/10.95 ) [] [][](\OML/cmm/m/it/10.95 
R=I; M=\OT1/cmr/m/n/10.95 (\OML/cmm/m/it/10.95 x[]; [] ; x[]\OT1/cmr/m/n/10.95 
)\OML/cmm/m/it/10.95 M\OT1/cmr/m/n/10.95 )$
 []


LaTeX Warning: Reference `lemma ext to hom' on page 13 undefined on input line 
677.

[13]
Overfull \hbox (0.24792pt too wide) in paragraph at lines 723--724
[][]\OT1/cmr/bx/n/10.95 Corollary 1.30. []\OT1/cmr/m/it/10.95 If $\OML/cmm/m/it
/10.95 R$ \OT1/cmr/m/it/10.95 is a lo-cal ring, $\OML/cmm/m/it/10.95 M$ \OT1/cm
r/m/it/10.95 finitely gen-er-ated mod-ule, and $\OML/cmm/m/it/10.95 I$ \OT1/cmr
/m/it/10.95 an ideal, then $[][]\OT1/cmr/m/n/10.95 (\OML/cmm/m/it/10.95 M\OT1/c
mr/m/n/10.95 ) =
 []

[14] <xymatrix 14x9 1172>
Overfull \hbox (34.47711pt too wide) detected at line 781
[]
 []


Underfull \vbox (badness 3312) has occurred while \output is active []

 [15]
<xymatrix 4x2 142> <xymatrix 27x8 1186> <xymatrix 9x1 232> [16] <xymatrix 2x1
51> <xymatrix 2x1 51> <xymatrix 5x1 97> <xymatrix 4x1 93> <xymatrix 3x1 96>
<xymatrix 6x2 338> [17] <xymatrix 5x2 225> <xymatrix 5x1 158> <xymatrix 5x1
158> <xymatrix 4x1 164>
Overfull \hbox (5.8042pt too wide) in paragraph at lines 909--910
[]\OT1/cmr/m/it/10.95 Induction Hy-poth-e-sis. []$[][]\OT1/cmr/m/n/10.95 (\OML/
cmm/m/it/10.95 f[]; [] ; f[]\OT1/cmr/m/n/10.95 ; \OML/cmm/m/it/10.95 M\OT1/cmr/
m/n/10.95 ) = 0$ for all $\OML/cmm/m/it/10.95 i > \OT1/cmr/m/n/10.95 0$ and all
 reg-u-lar se-quences $[][] = \OML/cmm/m/it/10.95 f[]; [] ; f[]$\OT1/cmr/m/n/10
.95 . 
 []

<xymatrix 5x2 242> <xymatrix 5x2 242> [18] <xymatrix 5x1 165>
Overfull \hbox (4.72293pt too wide) in paragraph at lines 968--969
[]\OT1/cmr/m/n/10.95 Show that, if $\OML/cmm/m/it/10.95 R$ \OT1/cmr/m/n/10.95 i
s noethe-rian and $\OML/cmm/m/it/10.95 M$ \OT1/cmr/m/n/10.95 finitely gen-er-at
ed, $[][](\OML/cmm/m/it/10.95 M\OT1/cmr/m/n/10.95 ) = [] []$. 
 []


Overfull \hbox (21.82002pt too wide) has occurred while \output is active
\OT1/cmr/m/sl/10.95 1.5.  WORKSHEET ON COHEN-MACAULAY RINGS, AND A BIT MORE KOS
ZUL HOMOLOGY \OT1/cmr/m/n/10.95 19
 []

[19] [20] <xymatrix 2x1 54> <xymatrix 2x1 44> <xymatrix 5x2 200> [21]
<xymatrix 6x1 216> <xymatrix 5x1 178> <xymatrix 5x1 158> <xymatrix 5x1 168>
<xymatrix 5x1 168> <xymatrix 5x2 178> [22] <xymatrix 5x1 158> <xymatrix 5x1
158> <xymatrix 2x1 54> <xymatrix 5x1 158> <xymatrix 5x1 158>

LaTeX Warning: Reference `depth lemma' on page 23 undefined on input line 1148.


[23] <xymatrix 4x1 130> [24]

LaTeX Warning: Reference `regular mod x' on page 25 undefined on input line 123
9.


LaTeX Warning: Reference `pd mod nzd' on page 25 undefined on input line 1241.


LaTeX Warning: Reference `Auslander-Buchsbaum-Serre' on page 25 undefined on in
put line 1269.


LaTeX Warning: Reference `Auslander-Buchsbaum' on page 25 undefined on input li
ne 1269.

[25] [26]
Chapter 2.
[27

]

LaTeX Warning: Reference `ex:x2-self-injective' on page 28 undefined on input l
ine 1339.


LaTeX Warning: Reference `divisible-domain' on page 28 undefined on input line 
1353.

[28] [29] [30] [31]

LaTeX Warning: Reference `ex:localization essential' on page 32 undefined on in
put line 1553.

[32]

LaTeX Warning: Reference `prop: direct sum of injective' on page 33 undefined o
n input line 1582.

[33]

LaTeX Warning: Reference `divisible-domain' on page 34 undefined on input line 
1635.


LaTeX Warning: Reference `ex:socle essential' on page 34 undefined on input lin
e 1635.

[34]

LaTeX Warning: Reference `properties-of-ERP' on page 35 undefined on input line
 1645.


LaTeX Warning: Reference `properties-of-ERP' on page 35 undefined on input line
 1647.


Package hyperref Warning: Token not allowed in a PDF string (PDFDocEncoding):
(hyperref)                removing `math shift' on input line 1649.


Package hyperref Warning: Token not allowed in a PDF string (PDFDocEncoding):
(hyperref)                removing `subscript' on input line 1649.


Package hyperref Warning: Token not allowed in a PDF string (PDFDocEncoding):
(hyperref)                removing `math shift' on input line 1649.

<xymatrix 4x1 120> <xymatrix 4x1 120> <xymatrix 2x2 86>
Overfull \hbox (38.648pt too wide) has occurred while \output is active
\OT1/cmr/m/sl/10.95 2.3.  WORKSHEET ON MATLIS DUALITY AND $\OML/cmm/m/it/10.95 
E[]\OT1/cmr/m/n/10.95 (\OML/cmm/m/it/10.95 K\OT1/cmr/m/n/10.95 )$ \OT1/cmr/m/sl
/10.95 FOR RINGS WITH COEFFICIENT FIELDS \OT1/cmr/m/n/10.95 35
 []

[35] [36]
Overfull \hbox (8.64825pt too wide) in paragraph at lines 1785--1786
[][]\OT1/cmr/bx/n/10.95 Definition 2.34. []\OT1/cmr/m/it/10.95 Let $\OT1/cmr/m/
n/10.95 (\OML/cmm/m/it/10.95 R; \U/euf/m/n/10.95 m\OML/cmm/m/it/10.95 ; k\OT1/c
mr/m/n/10.95 )$\OT1/cmr/m/it/10.95 be a lo-cal ring. The \OT1/cmr/m/n/10.95 Mat
lis du-al-ity func-tor \OT1/cmr/m/it/10.95 is $\OT1/cmr/m/n/10.95 (\OMS/cmsy/m/
n/10.95 ^^@\OT1/cmr/m/n/10.95 )[] = [][](\OMS/cmsy/m/n/10.95 ^^@\OML/cmm/m/it/1
0.95 ; E[]\OT1/cmr/m/n/10.95 (\OML/cmm/m/it/10.95 k\OT1/cmr/m/n/10.95 ))$\OT1/c
mr/m/it/10.95 . 
 []

<xymatrix 5x1 158> <xymatrix 5x1 158> <xymatrix 2x2 194> [37]

LaTeX Warning: Reference `hom-injective' on page 38 undefined on input line 183
8.

<xymatrix 2x2 86> [38]
Overfull \hbox (0.47511pt too wide) detected at line 1894
\OML/cmm/m/it/10.95 E[]\OT1/cmr/m/n/10.95 (\OML/cmm/m/it/10.95 R=\U/euf/m/n/10.
95 p\OT1/cmr/m/n/10.95 ) [] \OML/cmm/m/it/10.95 E[]\OT1/cmr/m/n/10.95 (\OML/cmm
/m/it/10.95 R[]=\U/euf/m/n/10.95 p\OML/cmm/m/it/10.95 R[]\OT1/cmr/m/n/10.95 ) [
] \OML/cmm/m/it/10.95 E[]\OT1/cmr/m/n/10.95 ([]\OML/cmm/m/it/10.95 =\U/euf/m/n/
10.95 p[]\OT1/cmr/m/n/10.95 ) [] []
 []

<xymatrix 4x1 120> <xymatrix 2x1 44> <xymatrix 2x1 44>
Overfull \hbox (13.71262pt too wide) in paragraph at lines 1912--1914
\OT1/cmr/m/n/10.95 The ide-als $[]([])$ form an as-cend-ing chain of ide-als, a
nd thus sta-bi-lize. Thus $[]$
 []

<xymatrix 4x1 120> <xymatrix 4x1 120> <xymatrix 4x2 360> [39] <xymatrix 4x1
120> <xymatrix 4x2 360> [40]
Chapter 3.
<xymatrix 4x1 120> <xymatrix 4x1 120> [41

] <xymatrix 4x1 120> <xymatrix 4x1
120> <xymatrix 5x1 198> <xymatrix 2x1 54> <xymatrix 4x2 298> <xymatrix 2x2
191> [42] <xymatrix 2x1 54> <xymatrix 2x1 54> <xymatrix 5x1 158> <xymatrix 4x4
662> <xymatrix 10x7 962> <xymatrix

LaTeX Font Warning: Command \tiny invalid in math mode on input line 2088.

4x2

LaTeX Font Warning: Command \tiny invalid in math mode on input line 2088.


LaTeX Font Warning: Command \tiny invalid in math mode on input line 2088.

132> <xymatrix 2x1 44> <xymatrix 2x2 120> [43] <xymatrix 27x9 1280>
Overfull \hbox (50.81139pt too wide) detected at line 2112
[]
 []

<xymatrix 5x1 158> <xymatrix 6x1 196> <xymatrix 2x1 54> <xymatrix 5x2 276>
[44] <xymatrix 2x2 182> <xymatrix 5x1 158> <xymatrix 3x1 82> <xymatrix 3x1 82>
[45] <xymatrix 4x2 320> <xymatrix 2x2 182> [46]

Package hyperref Warning: Composite letter `\textasciicaron+C'
(hyperref)                not defined in PD1 encoding,
(hyperref)                removing `\textasciicaron' on input line 2233.


Overfull \hbox (13.98778pt too wide) has occurred while \output is active
\OT1/cmr/m/sl/10.95 3.2.  WORKSHEET ON COMPUTING LOCAL COHOMOLOGY USING THE []C
ECH COMPLEX \OT1/cmr/m/n/10.95 47
 []

[47] Excluding 'comment' comment. [48]
Overfull \hbox (21.96445pt too wide) in paragraph at lines 2420--2421
[]\OT1/cmr/m/n/10.95 The noted iso-mor-phism fol-lows from the []Cech co-ho-mol
-ogy iso-mor-phism $[]([]; []) [] []([]; \OML/cmm/m/it/10.95 N\OT1/cmr/m/n/10.9
5 )$. 
 []


Overfull \hbox (4.36081pt too wide) in paragraph at lines 2455--2456
[][]\OT1/cmr/bx/n/10.95 Remark 3.12. []\OT1/cmr/m/n/10.95 Both #1 and #2 of the
 pre-vi-ous propo-si-tion fail for the mod-ule $[][] []$
 []

[49] [50] [51]

Package hyperref Warning: Token not allowed in a PDF string (PDFDocEncoding):
(hyperref)                removing `math shift' on input line 2575.


Package hyperref Warning: Token not allowed in a PDF string (PDFDocEncoding):
(hyperref)                removing `\times' on input line 2575.


Package hyperref Warning: Token not allowed in a PDF string (PDFDocEncoding):
(hyperref)                removing `math shift' on input line 2575.


Package hyperref Warning: Token not allowed in a PDF string (PDFDocEncoding):
(hyperref)                removing `math shift' on input line 2575.


Package hyperref Warning: Token not allowed in a PDF string (PDFDocEncoding):
(hyperref)                removing `\times' on input line 2575.


Package hyperref Warning: Token not allowed in a PDF string (PDFDocEncoding):
(hyperref)                removing `math shift' on input line 2575.


LaTeX Warning: Reference `theorem:cd-ara' on page 52 undefined on input line 25
77.

[52]
Overfull \hbox (9.17607pt too wide) in paragraph at lines 2614--2616
\OT1/cmr/m/n/10.95 as maps of $\OML/cmm/m/it/10.95 K\OT1/cmr/m/n/10.95 [^^A[]\O
ML/cmm/m/it/10.95 ; \OT1/cmr/m/n/10.95 ^^A[]\OML/cmm/m/it/10.95 ; \OT1/cmr/m/n/
10.95 ^^A[]]$-modules. Since $([])$ is a max-i-mal ideal in the poly-no-mial ri
ng $\OML/cmm/m/it/10.95 K\OT1/cmr/m/n/10.95 [^^A[]\OML/cmm/m/it/10.95 ; \OT1/cm
r/m/n/10.95 ^^A[]\OML/cmm/m/it/10.95 ; \OT1/cmr/m/n/10.95 ^^A[]]$,
 []

[53] [54

]
Chapter 4.
<xymatrix 6x1 206> [55] <xymatrix 7x1 234>
Overfull \hbox (32.54285pt too wide) in paragraph at lines 2677--2678
[][]\OT1/cmr/bx/n/10.95 Proposition 4.3. []\OT1/cmr/m/it/10.95 If $\OT1/cmr/m/n
/10.95 (\OML/cmm/m/it/10.95 R; \U/euf/m/n/10.95 m\OT1/cmr/m/n/10.95 )$ \OT1/cmr
/m/it/10.95 is Cohen-Macaulay, and $\OML/cmm/m/it/10.95 M$ \OT1/cmr/m/it/10.95 
is an $\OML/cmm/m/it/10.95 R$\OT1/cmr/m/it/10.95 -module, then $[][]\OT1/cmr/m/
n/10.95 (\OML/cmm/m/it/10.95 M\OT1/cmr/m/n/10.95 ) [] [][](\OML/cmm/m/it/10.95 
M; [][]\OT1/cmr/m/n/10.95 (\OML/cmm/m/it/10.95 R\OT1/cmr/m/n/10.95 ))$
 []

<xymatrix 9x3 298> [56] [57]

LaTeX Warning: Reference `Generalizing-local-duality' on page 58 undefined on i
nput line 2785.


Overfull \hbox (2.52965pt too wide) in paragraph at lines 2798--2799
[][]\OT1/cmr/bx/n/10.95 Definition 4.11. []\OT1/cmr/m/it/10.95 The \OT1/cmr/m/n
/10.95 in-jec-tive di-men-sion[] \OT1/cmr/m/it/10.95 of a finitely gen-er-ated 
$\OML/cmm/m/it/10.95 R$\OT1/cmr/m/it/10.95 -module $\OML/cmm/m/it/10.95 M$\OT1/
cmr/m/it/10.95 , de-noted $[][]\OT1/cmr/m/n/10.95 (\OML/cmm/m/it/10.95 M\OT1/cm
r/m/n/10.95 )$\OT1/cmr/m/it/10.95 ,[]
 []

[58]

LaTeX Warning: Reference `inj-dim-maxl' on page 59 undefined on input line 2834
.

[59] [60]
Overfull \hbox (20.65112pt too wide) detected at line 2929
[][]\OT1/cmr/m/n/10.95 (\OML/cmm/m/it/10.95 R\OT1/cmr/m/n/10.95 ) = []\OMS/cmsy
/m/n/10.95 f\OML/cmm/m/it/10.95 t \OMS/cmsy/m/n/10.95 j  [][]\OT1/cmr/m/n/10.95
 (\OML/cmm/m/it/10.95 k; R\OT1/cmr/m/n/10.95 ) \OMS/cmsy/m/n/10.95 6\OT1/cmr/m/
n/10.95 = 0\OMS/cmsy/m/n/10.95 g \OT1/cmr/m/n/10.95 = \OML/cmm/m/it/10.95 d \OT
1/cmr/m/n/10.95 + []\OMS/cmsy/m/n/10.95 f\OML/cmm/m/it/10.95 t \OMS/cmsy/m/n/10
.95 j  [][]\OT1/cmr/m/n/10.95 (\OML/cmm/m/it/10.95 k; R=[]R\OT1/cmr/m/n/10.95 )
 \OMS/cmsy/m/n/10.95 6\OT1/cmr/m/n/10.95 = 0\OMS/cmsy/m/n/10.95 g \OT1/cmr/m/n/
10.95 = \OML/cmm/m/it/10.95 d \OT1/cmr/m/n/10.95 + [][]([])\OML/cmm/m/it/10.95 
:
 []

[61] [62] [63] [64] <xymatrix 4x2 340>
Overfull \hbox (12.48091pt too wide) detected at line 3173
[][]\OT1/cmr/m/n/10.95 (\OML/cmm/m/it/10.95 M; E[]\OT1/cmr/m/n/10.95 (\OML/cmm/
m/it/10.95 k\OT1/cmr/m/n/10.95 )) [] [] \OMS/cmsy/m/n/10.95 
[] [][]\OT1/cmr/m/n/10.95 (\OML/cmm/m/it/10.95 M; E[]\OT1/cmr/m/n/10.95 (\OML/c
mm/m/it/10.95 k\OT1/cmr/m/n/10.95 )) [] [][]([] \OMS/cmsy/m/n/10.95 
[] \OML/cmm/m/it/10.95 M; [] \OMS/cmsy/m/n/10.95 
[] \OML/cmm/m/it/10.95 E[]\OT1/cmr/m/n/10.95 (\OML/cmm/m/it/10.95 k\OT1/cmr/m/n
/10.95 )) [] [][]([]\OML/cmm/m/it/10.95 ; E[]\OT1/cmr/m/n/10.95 (\OML/cmm/m/it/
10.95 k\OT1/cmr/m/n/10.95 ))\OML/cmm/m/it/10.95 :
 []

[65] [66] [67] [68] [69] [70] [71]
Overfull \hbox (38.8433pt too wide) detected at line 3438
[]
 []


Overfull \hbox (15.59338pt too wide) in paragraph at lines 3442--3443
[]\OT1/cmr/m/n/10.95 Given a min-i-mal free res-o-lu-tion $\OML/cmm/m/it/10.95 
P[] \OMS/cmsy/m/n/10.95 ! \OML/cmm/m/it/10.95 M$\OT1/cmr/m/n/10.95 , con-sider 
$\OML/cmm/m/it/10.95 F[] \OT1/cmr/m/n/10.95 = [][](\OML/cmm/m/it/10.95 P[]; R\O
T1/cmr/m/n/10.95 )$. The mod-ule $[][](\OML/cmm/m/it/10.95 R\OT1/cmr/m/n/10.95 
(\OML/cmm/m/it/10.95 d\OT1/cmr/m/n/10.95 )\OML/cmm/m/it/10.95 ; R\OT1/cmr/m/n/1
0.95 )$
 []

[72] <xymatrix 2x2 218> [73] [74]
Overfull \hbox (6.32318pt too wide) detected at line 3538
\OT1/cmr/m/n/10.95 0 \OMS/cmsy/m/n/10.95 ! [][]\OT1/cmr/m/n/10.95 (\OML/cmm/m/i
t/10.95 X; \OMS/cmsy/m/n/10.95 F\OT1/cmr/m/n/10.95 ) \OMS/cmsy/m/n/10.95 ! [][]
\OT1/cmr/m/n/10.95 (\OML/cmm/m/it/10.95 X; \OMS/cmsy/m/n/10.95 F\OT1/cmr/m/n/10
.95 ) \OMS/cmsy/m/n/10.95 ! [][]\OT1/cmr/m/n/10.95 (\OML/cmm/m/it/10.95 U; \OMS
/cmsy/m/n/10.95 F\OT1/cmr/m/n/10.95 ) \OMS/cmsy/m/n/10.95 ! [][]\OT1/cmr/m/n/10
.95 (\OML/cmm/m/it/10.95 X; \OMS/cmsy/m/n/10.95 F\OT1/cmr/m/n/10.95 ) \OMS/cmsy
/m/n/10.95 ! [][]\OT1/cmr/m/n/10.95 (\OML/cmm/m/it/10.95 X; \OMS/cmsy/m/n/10.95
 F\OT1/cmr/m/n/10.95 ) \OMS/cmsy/m/n/10.95 ! [][]\OT1/cmr/m/n/10.95 (\OML/cmm/m
/it/10.95 U; \OMS/cmsy/m/n/10.95 F\OT1/cmr/m/n/10.95 ) \OMS/cmsy/m/n/10.95 ! []
[]\OT1/cmr/m/n/10.95 (\OML/cmm/m/it/10.95 X; \OMS/cmsy/m/n/10.95 F\OT1/cmr/m/n/
10.95 ) \OMS/cmsy/m/n/10.95 ! []  \OML/cmm/m/it/10.95 :
 []

[75] [76] [77] [78]
Chapter 5.

Overfull \hbox (42.58644pt too wide) detected at line 3662
\OT1/cmr/m/n/10.95 0 \OMS/cmsy/m/n/10.95 ! [][]\OT1/cmr/m/n/10.95 (\OML/cmm/m/i
t/10.95 M\OT1/cmr/m/n/10.95 ) \OMS/cmsy/m/n/10.95 ! [][]\OT1/cmr/m/n/10.95 (\OM
L/cmm/m/it/10.95 M\OT1/cmr/m/n/10.95 ) \OMS/cmsy/m/n/10.95 ^^H [][]\OT1/cmr/m/n
/10.95 (\OML/cmm/m/it/10.95 M\OT1/cmr/m/n/10.95 ) \OMS/cmsy/m/n/10.95 ! [][]\OT
1/cmr/m/n/10.95 (\OML/cmm/m/it/10.95 M\OT1/cmr/m/n/10.95 ) \OMS/cmsy/m/n/10.95 
! [][]\OT1/cmr/m/n/10.95 (\OML/cmm/m/it/10.95 M\OT1/cmr/m/n/10.95 ) \OMS/cmsy/m
/n/10.95 ! [][]\OT1/cmr/m/n/10.95 (\OML/cmm/m/it/10.95 M\OT1/cmr/m/n/10.95 ) \O
MS/cmsy/m/n/10.95 ^^H [][]\OT1/cmr/m/n/10.95 (\OML/cmm/m/it/10.95 M\OT1/cmr/m/n
/10.95 ) \OMS/cmsy/m/n/10.95 ! [][]\OT1/cmr/m/n/10.95 (\OML/cmm/m/it/10.95 M\OT
1/cmr/m/n/10.95 ) \OMS/cmsy/m/n/10.95 ! []
 []

[79

] [80] [81] [82]
Overfull \hbox (10.7189pt too wide) in paragraph at lines 3869--3871
\OT1/cmr/m/n/10.95 where $\U/euf/m/n/10.95 q[]$ \OT1/cmr/m/n/10.95 is the copy 
of $\U/euf/m/n/10.95 q$ \OT1/cmr/m/n/10.95 with the $\OML/cmm/m/it/10.95 x$\OT1
/cmr/m/n/10.95 -variables re-placed with $\OML/cmm/m/it/10.95 y$\OT1/cmr/m/n/10
.95 -variables, and $^^A = []$. 
 []

[83] [84

]
Chapter 6.
<xymatrix 2x2 202> [85] [86] [87] [88] [89] <xymatrix 6x4 914> [90]

Package hyperref Warning: Token not allowed in a PDF string (PDFDocEncoding):
(hyperref)                removing `math shift' on input line 4143.


Package hyperref Warning: Token not allowed in a PDF string (PDFDocEncoding):
(hyperref)                removing `math shift' on input line 4143.

[91]

LaTeX Warning: Reference `freebasispolypowerseries' on page 92 undefined on inp
ut line 4151.

[92] [93] <xymatrix 4x2 238> [94] [95] [96]
Chapter 7.
[97

] [98] [99] [100] [101] [102] [103] [104] Excluding 'comment' comment.
[105] [106

]
runsystem(makeindex LCnotes.idx)...executed safely (allowed).

 (./LCnotes.ind [107

] [108]) [109]
Package atveryend Info: Empty hook `BeforeClearDocument' on input line 4719.
Package atveryend Info: Empty hook `AfterLastShipout' on input line 4719.
 (./LCnotes.aux)
Package atveryend Info: Executing hook `AtVeryEndDocument' on input line 4719.
Package atveryend Info: Executing hook `AtEndAfterFileList' on input line 4719.



Package rerunfilecheck Warning: File `LCnotes.out' has changed.
(rerunfilecheck)                Rerun to get outlines right
(rerunfilecheck)                or use package `bookmark'.

Package rerunfilecheck Info: Checksums for `LCnotes.out':
(rerunfilecheck)             Before: <no file>
(rerunfilecheck)             After:  8BDC33963FF7FD2A5C35553B4CE9C816;3375.

LaTeX Warning: There were undefined references.


LaTeX Warning: Label(s) may have changed. Rerun to get cross-references right.

Package atveryend Info: Empty hook `AtVeryVeryEnd' on input line 4719.
 ) 
Here is how much of TeX's memory you used:
 22542 strings out of 480608
 390568 string characters out of 5903631
 754392 words of memory out of 5000000
 37206 multiletter control sequences out of 15000+600000
 557997 words of font info for 137 fonts, out of 8000000 for 9000
 1141 hyphenation exceptions out of 8191
 60i,26n,60p,3240b,654s stack positions out of 5000i,500n,10000p,200000b,80000s
{/usr/local/texlive/2020/texmf-dist/fonts/enc/dvips/cm-super/cm-super-ts1.enc
}</usr/local/texlive/2020/texmf-dist/fonts/type1/public/amsfonts/cm/cmbx10.pfb>
</usr/local/texlive/2020/texmf-dist/fonts/type1/public/amsfonts/cm/cmbx12.pfb><
/usr/local/texlive/2020/texmf-dist/fonts/type1/public/amsfonts/cm/cmbxti10.pfb>
</usr/local/texlive/2020/texmf-dist/fonts/type1/public/amsfonts/cm/cmcsc10.pfb>
</usr/local/texlive/2020/texmf-dist/fonts/type1/public/amsfonts/cm/cmex10.pfb><
/usr/local/texlive/2020/texmf-dist/fonts/type1/public/amsfonts/cmextra/cmex8.pf
b></usr/local/texlive/2020/texmf-dist/fonts/type1/public/amsfonts/cm/cmmi10.pfb
></usr/local/texlive/2020/texmf-dist/fonts/type1/public/amsfonts/cm/cmmi12.pfb>
</usr/local/texlive/2020/texmf-dist/fonts/type1/public/amsfonts/cm/cmmi5.pfb></
usr/local/texlive/2020/texmf-dist/fonts/type1/public/amsfonts/cm/cmmi6.pfb></us
r/local/texlive/2020/texmf-dist/fonts/type1/public/amsfonts/cm/cmmi7.pfb></usr/
local/texlive/2020/texmf-dist/fonts/type1/public/amsfonts/cm/cmmi8.pfb></usr/lo
cal/texlive/2020/texmf-dist/fonts/type1/public/amsfonts/cm/cmmi9.pfb></usr/loca
l/texlive/2020/texmf-dist/fonts/type1/public/amsfonts/cm/cmr10.pfb></usr/local/
texlive/2020/texmf-dist/fonts/type1/public/amsfonts/cm/cmr12.pfb></usr/local/te
xlive/2020/texmf-dist/fonts/type1/public/amsfonts/cm/cmr5.pfb></usr/local/texli
ve/2020/texmf-dist/fonts/type1/public/amsfonts/cm/cmr6.pfb></usr/local/texlive/
2020/texmf-dist/fonts/type1/public/amsfonts/cm/cmr7.pfb></usr/local/texlive/202
0/texmf-dist/fonts/type1/public/amsfonts/cm/cmr8.pfb></usr/local/texlive/2020/t
exmf-dist/fonts/type1/public/amsfonts/cm/cmr9.pfb></usr/local/texlive/2020/texm
f-dist/fonts/type1/public/amsfonts/cm/cmsl10.pfb></usr/local/texlive/2020/texmf
-dist/fonts/type1/public/amsfonts/cm/cmsy10.pfb></usr/local/texlive/2020/texmf-
dist/fonts/type1/public/amsfonts/cm/cmsy6.pfb></usr/local/texlive/2020/texmf-di
st/fonts/type1/public/amsfonts/cm/cmsy7.pfb></usr/local/texlive/2020/texmf-dist
/fonts/type1/public/amsfonts/cm/cmsy8.pfb></usr/local/texlive/2020/texmf-dist/f
onts/type1/public/amsfonts/cm/cmsy9.pfb></usr/local/texlive/2020/texmf-dist/fon
ts/type1/public/amsfonts/cm/cmti10.pfb></usr/local/texlive/2020/texmf-dist/font
s/type1/public/amsfonts/cm/cmti7.pfb></usr/local/texlive/2020/texmf-dist/fonts/
type1/public/amsfonts/cm/cmti8.pfb></usr/local/texlive/2020/texmf-dist/fonts/ty
pe1/public/amsfonts/cm/cmti9.pfb></usr/local/texlive/2020/texmf-dist/fonts/type
1/public/amsfonts/euler/eufm10.pfb></usr/local/texlive/2020/texmf-dist/fonts/ty
pe1/public/amsfonts/euler/eufm7.pfb></usr/local/texlive/2020/texmf-dist/fonts/t
ype1/public/amsfonts/latxfont/lasy10.pfb></usr/local/texlive/2020/texmf-dist/fo
nts/type1/public/amsfonts/symbols/msam10.pfb></usr/local/texlive/2020/texmf-dis
t/fonts/type1/public/amsfonts/symbols/msbm10.pfb></usr/local/texlive/2020/texmf
-dist/fonts/type1/public/cm-super/sfrm1095.pfb></usr/local/texlive/2020/texmf-d
ist/fonts/type1/public/stmaryrd/stmary10.pfb></usr/local/texlive/2020/texmf-dis
t/fonts/type1/public/stmaryrd/stmary6.pfb></usr/local/texlive/2020/texmf-dist/f
onts/type1/public/stmaryrd/stmary8.pfb></usr/local/texlive/2020/texmf-dist/font
s/type1/public/xypic/xyatip10.pfb></usr/local/texlive/2020/texmf-dist/fonts/typ
e1/public/xypic/xybsql10.pfb></usr/local/texlive/2020/texmf-dist/fonts/type1/pu
blic/xypic/xybtip10.pfb></usr/local/texlive/2020/texmf-dist/fonts/type1/public/
xypic/xydash10.pfb>
Output written on LCnotes.pdf (109 pages, 895651 bytes).
PDF statistics:
 1641 PDF objects out of 1728 (max. 8388607)
 1472 compressed objects within 15 object streams
 722 named destinations out of 1000 (max. 500000)
 13 words of extra memory for PDF output out of 10000 (max. 10000000)

