\BOOKMARK [0][-]{chapter.0}{Introduction}{}% 1
\BOOKMARK [1][-]{section.0.1}{What am I?}{chapter.0}% 2
\BOOKMARK [1][-]{section.0.2}{Where are we going?}{chapter.0}% 3
\BOOKMARK [0][-]{chapter.1}{Preliminaries}{}% 4
\BOOKMARK [1][-]{section.1.1}{Ext, Tor, and derived functors}{chapter.1}% 5
\BOOKMARK [1][-]{section.1.2}{A first look at free resolutions}{chapter.1}% 6
\BOOKMARK [1][-]{section.1.3}{Depth and Ext}{chapter.1}% 7
\BOOKMARK [1][-]{section.1.4}{The Koszul complex and depth}{chapter.1}% 8
\BOOKMARK [1][-]{section.1.5}{Worksheet on Cohen-Macaulay rings, and a bit more Koszul homology}{chapter.1}% 9
\BOOKMARK [1][-]{section.1.6}{Auslander, Buchsbaum, and Serre}{chapter.1}% 10
\BOOKMARK [1][-]{section.1.7}{Structure theorem of complete local rings}{chapter.1}% 11
\BOOKMARK [0][-]{chapter.2}{Injective modules}{}% 12
\BOOKMARK [1][-]{section.2.1}{Injective modules and essential extensions}{chapter.2}% 13
\BOOKMARK [1][-]{section.2.2}{Injective modules over noetherian rings}{chapter.2}% 14
\BOOKMARK [1][-]{section.2.3}{Worksheet on Matlis duality and ER\(k\) for rings with coefficient fields}{chapter.2}% 15
\BOOKMARK [1][-]{section.2.4}{Matlis Duality}{chapter.2}% 16
\BOOKMARK [1][-]{section.2.5}{A quick note on graded rings and modules}{chapter.2}% 17
\BOOKMARK [0][-]{chapter.3}{Local cohomology}{}% 18
\BOOKMARK [1][-]{section.3.1}{Definitions of local cohomology}{chapter.3}% 19
\BOOKMARK [1][-]{section.3.2}{Worksheet on Computing local cohomology using the Cech complex}{chapter.3}% 20
\BOOKMARK [1][-]{section.3.3}{Basic properties}{chapter.3}% 21
\BOOKMARK [1][-]{section.3.4}{Basic vanishing theorems}{chapter.3}% 22
\BOOKMARK [1][-]{section.3.5}{The 22 minors of a 23 matrix in characteristic zero}{chapter.3}% 23
\BOOKMARK [0][-]{chapter.4}{Local duality, Gorenstein rings, and canonical modules}{}% 24
\BOOKMARK [1][-]{section.4.1}{Local duality for regular rings}{chapter.4}% 25
\BOOKMARK [1][-]{section.4.2}{Gorenstein rings}{chapter.4}% 26
\BOOKMARK [1][-]{section.4.3}{Worksheet on Gorenstein rings}{chapter.4}% 27
\BOOKMARK [1][-]{section.4.4}{Canonical modules}{chapter.4}% 28
\BOOKMARK [1][-]{section.4.5}{Graded local duality and regularity}{chapter.4}% 29
\BOOKMARK [1][-]{section.4.6}{Advertisement for/translation to algebraic geometry}{chapter.4}% 30
\BOOKMARK [0][-]{chapter.5}{Mayer-Vietoris and connectedness results}{}% 31
\BOOKMARK [1][-]{section.5.1}{Worksheet on Mayer-Vietoris sequence}{chapter.5}% 32
\BOOKMARK [1][-]{section.5.2}{The Hartshorne-Lichtenbaum vanishing theorem}{chapter.5}% 33
\BOOKMARK [1][-]{section.5.3}{Connectivity results}{chapter.5}% 34
\BOOKMARK [0][-]{chapter.6}{Local cohomology in positive characteristic}{}% 35
\BOOKMARK [1][-]{section.6.1}{Kunz' theorem and the Peskine-Szpiro functors}{chapter.6}% 36
\BOOKMARK [1][-]{section.6.2}{Peskine-Szpiro vanishing}{chapter.6}% 37
\BOOKMARK [1][-]{section.6.3}{Finiteness results}{chapter.6}% 38
\BOOKMARK [1][-]{section.6.4}{Strong F-regularity}{chapter.6}% 39
\BOOKMARK [1][-]{section.6.5}{Magic squares}{chapter.6}% 40
\BOOKMARK [0][-]{chapter.7}{Local cohomology and differential operators}{}% 41
\BOOKMARK [1][-]{section.7.1}{Differential operators}{chapter.7}% 42
\BOOKMARK [1][-]{section.7.2}{Filtrations and Bernstein's inequality}{chapter.7}% 43
\BOOKMARK [1][-]{section.7.3}{Holonomicity and Lyubeznik's finiteness theorem}{chapter.7}% 44
